{"contracts/Constants.sol":{"l":{},"path":"/Users/sg/Documents/workspace/svylabs/stablebase/contracts/Constants.sol","s":{},"b":{},"f":{},"fnMap":{},"statementMap":{},"branchMap":{}},"contracts/dependencies/price-oracle/ChainlinkPriceOracle.sol":{"l":{"15":0,"23":0,"31":0,"32":0},"path":"/Users/sg/Documents/workspace/svylabs/stablebase/contracts/dependencies/price-oracle/ChainlinkPriceOracle.sol","s":{"1":0,"2":0,"3":0},"b":{"1":[0,0]},"f":{"1":0,"2":0},"fnMap":{"1":{"name":"constructor","line":14,"loc":{"start":{"line":14,"column":4},"end":{"line":16,"column":4}}},"2":{"name":"getPrice","line":22,"loc":{"start":{"line":22,"column":4},"end":{"line":33,"column":4}}}},"statementMap":{"1":{"start":{"line":23,"column":8},"end":{"line":23,"column":795}},"2":{"start":{"line":31,"column":8},"end":{"line":31,"column":42}},"3":{"start":{"line":32,"column":8},"end":{"line":32,"column":29}}},"branchMap":{"1":{"line":31,"type":"if","locations":[{"start":{"line":31,"column":8},"end":{"line":31,"column":8}},{"start":{"line":31,"column":8},"end":{"line":31,"column":8}}]}}},"contracts/dependencies/price-oracle/MockPriceOracle.sol":{"l":{"11":20,"15":50},"path":"/Users/sg/Documents/workspace/svylabs/stablebase/contracts/dependencies/price-oracle/MockPriceOracle.sol","s":{"1":50},"b":{},"f":{"1":20,"2":20,"3":50},"fnMap":{"1":{"name":"constructor","line":8,"loc":{"start":{"line":8,"column":4},"end":{"line":8,"column":19}}},"2":{"name":"setPrice","line":10,"loc":{"start":{"line":10,"column":4},"end":{"line":12,"column":4}}},"3":{"name":"getPrice","line":14,"loc":{"start":{"line":14,"column":4},"end":{"line":16,"column":4}}}},"statementMap":{"1":{"start":{"line":15,"column":8},"end":{"line":15,"column":20}}},"branchMap":{}},"contracts/interfaces/IDoublyLinkedList.sol":{"l":{},"path":"/Users/sg/Documents/workspace/svylabs/stablebase/contracts/interfaces/IDoublyLinkedList.sol","s":{},"b":{},"f":{},"fnMap":{},"statementMap":{},"branchMap":{}},"contracts/interfaces/IPriceOracle.sol":{"l":{},"path":"/Users/sg/Documents/workspace/svylabs/stablebase/contracts/interfaces/IPriceOracle.sol","s":{},"b":{},"f":{},"fnMap":{},"statementMap":{},"branchMap":{}},"contracts/interfaces/IRateGovernors.sol":{"l":{},"path":"/Users/sg/Documents/workspace/svylabs/stablebase/contracts/interfaces/IRateGovernors.sol","s":{},"b":{},"f":{},"fnMap":{},"statementMap":{},"branchMap":{}},"contracts/interfaces/IReservePool.sol":{"l":{},"path":"/Users/sg/Documents/workspace/svylabs/stablebase/contracts/interfaces/IReservePool.sol","s":{},"b":{},"f":{},"fnMap":{},"statementMap":{},"branchMap":{}},"contracts/interfaces/ISBRStaking.sol":{"l":{},"path":"/Users/sg/Documents/workspace/svylabs/stablebase/contracts/interfaces/ISBRStaking.sol","s":{},"b":{},"f":{},"fnMap":{},"statementMap":{},"branchMap":{}},"contracts/interfaces/IStabilityPool.sol":{"l":{},"path":"/Users/sg/Documents/workspace/svylabs/stablebase/contracts/interfaces/IStabilityPool.sol","s":{},"b":{},"f":{},"fnMap":{},"statementMap":{},"branchMap":{}},"contracts/interfaces/IStableBase.sol":{"l":{},"path":"/Users/sg/Documents/workspace/svylabs/stablebase/contracts/interfaces/IStableBase.sol","s":{},"b":{},"f":{},"fnMap":{},"statementMap":{},"branchMap":{}},"contracts/interfaces/IStableBaseCDP.sol":{"l":{},"path":"/Users/sg/Documents/workspace/svylabs/stablebase/contracts/interfaces/IStableBaseCDP.sol","s":{},"b":{},"f":{},"fnMap":{},"statementMap":{},"branchMap":{}},"contracts/library/Math.sol":{"l":{"17":1,"18":0,"20":1,"28":5,"29":5,"30":5,"38":1,"39":1,"40":1,"44":0,"51":0,"52":0,"57":0,"64":0},"path":"/Users/sg/Documents/workspace/svylabs/stablebase/contracts/library/Math.sol","s":{"1":1,"2":0,"3":1,"4":5,"5":1,"6":0,"7":0,"8":0,"9":0,"10":0},"b":{"1":[0,1],"2":[0,0],"3":[0,0],"4":[0,0]},"f":{"1":1,"2":5,"3":1,"4":0,"5":0,"6":0},"fnMap":{"1":{"name":"calculateRate","line":16,"loc":{"start":{"line":16,"column":4},"end":{"line":21,"column":4}}},"2":{"name":"add","line":23,"loc":{"start":{"line":23,"column":4},"end":{"line":31,"column":4}}},"3":{"name":"subtract","line":33,"loc":{"start":{"line":33,"column":4},"end":{"line":41,"column":4}}},"4":{"name":"isZero","line":43,"loc":{"start":{"line":43,"column":4},"end":{"line":45,"column":4}}},"5":{"name":"getShieldingHours","line":47,"loc":{"start":{"line":47,"column":4},"end":{"line":61,"column":4}}},"6":{"name":"toSeconds","line":63,"loc":{"start":{"line":63,"column":4},"end":{"line":65,"column":4}}}},"statementMap":{"1":{"start":{"line":17,"column":8},"end":{"line":17,"column":425}},"2":{"start":{"line":18,"column":12},"end":{"line":18,"column":20}},"3":{"start":{"line":20,"column":8},"end":{"line":20,"column":70}},"4":{"start":{"line":30,"column":8},"end":{"line":30,"column":19}},"5":{"start":{"line":40,"column":8},"end":{"line":40,"column":19}},"6":{"start":{"line":44,"column":8},"end":{"line":44,"column":61}},"7":{"start":{"line":51,"column":8},"end":{"line":51,"column":1336}},"8":{"start":{"line":52,"column":12},"end":{"line":52,"column":20}},"9":{"start":{"line":57,"column":8},"end":{"line":57,"column":1735}},"10":{"start":{"line":64,"column":8},"end":{"line":64,"column":28}}},"branchMap":{"1":{"line":17,"type":"if","locations":[{"start":{"line":17,"column":8},"end":{"line":17,"column":8}},{"start":{"line":17,"column":8},"end":{"line":17,"column":8}}]},"2":{"line":44,"type":"cond-expr","locations":[{"start":{"line":44,"column":15},"end":{"line":44,"column":35}},{"start":{"line":44,"column":40},"end":{"line":44,"column":60}}]},"3":{"line":51,"type":"if","locations":[{"start":{"line":51,"column":8},"end":{"line":51,"column":8}},{"start":{"line":51,"column":8},"end":{"line":51,"column":8}}]},"4":{"line":51,"type":"cond-expr","locations":[{"start":{"line":51,"column":12},"end":{"line":51,"column":41}},{"start":{"line":51,"column":46},"end":{"line":51,"column":75}}]}}},"contracts/library/OrderedDoublyLinkedList.sol":{"l":{"14":47,"15":47,"19":41,"27":120,"28":120,"29":42,"30":42,"32":78,"33":78,"34":65,"37":78,"42":16,"49":78,"52":29,"59":78,"62":12,"67":78,"68":51,"69":35,"70":35,"71":35,"73":16,"74":16,"75":16,"76":16,"77":6,"79":10,"84":24,"85":24,"86":24,"87":24,"89":0,"90":0,"91":0,"92":0,"93":0,"95":0,"100":3,"101":3,"102":3,"103":3,"106":120,"110":109,"111":109,"115":24,"116":24,"117":9,"119":15,"121":24,"122":13,"124":11,"126":24,"127":24,"131":11,"132":11,"133":11,"134":11,"135":11,"143":120,"146":109,"148":11,"155":15,"159":2,"161":13,"165":27,"169":255,"173":218,"177":632},"path":"/Users/sg/Documents/workspace/svylabs/stablebase/contracts/library/OrderedDoublyLinkedList.sol","s":{"1":41,"2":120,"3":120,"4":78,"5":78,"6":78,"7":78,"8":78,"9":78,"10":51,"11":16,"12":27,"13":24,"14":0,"15":109,"16":109,"17":24,"18":24,"19":24,"20":24,"21":11,"22":11,"23":120,"24":109,"25":11,"26":15,"27":2,"28":13,"29":27,"30":255,"31":218,"32":632},"b":{"1":[41,0],"2":[42,78],"3":[65,13],"4":[16,62],"5":[51,27],"6":[35,16],"7":[6,10],"8":[24,3],"9":[24,0],"10":[0,0],"11":[9,15],"12":[13,11],"13":[120,2],"14":[109,11],"15":[15,0],"16":[2,13]},"f":{"1":47,"2":41,"3":120,"4":109,"5":24,"6":11,"7":120,"8":15,"9":27,"10":255,"11":218,"12":632},"fnMap":{"1":{"name":"constructor","line":13,"loc":{"start":{"line":13,"column":4},"end":{"line":16,"column":4}}},"2":{"name":"setAddresses","line":18,"loc":{"start":{"line":18,"column":4},"end":{"line":20,"column":4}}},"3":{"name":"_insert","line":22,"loc":{"start":{"line":22,"column":4},"end":{"line":107,"column":4}}},"4":{"name":"_insert","line":109,"loc":{"start":{"line":109,"column":4},"end":{"line":112,"column":4}}},"5":{"name":"_remove","line":114,"loc":{"start":{"line":114,"column":4},"end":{"line":128,"column":4}}},"6":{"name":"_update","line":130,"loc":{"start":{"line":130,"column":4},"end":{"line":136,"column":4}}},"7":{"name":"upsert","line":142,"loc":{"start":{"line":138,"column":4},"end":{"line":150,"column":4}}},"8":{"name":"remove","line":154,"loc":{"start":{"line":152,"column":4},"end":{"line":162,"column":4}}},"9":{"name":"get","line":164,"loc":{"start":{"line":164,"column":4},"end":{"line":166,"column":4}}},"10":{"name":"getHead","line":168,"loc":{"start":{"line":168,"column":4},"end":{"line":170,"column":4}}},"11":{"name":"getTail","line":172,"loc":{"start":{"line":172,"column":4},"end":{"line":174,"column":4}}},"12":{"name":"getNode","line":176,"loc":{"start":{"line":176,"column":4},"end":{"line":178,"column":4}}}},"statementMap":{"1":{"start":{"line":19,"column":8},"end":{"line":19,"column":40}},"2":{"start":{"line":27,"column":8},"end":{"line":27,"column":28}},"3":{"start":{"line":28,"column":8},"end":{"line":28,"column":683}},"4":{"start":{"line":32,"column":12},"end":{"line":32,"column":32}},"5":{"start":{"line":33,"column":12},"end":{"line":33,"column":814}},"6":{"start":{"line":37,"column":12},"end":{"line":37,"column":904}},"7":{"start":{"line":49,"column":12},"end":{"line":49,"column":1340}},"8":{"start":{"line":59,"column":12},"end":{"line":59,"column":1741}},"9":{"start":{"line":67,"column":12},"end":{"line":67,"column":2031}},"10":{"start":{"line":68,"column":16},"end":{"line":68,"column":2080}},"11":{"start":{"line":76,"column":20},"end":{"line":76,"column":2459}},"12":{"start":{"line":82,"column":19},"end":{"line":82,"column":2648}},"13":{"start":{"line":84,"column":16},"end":{"line":84,"column":2761}},"14":{"start":{"line":92,"column":20},"end":{"line":92,"column":3139}},"15":{"start":{"line":110,"column":8},"end":{"line":110,"column":44}},"16":{"start":{"line":111,"column":8},"end":{"line":111,"column":38}},"17":{"start":{"line":115,"column":8},"end":{"line":115,"column":36}},"18":{"start":{"line":116,"column":8},"end":{"line":116,"column":3914}},"19":{"start":{"line":121,"column":8},"end":{"line":121,"column":4048}},"20":{"start":{"line":127,"column":8},"end":{"line":127,"column":19}},"21":{"start":{"line":131,"column":8},"end":{"line":131,"column":38}},"22":{"start":{"line":135,"column":8},"end":{"line":135,"column":38}},"23":{"start":{"line":143,"column":8},"end":{"line":143,"column":4608}},"24":{"start":{"line":146,"column":12},"end":{"line":146,"column":43}},"25":{"start":{"line":148,"column":12},"end":{"line":148,"column":43}},"26":{"start":{"line":155,"column":8},"end":{"line":155,"column":4936}},"27":{"start":{"line":159,"column":12},"end":{"line":159,"column":32}},"28":{"start":{"line":161,"column":8},"end":{"line":161,"column":26}},"29":{"start":{"line":165,"column":8},"end":{"line":165,"column":24}},"30":{"start":{"line":169,"column":8},"end":{"line":169,"column":19}},"31":{"start":{"line":173,"column":8},"end":{"line":173,"column":19}},"32":{"start":{"line":177,"column":8},"end":{"line":177,"column":24}}},"branchMap":{"1":{"line":18,"type":"if","locations":[{"start":{"line":18,"column":59},"end":{"line":18,"column":59}},{"start":{"line":18,"column":59},"end":{"line":18,"column":59}}]},"2":{"line":28,"type":"if","locations":[{"start":{"line":28,"column":8},"end":{"line":28,"column":8}},{"start":{"line":28,"column":8},"end":{"line":28,"column":8}}]},"3":{"line":33,"type":"if","locations":[{"start":{"line":33,"column":12},"end":{"line":33,"column":12}},{"start":{"line":33,"column":12},"end":{"line":33,"column":12}}]},"4":{"line":37,"type":"if","locations":[{"start":{"line":37,"column":12},"end":{"line":37,"column":12}},{"start":{"line":37,"column":12},"end":{"line":37,"column":12}}]},"5":{"line":67,"type":"if","locations":[{"start":{"line":67,"column":12},"end":{"line":67,"column":12}},{"start":{"line":67,"column":12},"end":{"line":67,"column":12}}]},"6":{"line":68,"type":"if","locations":[{"start":{"line":68,"column":16},"end":{"line":68,"column":16}},{"start":{"line":68,"column":16},"end":{"line":68,"column":16}}]},"7":{"line":76,"type":"if","locations":[{"start":{"line":76,"column":20},"end":{"line":76,"column":20}},{"start":{"line":76,"column":20},"end":{"line":76,"column":20}}]},"8":{"line":82,"type":"if","locations":[{"start":{"line":82,"column":19},"end":{"line":82,"column":19}},{"start":{"line":82,"column":19},"end":{"line":82,"column":19}}]},"9":{"line":84,"type":"if","locations":[{"start":{"line":84,"column":16},"end":{"line":84,"column":16}},{"start":{"line":84,"column":16},"end":{"line":84,"column":16}}]},"10":{"line":92,"type":"if","locations":[{"start":{"line":92,"column":20},"end":{"line":92,"column":20}},{"start":{"line":92,"column":20},"end":{"line":92,"column":20}}]},"11":{"line":116,"type":"if","locations":[{"start":{"line":116,"column":8},"end":{"line":116,"column":8}},{"start":{"line":116,"column":8},"end":{"line":116,"column":8}}]},"12":{"line":121,"type":"if","locations":[{"start":{"line":121,"column":8},"end":{"line":121,"column":8}},{"start":{"line":121,"column":8},"end":{"line":121,"column":8}}]},"13":{"line":142,"type":"if","locations":[{"start":{"line":142,"column":24},"end":{"line":142,"column":24}},{"start":{"line":142,"column":24},"end":{"line":142,"column":24}}]},"14":{"line":143,"type":"if","locations":[{"start":{"line":143,"column":8},"end":{"line":143,"column":8}},{"start":{"line":143,"column":8},"end":{"line":143,"column":8}}]},"15":{"line":154,"type":"if","locations":[{"start":{"line":154,"column":24},"end":{"line":154,"column":24}},{"start":{"line":154,"column":24},"end":{"line":154,"column":24}}]},"16":{"line":155,"type":"if","locations":[{"start":{"line":155,"column":8},"end":{"line":155,"column":8}},{"start":{"line":155,"column":8},"end":{"line":155,"column":8}}]}}},"contracts/library/Rate.sol":{"l":{"10":0,"11":0,"13":0,"21":0,"22":0,"23":0,"31":0,"32":0,"33":0,"37":0},"path":"/Users/sg/Documents/workspace/svylabs/stablebase/contracts/library/Rate.sol","s":{"1":0,"2":0,"3":0,"4":0,"5":0,"6":0},"b":{"1":[0,0],"2":[0,0]},"f":{"1":0,"2":0,"3":0,"4":0},"fnMap":{"1":{"name":"calculateRate","line":7,"loc":{"start":{"line":7,"column":4},"end":{"line":14,"column":4}}},"2":{"name":"add","line":16,"loc":{"start":{"line":16,"column":4},"end":{"line":24,"column":4}}},"3":{"name":"subtract","line":26,"loc":{"start":{"line":26,"column":4},"end":{"line":34,"column":4}}},"4":{"name":"isZero","line":36,"loc":{"start":{"line":36,"column":4},"end":{"line":38,"column":4}}}},"statementMap":{"1":{"start":{"line":10,"column":8},"end":{"line":10,"column":225}},"2":{"start":{"line":11,"column":12},"end":{"line":11,"column":20}},"3":{"start":{"line":13,"column":8},"end":{"line":13,"column":70}},"4":{"start":{"line":23,"column":8},"end":{"line":23,"column":19}},"5":{"start":{"line":33,"column":8},"end":{"line":33,"column":19}},"6":{"start":{"line":37,"column":8},"end":{"line":37,"column":61}}},"branchMap":{"1":{"line":10,"type":"if","locations":[{"start":{"line":10,"column":8},"end":{"line":10,"column":8}},{"start":{"line":10,"column":8},"end":{"line":10,"column":8}}]},"2":{"line":37,"type":"cond-expr","locations":[{"start":{"line":37,"column":15},"end":{"line":37,"column":35}},{"start":{"line":37,"column":40},"end":{"line":37,"column":60}}]}}},"contracts/MockDebtContract.sol":{"l":{"16":11,"20":11,"24":0,"25":0,"26":0,"33":0,"34":0,"36":0,"37":0,"38":0},"path":"/Users/sg/Documents/workspace/svylabs/stablebase/contracts/MockDebtContract.sol","s":{"1":0,"2":0,"3":0,"4":0,"5":0,"6":0,"7":0,"8":0},"b":{"1":[0,0]},"f":{"1":11,"2":11,"3":0,"4":0},"fnMap":{"1":{"name":"constructor","line":15,"loc":{"start":{"line":15,"column":4},"end":{"line":17,"column":4}}},"2":{"name":"setPool","line":19,"loc":{"start":{"line":19,"column":4},"end":{"line":21,"column":4}}},"3":{"name":"addReward","line":23,"loc":{"start":{"line":23,"column":4},"end":{"line":27,"column":4}}},"4":{"name":"liquidate","line":29,"loc":{"start":{"line":29,"column":4},"end":{"line":39,"column":4}}}},"statementMap":{"1":{"start":{"line":24,"column":8},"end":{"line":24,"column":68}},"2":{"start":{"line":25,"column":8},"end":{"line":25,"column":51}},"3":{"start":{"line":26,"column":8},"end":{"line":26,"column":30}},"4":{"start":{"line":33,"column":8},"end":{"line":33,"column":46}},"5":{"start":{"line":34,"column":8},"end":{"line":34,"column":52}},"6":{"start":{"line":36,"column":8},"end":{"line":36,"column":44}},"7":{"start":{"line":37,"column":8},"end":{"line":37,"column":50}},"8":{"start":{"line":38,"column":8},"end":{"line":38,"column":22}}},"branchMap":{"1":{"line":34,"type":"if","locations":[{"start":{"line":34,"column":8},"end":{"line":34,"column":8}},{"start":{"line":34,"column":8},"end":{"line":34,"column":8}}]}}},"contracts/SBDToken.sol":{"l":{"17":31,"21":149,"25":18,"26":18,"27":18,"29":18,"31":18,"33":18},"path":"/Users/sg/Documents/workspace/svylabs/stablebase/contracts/SBDToken.sol","s":{"1":31,"2":149,"3":18,"4":18,"5":18,"6":18,"7":18},"b":{"1":[31,0],"2":[149,0],"3":[18,0],"4":[18,0],"5":[18,0],"6":[18,0]},"f":{"1":42,"2":31,"3":149,"4":18},"fnMap":{"1":{"name":"constructor","line":14,"loc":{"start":{"line":14,"column":4},"end":{"line":14,"column":70}}},"2":{"name":"setAddresses","line":16,"loc":{"start":{"line":16,"column":4},"end":{"line":18,"column":4}}},"3":{"name":"mint","line":20,"loc":{"start":{"line":20,"column":4},"end":{"line":22,"column":4}}},"4":{"name":"burn","line":24,"loc":{"start":{"line":24,"column":4},"end":{"line":34,"column":4}}}},"statementMap":{"1":{"start":{"line":17,"column":8},"end":{"line":17,"column":40}},"2":{"start":{"line":21,"column":8},"end":{"line":21,"column":24}},"3":{"start":{"line":25,"column":8},"end":{"line":25,"column":53}},"4":{"start":{"line":26,"column":8},"end":{"line":26,"column":59}},"5":{"start":{"line":27,"column":8},"end":{"line":27,"column":65}},"6":{"start":{"line":29,"column":8},"end":{"line":29,"column":26}},"7":{"start":{"line":33,"column":8},"end":{"line":33,"column":31}}},"branchMap":{"1":{"line":16,"type":"if","locations":[{"start":{"line":16,"column":59},"end":{"line":16,"column":59}},{"start":{"line":16,"column":59},"end":{"line":16,"column":59}}]},"2":{"line":20,"type":"if","locations":[{"start":{"line":20,"column":55},"end":{"line":20,"column":55}},{"start":{"line":20,"column":55},"end":{"line":20,"column":55}}]},"3":{"line":24,"type":"if","locations":[{"start":{"line":24,"column":57},"end":{"line":24,"column":57}},{"start":{"line":24,"column":57},"end":{"line":24,"column":57}}]},"4":{"line":25,"type":"if","locations":[{"start":{"line":25,"column":8},"end":{"line":25,"column":8}},{"start":{"line":25,"column":8},"end":{"line":25,"column":8}}]},"5":{"line":26,"type":"if","locations":[{"start":{"line":26,"column":8},"end":{"line":26,"column":8}},{"start":{"line":26,"column":8},"end":{"line":26,"column":8}}]},"6":{"line":27,"type":"if","locations":[{"start":{"line":27,"column":8},"end":{"line":27,"column":8}},{"start":{"line":27,"column":8},"end":{"line":27,"column":8}}]}}},"contracts/SBRStaking.sol":{"l":{"27":20,"28":20,"29":20,"31":20,"35":0,"36":0,"37":0,"39":0,"41":0,"42":0,"44":0,"48":0,"49":0,"50":0,"52":0,"54":0,"55":0,"56":0,"58":0,"62":17,"66":17,"67":17,"68":17,"70":0,"71":0,"72":0,"73":0,"79":0,"83":0,"84":0,"85":0,"89":0,"91":0,"92":0,"94":0,"95":0,"96":0,"98":0,"99":0,"102":0,"106":0,"107":0,"113":0,"119":0,"120":0},"path":"/Users/sg/Documents/workspace/svylabs/stablebase/contracts/SBRStaking.sol","s":{"1":20,"2":0,"3":0,"4":0,"5":0,"6":0,"7":0,"8":0,"9":0,"10":0,"11":0,"12":0,"13":17,"14":17,"15":17,"16":17,"17":0,"18":0,"19":0,"20":0,"21":0,"22":0,"23":0,"24":0,"25":0,"26":0,"27":0,"28":0,"29":0,"30":0,"31":0,"32":0,"33":0,"34":0},"b":{"1":[20,0],"2":[0,0],"3":[0,0],"4":[0,0],"5":[17,0],"6":[17,0],"7":[0,0],"8":[0,0],"9":[0,0],"10":[0,0]},"f":{"1":20,"2":20,"3":0,"4":0,"5":17,"6":0,"7":0,"8":0,"9":0,"10":0},"fnMap":{"1":{"name":"constructor","line":20,"loc":{"start":{"line":20,"column":4},"end":{"line":20,"column":39}}},"2":{"name":"setAddresses","line":26,"loc":{"start":{"line":22,"column":4},"end":{"line":32,"column":4}}},"3":{"name":"stake","line":34,"loc":{"start":{"line":34,"column":4},"end":{"line":45,"column":4}}},"4":{"name":"unstake","line":47,"loc":{"start":{"line":47,"column":4},"end":{"line":59,"column":4}}},"5":{"name":"addReward","line":61,"loc":{"start":{"line":61,"column":4},"end":{"line":75,"column":4}}},"6":{"name":"addCollateralReward","line":77,"loc":{"start":{"line":77,"column":4},"end":{"line":86,"column":4}}},"7":{"name":"_claim","line":88,"loc":{"start":{"line":88,"column":4},"end":{"line":103,"column":4}}},"8":{"name":"claim","line":105,"loc":{"start":{"line":105,"column":4},"end":{"line":108,"column":4}}},"9":{"name":"getStake","line":110,"loc":{"start":{"line":110,"column":4},"end":{"line":114,"column":4}}},"10":{"name":"userPendingReward","line":116,"loc":{"start":{"line":116,"column":4},"end":{"line":123,"column":4}}}},"statementMap":{"1":{"start":{"line":31,"column":8},"end":{"line":31,"column":26}},"2":{"start":{"line":35,"column":8},"end":{"line":35,"column":55}},"3":{"start":{"line":36,"column":8},"end":{"line":36,"column":47}},"4":{"start":{"line":37,"column":8},"end":{"line":37,"column":19}},"5":{"start":{"line":39,"column":8},"end":{"line":39,"column":68}},"6":{"start":{"line":44,"column":8},"end":{"line":44,"column":40}},"7":{"start":{"line":48,"column":8},"end":{"line":48,"column":57}},"8":{"start":{"line":49,"column":8},"end":{"line":49,"column":47}},"9":{"start":{"line":50,"column":8},"end":{"line":50,"column":19}},"10":{"start":{"line":52,"column":8},"end":{"line":52,"column":63}},"11":{"start":{"line":56,"column":8},"end":{"line":56,"column":49}},"12":{"start":{"line":58,"column":8},"end":{"line":58,"column":42}},"13":{"start":{"line":62,"column":8},"end":{"line":62,"column":1753}},"14":{"start":{"line":66,"column":8},"end":{"line":66,"column":37}},"15":{"start":{"line":67,"column":8},"end":{"line":67,"column":1921}},"16":{"start":{"line":68,"column":12},"end":{"line":68,"column":24}},"17":{"start":{"line":70,"column":12},"end":{"line":70,"column":71}},"18":{"start":{"line":72,"column":12},"end":{"line":72,"column":37}},"19":{"start":{"line":73,"column":12},"end":{"line":73,"column":23}},"20":{"start":{"line":79,"column":8},"end":{"line":79,"column":2368}},"21":{"start":{"line":83,"column":8},"end":{"line":83,"column":72}},"22":{"start":{"line":85,"column":8},"end":{"line":85,"column":43}},"23":{"start":{"line":89,"column":8},"end":{"line":89,"column":2784}},"24":{"start":{"line":92,"column":8},"end":{"line":92,"column":2971}},"25":{"start":{"line":95,"column":8},"end":{"line":95,"column":3103}},"26":{"start":{"line":96,"column":12},"end":{"line":96,"column":51}},"27":{"start":{"line":98,"column":8},"end":{"line":98,"column":3193}},"28":{"start":{"line":99,"column":12},"end":{"line":99,"column":57}},"29":{"start":{"line":102,"column":8},"end":{"line":102,"column":58}},"30":{"start":{"line":106,"column":8},"end":{"line":106,"column":47}},"31":{"start":{"line":107,"column":8},"end":{"line":107,"column":19}},"32":{"start":{"line":113,"column":8},"end":{"line":113,"column":27}},"33":{"start":{"line":119,"column":8},"end":{"line":119,"column":42}},"34":{"start":{"line":120,"column":8},"end":{"line":120,"column":3770}}},"branchMap":{"1":{"line":26,"type":"if","locations":[{"start":{"line":26,"column":15},"end":{"line":26,"column":15}},{"start":{"line":26,"column":15},"end":{"line":26,"column":15}}]},"2":{"line":35,"type":"if","locations":[{"start":{"line":35,"column":8},"end":{"line":35,"column":8}},{"start":{"line":35,"column":8},"end":{"line":35,"column":8}}]},"3":{"line":48,"type":"if","locations":[{"start":{"line":48,"column":8},"end":{"line":48,"column":8}},{"start":{"line":48,"column":8},"end":{"line":48,"column":8}}]},"4":{"line":52,"type":"if","locations":[{"start":{"line":52,"column":8},"end":{"line":52,"column":8}},{"start":{"line":52,"column":8},"end":{"line":52,"column":8}}]},"5":{"line":62,"type":"if","locations":[{"start":{"line":62,"column":8},"end":{"line":62,"column":8}},{"start":{"line":62,"column":8},"end":{"line":62,"column":8}}]},"6":{"line":67,"type":"if","locations":[{"start":{"line":67,"column":8},"end":{"line":67,"column":8}},{"start":{"line":67,"column":8},"end":{"line":67,"column":8}}]},"7":{"line":79,"type":"if","locations":[{"start":{"line":79,"column":8},"end":{"line":79,"column":8}},{"start":{"line":79,"column":8},"end":{"line":79,"column":8}}]},"8":{"line":83,"type":"if","locations":[{"start":{"line":83,"column":8},"end":{"line":83,"column":8}},{"start":{"line":83,"column":8},"end":{"line":83,"column":8}}]},"9":{"line":95,"type":"if","locations":[{"start":{"line":95,"column":8},"end":{"line":95,"column":8}},{"start":{"line":95,"column":8},"end":{"line":95,"column":8}}]},"10":{"line":98,"type":"if","locations":[{"start":{"line":98,"column":8},"end":{"line":98,"column":8}},{"start":{"line":98,"column":8},"end":{"line":98,"column":8}}]}}},"contracts/SBRToken.sol":{"l":{"17":20,"21":1,"25":0,"26":0,"27":0,"29":0,"31":0,"33":0},"path":"/Users/sg/Documents/workspace/svylabs/stablebase/contracts/SBRToken.sol","s":{"1":20,"2":1,"3":0,"4":0,"5":0,"6":0,"7":0},"b":{"1":[20,0],"2":[1,0],"3":[0,0],"4":[0,0],"5":[0,0],"6":[0,0]},"f":{"1":20,"2":20,"3":1,"4":0},"fnMap":{"1":{"name":"constructor","line":14,"loc":{"start":{"line":14,"column":4},"end":{"line":14,"column":74}}},"2":{"name":"setAddresses","line":16,"loc":{"start":{"line":16,"column":4},"end":{"line":18,"column":4}}},"3":{"name":"mint","line":20,"loc":{"start":{"line":20,"column":4},"end":{"line":22,"column":4}}},"4":{"name":"burn","line":24,"loc":{"start":{"line":24,"column":4},"end":{"line":34,"column":4}}}},"statementMap":{"1":{"start":{"line":17,"column":8},"end":{"line":17,"column":40}},"2":{"start":{"line":21,"column":8},"end":{"line":21,"column":24}},"3":{"start":{"line":25,"column":8},"end":{"line":25,"column":53}},"4":{"start":{"line":26,"column":8},"end":{"line":26,"column":59}},"5":{"start":{"line":27,"column":8},"end":{"line":27,"column":65}},"6":{"start":{"line":29,"column":8},"end":{"line":29,"column":26}},"7":{"start":{"line":33,"column":8},"end":{"line":33,"column":31}}},"branchMap":{"1":{"line":16,"type":"if","locations":[{"start":{"line":16,"column":59},"end":{"line":16,"column":59}},{"start":{"line":16,"column":59},"end":{"line":16,"column":59}}]},"2":{"line":20,"type":"if","locations":[{"start":{"line":20,"column":55},"end":{"line":20,"column":55}},{"start":{"line":20,"column":55},"end":{"line":20,"column":55}}]},"3":{"line":24,"type":"if","locations":[{"start":{"line":24,"column":57},"end":{"line":24,"column":57}},{"start":{"line":24,"column":57},"end":{"line":24,"column":57}}]},"4":{"line":25,"type":"if","locations":[{"start":{"line":25,"column":8},"end":{"line":25,"column":8}},{"start":{"line":25,"column":8},"end":{"line":25,"column":8}}]},"5":{"line":26,"type":"if","locations":[{"start":{"line":26,"column":8},"end":{"line":26,"column":8}},{"start":{"line":26,"column":8},"end":{"line":26,"column":8}}]},"6":{"line":27,"type":"if","locations":[{"start":{"line":27,"column":8},"end":{"line":27,"column":8}},{"start":{"line":27,"column":8},"end":{"line":27,"column":8}}]}}},"contracts/StabilityPool.sol":{"l":{"61":38,"62":37,"72":31,"73":31,"74":31,"76":31,"80":9,"85":28,"86":27,"87":27,"89":27,"91":27,"92":27,"94":27,"99":7,"100":6,"101":6,"103":6,"105":5,"106":5,"108":5,"110":5,"114":60,"115":36,"117":60,"118":60,"119":60,"123":45,"124":33,"126":33,"127":1,"128":1,"133":33,"134":33,"135":33,"139":33,"141":33,"145":12,"146":12,"147":12,"152":0,"153":0,"156":0,"157":0,"158":0,"161":0,"166":27,"167":27,"174":26,"177":25,"178":25,"179":14,"181":11,"183":11,"187":11,"188":9,"191":11,"192":11,"198":2,"217":11,"219":10,"222":10,"224":10,"227":10,"230":10,"235":10,"237":10,"238":2,"239":2,"245":2,"246":2,"247":2,"248":2,"249":2,"250":2,"251":2,"254":10,"255":10,"261":60,"262":39,"266":60,"267":60,"281":60,"282":39,"289":60,"290":60,"291":60,"293":60,"294":17,"296":60,"297":13,"299":60,"300":15,"315":198,"316":154,"320":154,"325":154,"331":44,"334":44,"340":44,"346":44,"353":44,"357":44,"358":13,"359":13,"362":13,"365":13,"369":31,"370":31,"373":31,"383":83,"384":83,"390":72,"391":72,"395":83,"396":83,"402":72,"403":72,"409":108,"410":108,"411":4,"413":104,"420":121,"421":96,"426":25,"429":25,"434":25,"435":9,"436":9,"438":16,"449":186,"450":186,"451":82,"452":82},"path":"/Users/sg/Documents/workspace/svylabs/stablebase/contracts/StabilityPool.sol","s":{"1":38,"2":31,"3":28,"4":27,"5":27,"6":27,"7":27,"8":7,"9":6,"10":6,"11":6,"12":5,"13":5,"14":60,"15":36,"16":60,"17":60,"18":60,"19":45,"20":33,"21":33,"22":33,"23":33,"24":33,"25":12,"26":0,"27":0,"28":0,"29":0,"30":0,"31":27,"32":27,"33":26,"34":25,"35":25,"36":14,"37":11,"38":11,"39":9,"40":11,"41":11,"42":2,"43":11,"44":10,"45":10,"46":10,"47":10,"48":2,"49":2,"50":2,"51":10,"52":10,"53":60,"54":60,"55":60,"56":17,"57":60,"58":13,"59":60,"60":15,"61":198,"62":44,"63":44,"64":44,"65":83,"66":83,"67":72,"68":72,"69":83,"70":83,"71":72,"72":72,"73":108,"74":108,"75":4,"76":104,"77":121,"78":25,"79":25,"80":186,"81":82},"b":{"1":[37,1],"2":[31,0],"3":[27,1],"4":[6,1],"5":[5,1],"6":[36,24],"7":[33,12],"8":[1,32],"9":[33,0],"10":[12,0],"11":[0,0],"12":[0,0],"13":[26,0],"14":[25,1],"15":[14,11],"16":[9,2],"17":[11,1],"18":[10,1],"19":[2,8],"20":[39,21],"21":[39,21],"22":[17,43],"23":[13,47],"24":[15,45],"25":[154,44],"26":[13,31],"27":[4,104],"28":[96,25],"29":[9,16],"30":[82,104]},"f":{"1":38,"2":31,"3":31,"4":28,"5":7,"6":60,"7":45,"8":0,"9":27,"10":26,"11":2,"12":11,"13":60,"14":60,"15":198,"16":83,"17":72,"18":83,"19":72,"20":108,"21":121,"22":186},"fnMap":{"1":{"name":"onlyDebtContract","line":60,"loc":{"start":{"line":60,"column":4},"end":{"line":63,"column":4}}},"2":{"name":"constructor","line":65,"loc":{"start":{"line":65,"column":4},"end":{"line":65,"column":39}}},"3":{"name":"setAddresses","line":71,"loc":{"start":{"line":67,"column":4},"end":{"line":77,"column":4}}},"4":{"name":"stake","line":84,"loc":{"start":{"line":84,"column":4},"end":{"line":95,"column":4}}},"5":{"name":"unstake","line":98,"loc":{"start":{"line":98,"column":4},"end":{"line":111,"column":4}}},"6":{"name":"_claim","line":113,"loc":{"start":{"line":113,"column":4},"end":{"line":120,"column":4}}},"7":{"name":"_addSBRRewards","line":122,"loc":{"start":{"line":122,"column":4},"end":{"line":149,"column":4}}},"8":{"name":"_claimSBRTokens","line":151,"loc":{"start":{"line":151,"column":4},"end":{"line":162,"column":4}}},"9":{"name":"claim","line":165,"loc":{"start":{"line":165,"column":4},"end":{"line":168,"column":4}}},"10":{"name":"addReward","line":173,"loc":{"start":{"line":171,"column":4},"end":{"line":193,"column":4}}},"11":{"name":"isLiquidationPossible","line":195,"loc":{"start":{"line":195,"column":4},"end":{"line":199,"column":4}}},"12":{"name":"performLiquidation","line":214,"loc":{"start":{"line":211,"column":4},"end":{"line":256,"column":4}}},"13":{"name":"_updateUserStake","line":258,"loc":{"start":{"line":258,"column":4},"end":{"line":268,"column":4}}},"14":{"name":"_updateRewards","line":271,"loc":{"start":{"line":271,"column":4},"end":{"line":302,"column":4}}},"15":{"name":"userPendingRewardAndCollateral","line":304,"loc":{"start":{"line":304,"column":4},"end":{"line":378,"column":4}}},"16":{"name":"userPendingReward","line":380,"loc":{"start":{"line":380,"column":4},"end":{"line":385,"column":4}}},"17":{"name":"userPendingCollateral","line":387,"loc":{"start":{"line":387,"column":4},"end":{"line":392,"column":4}}},"18":{"name":"userPendingReward","line":394,"loc":{"start":{"line":394,"column":4},"end":{"line":397,"column":4}}},"19":{"name":"userPendingCollateral","line":399,"loc":{"start":{"line":399,"column":4},"end":{"line":404,"column":4}}},"20":{"name":"userPendingRewardAndCollateral","line":406,"loc":{"start":{"line":406,"column":4},"end":{"line":415,"column":4}}},"21":{"name":"_getUserEffectiveStake","line":417,"loc":{"start":{"line":417,"column":4},"end":{"line":446,"column":4}}},"22":{"name":"getUser","line":448,"loc":{"start":{"line":448,"column":4},"end":{"line":454,"column":4}}}},"statementMap":{"1":{"start":{"line":61,"column":8},"end":{"line":61,"column":78}},"2":{"start":{"line":76,"column":8},"end":{"line":76,"column":26}},"3":{"start":{"line":85,"column":8},"end":{"line":85,"column":55}},"4":{"start":{"line":86,"column":8},"end":{"line":86,"column":49}},"5":{"start":{"line":87,"column":8},"end":{"line":87,"column":19}},"6":{"start":{"line":89,"column":8},"end":{"line":89,"column":68}},"7":{"start":{"line":94,"column":8},"end":{"line":94,"column":40}},"8":{"start":{"line":99,"column":8},"end":{"line":99,"column":57}},"9":{"start":{"line":100,"column":8},"end":{"line":100,"column":49}},"10":{"start":{"line":101,"column":8},"end":{"line":101,"column":19}},"11":{"start":{"line":103,"column":8},"end":{"line":103,"column":63}},"12":{"start":{"line":108,"column":8},"end":{"line":108,"column":49}},"13":{"start":{"line":110,"column":8},"end":{"line":110,"column":42}},"14":{"start":{"line":114,"column":8},"end":{"line":114,"column":3937}},"15":{"start":{"line":115,"column":12},"end":{"line":115,"column":27}},"16":{"start":{"line":117,"column":8},"end":{"line":117,"column":69}},"17":{"start":{"line":118,"column":8},"end":{"line":118,"column":29}},"18":{"start":{"line":119,"column":8},"end":{"line":119,"column":58}},"19":{"start":{"line":123,"column":8},"end":{"line":123,"column":4262}},"20":{"start":{"line":124,"column":12},"end":{"line":124,"column":4378}},"21":{"start":{"line":126,"column":12},"end":{"line":126,"column":4444}},"22":{"start":{"line":133,"column":12},"end":{"line":133,"column":65}},"23":{"start":{"line":134,"column":12},"end":{"line":134,"column":4821}},"24":{"start":{"line":139,"column":16},"end":{"line":139,"column":71}},"25":{"start":{"line":142,"column":15},"end":{"line":142,"column":5188}},"26":{"start":{"line":152,"column":8},"end":{"line":152,"column":5574}},"27":{"start":{"line":153,"column":12},"end":{"line":153,"column":5690}},"28":{"start":{"line":156,"column":12},"end":{"line":156,"column":5848}},"29":{"start":{"line":157,"column":16},"end":{"line":157,"column":57}},"30":{"start":{"line":158,"column":16},"end":{"line":158,"column":66}},"31":{"start":{"line":166,"column":8},"end":{"line":166,"column":49}},"32":{"start":{"line":167,"column":8},"end":{"line":167,"column":19}},"33":{"start":{"line":174,"column":8},"end":{"line":174,"column":63}},"34":{"start":{"line":177,"column":8},"end":{"line":177,"column":48}},"35":{"start":{"line":178,"column":8},"end":{"line":178,"column":6622}},"36":{"start":{"line":179,"column":12},"end":{"line":179,"column":24}},"37":{"start":{"line":181,"column":8},"end":{"line":181,"column":68}},"38":{"start":{"line":187,"column":8},"end":{"line":187,"column":6898}},"39":{"start":{"line":188,"column":12},"end":{"line":188,"column":27}},"40":{"start":{"line":191,"column":8},"end":{"line":191,"column":33}},"41":{"start":{"line":192,"column":8},"end":{"line":192,"column":19}},"42":{"start":{"line":198,"column":8},"end":{"line":198,"column":39}},"43":{"start":{"line":217,"column":8},"end":{"line":217,"column":70}},"44":{"start":{"line":219,"column":8},"end":{"line":219,"column":58}},"45":{"start":{"line":222,"column":8},"end":{"line":222,"column":8259}},"46":{"start":{"line":224,"column":8},"end":{"line":224,"column":8379}},"47":{"start":{"line":237,"column":8},"end":{"line":237,"column":8760}},"48":{"start":{"line":238,"column":12},"end":{"line":238,"column":66}},"49":{"start":{"line":239,"column":12},"end":{"line":239,"column":8907}},"50":{"start":{"line":251,"column":12},"end":{"line":251,"column":71}},"51":{"start":{"line":254,"column":8},"end":{"line":254,"column":53}},"52":{"start":{"line":255,"column":8},"end":{"line":255,"column":19}},"53":{"start":{"line":261,"column":8},"end":{"line":261,"column":9790}},"54":{"start":{"line":281,"column":8},"end":{"line":281,"column":10365}},"55":{"start":{"line":293,"column":8},"end":{"line":293,"column":10776}},"56":{"start":{"line":294,"column":12},"end":{"line":294,"column":59}},"57":{"start":{"line":296,"column":8},"end":{"line":296,"column":10882}},"58":{"start":{"line":297,"column":12},"end":{"line":297,"column":58}},"59":{"start":{"line":299,"column":8},"end":{"line":299,"column":10991}},"60":{"start":{"line":300,"column":12},"end":{"line":300,"column":55}},"61":{"start":{"line":315,"column":8},"end":{"line":315,"column":11361}},"62":{"start":{"line":331,"column":12},"end":{"line":331,"column":12130}},"63":{"start":{"line":353,"column":12},"end":{"line":353,"column":13112}},"64":{"start":{"line":357,"column":12},"end":{"line":357,"column":13215}},"65":{"start":{"line":383,"column":8},"end":{"line":383,"column":74}},"66":{"start":{"line":384,"column":8},"end":{"line":384,"column":28}},"67":{"start":{"line":390,"column":8},"end":{"line":390,"column":78}},"68":{"start":{"line":391,"column":8},"end":{"line":391,"column":32}},"69":{"start":{"line":395,"column":8},"end":{"line":395,"column":44}},"70":{"start":{"line":396,"column":8},"end":{"line":396,"column":38}},"71":{"start":{"line":402,"column":8},"end":{"line":402,"column":44}},"72":{"start":{"line":403,"column":8},"end":{"line":403,"column":42}},"73":{"start":{"line":409,"column":8},"end":{"line":409,"column":44}},"74":{"start":{"line":410,"column":8},"end":{"line":410,"column":15108}},"75":{"start":{"line":411,"column":12},"end":{"line":411,"column":55}},"76":{"start":{"line":413,"column":12},"end":{"line":413,"column":28}},"77":{"start":{"line":420,"column":8},"end":{"line":420,"column":15397}},"78":{"start":{"line":426,"column":12},"end":{"line":426,"column":15651}},"79":{"start":{"line":434,"column":12},"end":{"line":434,"column":15948}},"80":{"start":{"line":450,"column":8},"end":{"line":450,"column":16549}},"81":{"start":{"line":451,"column":12},"end":{"line":451,"column":69}}},"branchMap":{"1":{"line":61,"type":"if","locations":[{"start":{"line":61,"column":8},"end":{"line":61,"column":8}},{"start":{"line":61,"column":8},"end":{"line":61,"column":8}}]},"2":{"line":71,"type":"if","locations":[{"start":{"line":71,"column":15},"end":{"line":71,"column":15}},{"start":{"line":71,"column":15},"end":{"line":71,"column":15}}]},"3":{"line":85,"type":"if","locations":[{"start":{"line":85,"column":8},"end":{"line":85,"column":8}},{"start":{"line":85,"column":8},"end":{"line":85,"column":8}}]},"4":{"line":99,"type":"if","locations":[{"start":{"line":99,"column":8},"end":{"line":99,"column":8}},{"start":{"line":99,"column":8},"end":{"line":99,"column":8}}]},"5":{"line":103,"type":"if","locations":[{"start":{"line":103,"column":8},"end":{"line":103,"column":8}},{"start":{"line":103,"column":8},"end":{"line":103,"column":8}}]},"6":{"line":114,"type":"if","locations":[{"start":{"line":114,"column":8},"end":{"line":114,"column":8}},{"start":{"line":114,"column":8},"end":{"line":114,"column":8}}]},"7":{"line":123,"type":"if","locations":[{"start":{"line":123,"column":8},"end":{"line":123,"column":8}},{"start":{"line":123,"column":8},"end":{"line":123,"column":8}}]},"8":{"line":126,"type":"if","locations":[{"start":{"line":126,"column":12},"end":{"line":126,"column":12}},{"start":{"line":126,"column":12},"end":{"line":126,"column":12}}]},"9":{"line":134,"type":"if","locations":[{"start":{"line":134,"column":12},"end":{"line":134,"column":12}},{"start":{"line":134,"column":12},"end":{"line":134,"column":12}}]},"10":{"line":142,"type":"if","locations":[{"start":{"line":142,"column":15},"end":{"line":142,"column":15}},{"start":{"line":142,"column":15},"end":{"line":142,"column":15}}]},"11":{"line":152,"type":"if","locations":[{"start":{"line":152,"column":8},"end":{"line":152,"column":8}},{"start":{"line":152,"column":8},"end":{"line":152,"column":8}}]},"12":{"line":156,"type":"if","locations":[{"start":{"line":156,"column":12},"end":{"line":156,"column":12}},{"start":{"line":156,"column":12},"end":{"line":156,"column":12}}]},"13":{"line":173,"type":"if","locations":[{"start":{"line":173,"column":15},"end":{"line":173,"column":15}},{"start":{"line":173,"column":15},"end":{"line":173,"column":15}}]},"14":{"line":174,"type":"if","locations":[{"start":{"line":174,"column":8},"end":{"line":174,"column":8}},{"start":{"line":174,"column":8},"end":{"line":174,"column":8}}]},"15":{"line":178,"type":"if","locations":[{"start":{"line":178,"column":8},"end":{"line":178,"column":8}},{"start":{"line":178,"column":8},"end":{"line":178,"column":8}}]},"16":{"line":187,"type":"if","locations":[{"start":{"line":187,"column":8},"end":{"line":187,"column":8}},{"start":{"line":187,"column":8},"end":{"line":187,"column":8}}]},"17":{"line":214,"type":"if","locations":[{"start":{"line":214,"column":15},"end":{"line":214,"column":15}},{"start":{"line":214,"column":15},"end":{"line":214,"column":15}}]},"18":{"line":217,"type":"if","locations":[{"start":{"line":217,"column":8},"end":{"line":217,"column":8}},{"start":{"line":217,"column":8},"end":{"line":217,"column":8}}]},"19":{"line":237,"type":"if","locations":[{"start":{"line":237,"column":8},"end":{"line":237,"column":8}},{"start":{"line":237,"column":8},"end":{"line":237,"column":8}}]},"20":{"line":261,"type":"if","locations":[{"start":{"line":261,"column":8},"end":{"line":261,"column":8}},{"start":{"line":261,"column":8},"end":{"line":261,"column":8}}]},"21":{"line":281,"type":"if","locations":[{"start":{"line":281,"column":8},"end":{"line":281,"column":8}},{"start":{"line":281,"column":8},"end":{"line":281,"column":8}}]},"22":{"line":293,"type":"if","locations":[{"start":{"line":293,"column":8},"end":{"line":293,"column":8}},{"start":{"line":293,"column":8},"end":{"line":293,"column":8}}]},"23":{"line":296,"type":"if","locations":[{"start":{"line":296,"column":8},"end":{"line":296,"column":8}},{"start":{"line":296,"column":8},"end":{"line":296,"column":8}}]},"24":{"line":299,"type":"if","locations":[{"start":{"line":299,"column":8},"end":{"line":299,"column":8}},{"start":{"line":299,"column":8},"end":{"line":299,"column":8}}]},"25":{"line":315,"type":"if","locations":[{"start":{"line":315,"column":8},"end":{"line":315,"column":8}},{"start":{"line":315,"column":8},"end":{"line":315,"column":8}}]},"26":{"line":357,"type":"if","locations":[{"start":{"line":357,"column":12},"end":{"line":357,"column":12}},{"start":{"line":357,"column":12},"end":{"line":357,"column":12}}]},"27":{"line":410,"type":"if","locations":[{"start":{"line":410,"column":8},"end":{"line":410,"column":8}},{"start":{"line":410,"column":8},"end":{"line":410,"column":8}}]},"28":{"line":420,"type":"if","locations":[{"start":{"line":420,"column":8},"end":{"line":420,"column":8}},{"start":{"line":420,"column":8},"end":{"line":420,"column":8}}]},"29":{"line":434,"type":"if","locations":[{"start":{"line":434,"column":12},"end":{"line":434,"column":12}},{"start":{"line":434,"column":12},"end":{"line":434,"column":12}}]},"30":{"line":450,"type":"if","locations":[{"start":{"line":450,"column":8},"end":{"line":450,"column":8}},{"start":{"line":450,"column":8},"end":{"line":450,"column":8}}]}}},"contracts/StableBase.sol":{"l":{"76":20,"77":20,"78":20,"79":20,"81":20,"84":20,"87":20,"88":20,"89":20,"101":43,"105":43,"106":43,"108":43,"109":40,"111":16,"113":24,"119":24,"122":3,"126":3,"127":3,"130":3,"134":3,"135":2,"138":43,"139":0,"141":43,"142":43,"145":43,"147":43,"153":43,"159":43,"160":43,"161":43,"162":15,"164":43,"165":13,"166":13,"169":43,"170":43,"181":0,"182":0,"183":0,"185":0,"186":0,"188":0,"190":0,"191":0,"194":0,"196":0,"203":0,"212":0,"214":0,"215":0,"223":0,"224":0,"231":0,"233":0,"234":0,"239":0,"241":0,"242":0,"243":0,"253":0,"254":0,"255":0,"256":0,"257":0,"258":0,"259":0,"260":0,"263":0,"264":0,"271":17,"272":15,"274":17,"275":17,"276":17,"277":17,"278":17,"279":0,"280":0,"281":0,"283":17,"284":17,"285":3,"286":3,"288":17,"289":17,"290":13,"299":1,"302":1,"313":61,"316":61,"319":61,"320":61,"324":61,"328":61,"329":61,"332":61,"333":61,"335":61,"343":110,"344":110,"345":104,"347":6,"350":110,"354":0,"356":110,"357":110,"361":0,"365":0,"369":2,"370":2},"path":"/Users/sg/Documents/workspace/svylabs/stablebase/contracts/StableBase.sol","s":{"1":20,"2":20,"3":20,"4":43,"5":43,"6":43,"7":43,"8":40,"9":24,"10":3,"11":3,"12":3,"13":3,"14":3,"15":43,"16":0,"17":43,"18":43,"19":43,"20":43,"21":43,"22":43,"23":43,"24":43,"25":13,"26":43,"27":43,"28":0,"29":0,"30":0,"31":0,"32":0,"33":0,"34":0,"35":0,"36":0,"37":0,"38":0,"39":0,"40":0,"41":0,"42":0,"43":0,"44":0,"45":0,"46":0,"47":0,"48":0,"49":0,"50":0,"51":0,"52":17,"53":15,"54":17,"55":17,"56":17,"57":17,"58":17,"59":17,"60":17,"61":17,"62":13,"63":61,"64":61,"65":61,"66":61,"67":61,"68":110,"69":110,"70":110,"71":110,"72":0,"73":2},"b":{"1":[20,0],"2":[43,0],"3":[40,3],"4":[16,24],"5":[2,1],"6":[0,43],"7":[15,28],"8":[13,30],"9":[0,0],"10":[0,0],"11":[0,0],"12":[15,2],"13":[0,17],"14":[3,14],"15":[17,0],"16":[13,4],"17":[104,6],"18":[0,110],"19":[0,0]},"f":{"1":20,"2":20,"3":43,"4":0,"5":0,"6":0,"7":0,"8":17,"9":1,"10":61,"11":110,"12":0,"13":2},"fnMap":{"1":{"name":"constructor","line":66,"loc":{"start":{"line":66,"column":4},"end":{"line":66,"column":75}}},"2":{"name":"setAddresses","line":75,"loc":{"start":{"line":68,"column":4},"end":{"line":90,"column":4}}},"3":{"name":"handleBorrow","line":92,"loc":{"start":{"line":92,"column":4},"end":{"line":171,"column":4}}},"4":{"name":"_redeemNode","line":173,"loc":{"start":{"line":173,"column":4},"end":{"line":204,"column":4}}},"5":{"name":"_redeemSafes","line":206,"loc":{"start":{"line":206,"column":4},"end":{"line":235,"column":4}}},"6":{"name":"_redeemToUser","line":237,"loc":{"start":{"line":237,"column":4},"end":{"line":244,"column":4}}},"7":{"name":"redeemSafe","line":246,"loc":{"start":{"line":246,"column":4},"end":{"line":265,"column":4}}},"8":{"name":"distributeFees","line":267,"loc":{"start":{"line":267,"column":4},"end":{"line":292,"column":4}}},"9":{"name":"distributeDebtAndCollateral","line":294,"loc":{"start":{"line":294,"column":4},"end":{"line":305,"column":4}}},"10":{"name":"_updateSafe","line":308,"loc":{"start":{"line":308,"column":4},"end":{"line":336,"column":4}}},"11":{"name":"_updateTotalDebt","line":338,"loc":{"start":{"line":338,"column":4},"end":{"line":358,"column":4}}},"12":{"name":"onlyInNormalMode","line":360,"loc":{"start":{"line":360,"column":4},"end":{"line":366,"column":4}}},"13":{"name":"_removeSafe","line":368,"loc":{"start":{"line":368,"column":4},"end":{"line":371,"column":4}}}},"statementMap":{"1":{"start":{"line":87,"column":8},"end":{"line":87,"column":68}},"2":{"start":{"line":88,"column":8},"end":{"line":88,"column":66}},"3":{"start":{"line":89,"column":8},"end":{"line":89,"column":26}},"4":{"start":{"line":101,"column":8},"end":{"line":101,"column":3437}},"5":{"start":{"line":105,"column":8},"end":{"line":105,"column":79}},"6":{"start":{"line":106,"column":8},"end":{"line":106,"column":71}},"7":{"start":{"line":108,"column":8},"end":{"line":108,"column":3742}},"8":{"start":{"line":109,"column":12},"end":{"line":109,"column":3790}},"9":{"start":{"line":113,"column":16},"end":{"line":113,"column":4000}},"10":{"start":{"line":122,"column":12},"end":{"line":122,"column":4550}},"11":{"start":{"line":126,"column":12},"end":{"line":126,"column":54}},"12":{"start":{"line":127,"column":12},"end":{"line":127,"column":4848}},"13":{"start":{"line":130,"column":12},"end":{"line":130,"column":4987}},"14":{"start":{"line":134,"column":12},"end":{"line":134,"column":5195}},"15":{"start":{"line":138,"column":8},"end":{"line":138,"column":5308}},"16":{"start":{"line":139,"column":12},"end":{"line":139,"column":69}},"17":{"start":{"line":141,"column":8},"end":{"line":141,"column":53}},"18":{"start":{"line":145,"column":8},"end":{"line":145,"column":69}},"19":{"start":{"line":147,"column":8},"end":{"line":147,"column":5661}},"20":{"start":{"line":153,"column":8},"end":{"line":153,"column":5801}},"21":{"start":{"line":159,"column":8},"end":{"line":159,"column":23}},"22":{"start":{"line":160,"column":8},"end":{"line":160,"column":25}},"23":{"start":{"line":161,"column":8},"end":{"line":161,"column":5989}},"24":{"start":{"line":164,"column":8},"end":{"line":164,"column":6104}},"25":{"start":{"line":166,"column":12},"end":{"line":166,"column":51}},"26":{"start":{"line":169,"column":8},"end":{"line":169,"column":49}},"27":{"start":{"line":170,"column":8},"end":{"line":170,"column":48}},"28":{"start":{"line":181,"column":8},"end":{"line":181,"column":52}},"29":{"start":{"line":182,"column":8},"end":{"line":182,"column":33}},"30":{"start":{"line":183,"column":8},"end":{"line":183,"column":6873}},"31":{"start":{"line":185,"column":8},"end":{"line":185,"column":6945}},"32":{"start":{"line":188,"column":8},"end":{"line":188,"column":7057}},"33":{"start":{"line":190,"column":12},"end":{"line":190,"column":53}},"34":{"start":{"line":191,"column":12},"end":{"line":191,"column":54}},"35":{"start":{"line":194,"column":12},"end":{"line":194,"column":7398}},"36":{"start":{"line":196,"column":12},"end":{"line":196,"column":7487}},"37":{"start":{"line":203,"column":8},"end":{"line":203,"column":68}},"38":{"start":{"line":212,"column":8},"end":{"line":212,"column":58}},"39":{"start":{"line":214,"column":8},"end":{"line":214,"column":8151}},"40":{"start":{"line":215,"column":12},"end":{"line":215,"column":8233}},"41":{"start":{"line":223,"column":12},"end":{"line":223,"column":63}},"42":{"start":{"line":234,"column":8},"end":{"line":234,"column":25}},"43":{"start":{"line":239,"column":8},"end":{"line":239,"column":9096}},"44":{"start":{"line":241,"column":8},"end":{"line":241,"column":54}},"45":{"start":{"line":242,"column":8},"end":{"line":242,"column":47}},"46":{"start":{"line":243,"column":8},"end":{"line":243,"column":64}},"47":{"start":{"line":253,"column":8},"end":{"line":253,"column":76}},"48":{"start":{"line":258,"column":8},"end":{"line":258,"column":9929}},"49":{"start":{"line":259,"column":12},"end":{"line":259,"column":52}},"50":{"start":{"line":260,"column":12},"end":{"line":260,"column":53}},"51":{"start":{"line":264,"column":8},"end":{"line":264,"column":33}},"52":{"start":{"line":271,"column":8},"end":{"line":271,"column":10405}},"53":{"start":{"line":272,"column":12},"end":{"line":272,"column":44}},"54":{"start":{"line":274,"column":8},"end":{"line":274,"column":62}},"55":{"start":{"line":275,"column":8},"end":{"line":275,"column":38}},"56":{"start":{"line":277,"column":8},"end":{"line":277,"column":65}},"57":{"start":{"line":278,"column":8},"end":{"line":278,"column":10678}},"58":{"start":{"line":283,"column":8},"end":{"line":283,"column":66}},"59":{"start":{"line":284,"column":8},"end":{"line":284,"column":10900}},"60":{"start":{"line":288,"column":8},"end":{"line":288,"column":57}},"61":{"start":{"line":289,"column":8},"end":{"line":289,"column":11079}},"62":{"start":{"line":290,"column":12},"end":{"line":290,"column":50}},"63":{"start":{"line":313,"column":8},"end":{"line":313,"column":11878}},"64":{"start":{"line":316,"column":8},"end":{"line":316,"column":12055}},"65":{"start":{"line":324,"column":8},"end":{"line":324,"column":12363}},"66":{"start":{"line":333,"column":8},"end":{"line":333,"column":54}},"67":{"start":{"line":335,"column":8},"end":{"line":335,"column":20}},"68":{"start":{"line":343,"column":8},"end":{"line":343,"column":34}},"69":{"start":{"line":344,"column":8},"end":{"line":344,"column":13032}},"70":{"start":{"line":350,"column":8},"end":{"line":350,"column":13256}},"71":{"start":{"line":357,"column":8},"end":{"line":357,"column":19}},"72":{"start":{"line":361,"column":8},"end":{"line":361,"column":13536}},"73":{"start":{"line":370,"column":8},"end":{"line":370,"column":21}}},"branchMap":{"1":{"line":75,"type":"if","locations":[{"start":{"line":75,"column":15},"end":{"line":75,"column":15}},{"start":{"line":75,"column":15},"end":{"line":75,"column":15}}]},"2":{"line":101,"type":"if","locations":[{"start":{"line":101,"column":8},"end":{"line":101,"column":8}},{"start":{"line":101,"column":8},"end":{"line":101,"column":8}}]},"3":{"line":108,"type":"if","locations":[{"start":{"line":108,"column":8},"end":{"line":108,"column":8}},{"start":{"line":108,"column":8},"end":{"line":108,"column":8}}]},"4":{"line":109,"type":"if","locations":[{"start":{"line":109,"column":12},"end":{"line":109,"column":12}},{"start":{"line":109,"column":12},"end":{"line":109,"column":12}}]},"5":{"line":134,"type":"if","locations":[{"start":{"line":134,"column":12},"end":{"line":134,"column":12}},{"start":{"line":134,"column":12},"end":{"line":134,"column":12}}]},"6":{"line":138,"type":"if","locations":[{"start":{"line":138,"column":8},"end":{"line":138,"column":8}},{"start":{"line":138,"column":8},"end":{"line":138,"column":8}}]},"7":{"line":161,"type":"if","locations":[{"start":{"line":161,"column":8},"end":{"line":161,"column":8}},{"start":{"line":161,"column":8},"end":{"line":161,"column":8}}]},"8":{"line":164,"type":"if","locations":[{"start":{"line":164,"column":8},"end":{"line":164,"column":8}},{"start":{"line":164,"column":8},"end":{"line":164,"column":8}}]},"9":{"line":185,"type":"if","locations":[{"start":{"line":185,"column":8},"end":{"line":185,"column":8}},{"start":{"line":185,"column":8},"end":{"line":185,"column":8}}]},"10":{"line":188,"type":"if","locations":[{"start":{"line":188,"column":8},"end":{"line":188,"column":8}},{"start":{"line":188,"column":8},"end":{"line":188,"column":8}}]},"11":{"line":258,"type":"if","locations":[{"start":{"line":258,"column":8},"end":{"line":258,"column":8}},{"start":{"line":258,"column":8},"end":{"line":258,"column":8}}]},"12":{"line":271,"type":"if","locations":[{"start":{"line":271,"column":8},"end":{"line":271,"column":8}},{"start":{"line":271,"column":8},"end":{"line":271,"column":8}}]},"13":{"line":278,"type":"if","locations":[{"start":{"line":278,"column":8},"end":{"line":278,"column":8}},{"start":{"line":278,"column":8},"end":{"line":278,"column":8}}]},"14":{"line":284,"type":"if","locations":[{"start":{"line":284,"column":8},"end":{"line":284,"column":8}},{"start":{"line":284,"column":8},"end":{"line":284,"column":8}}]},"15":{"line":288,"type":"if","locations":[{"start":{"line":288,"column":8},"end":{"line":288,"column":8}},{"start":{"line":288,"column":8},"end":{"line":288,"column":8}}]},"16":{"line":289,"type":"if","locations":[{"start":{"line":289,"column":8},"end":{"line":289,"column":8}},{"start":{"line":289,"column":8},"end":{"line":289,"column":8}}]},"17":{"line":344,"type":"if","locations":[{"start":{"line":344,"column":8},"end":{"line":344,"column":8}},{"start":{"line":344,"column":8},"end":{"line":344,"column":8}}]},"18":{"line":350,"type":"if","locations":[{"start":{"line":350,"column":8},"end":{"line":350,"column":8}},{"start":{"line":350,"column":8},"end":{"line":350,"column":8}}]},"19":{"line":361,"type":"if","locations":[{"start":{"line":361,"column":8},"end":{"line":361,"column":8}},{"start":{"line":361,"column":8},"end":{"line":361,"column":8}}]}}},"contracts/StableBaseCDP.sol":{"l":{"24":44,"25":44,"26":43,"27":43,"29":43,"35":43,"39":43,"40":43,"41":43,"43":43,"44":43,"54":0,"55":0,"56":0,"60":0,"62":0,"63":0,"64":0,"78":45,"79":45,"80":45,"83":45,"86":45,"91":45,"95":43,"100":43,"110":43,"119":5,"120":5,"121":5,"122":5,"125":5,"129":5,"134":4,"135":4,"136":4,"137":4,"138":1,"144":3,"145":3,"147":4,"155":1,"156":1,"157":1,"158":1,"160":1,"161":1,"163":1,"164":1,"170":1,"179":3,"180":3,"181":3,"183":3,"185":2,"188":2,"191":2,"192":1,"194":1,"201":1,"202":1,"203":1,"207":2,"208":2,"211":2,"220":0,"221":0,"222":0,"229":0,"235":0,"236":0,"238":0,"240":0,"248":2,"249":2,"251":2,"252":2,"253":2,"254":2,"256":2,"257":2,"259":2,"264":2,"265":2,"267":1,"269":2,"273":3,"274":3,"275":3,"276":3,"277":3,"279":3,"280":3,"285":3,"286":3,"287":3,"290":3,"291":2,"294":2,"297":2,"298":2,"300":2,"301":1,"306":1,"308":1,"313":1,"319":2,"320":2,"323":2,"325":2,"329":2,"330":2,"331":2,"332":2,"333":2,"337":60,"338":60,"339":58},"path":"/Users/sg/Documents/workspace/svylabs/stablebase/contracts/StableBaseCDP.sol","s":{"1":44,"2":44,"3":43,"4":43,"5":43,"6":43,"7":43,"8":43,"9":0,"10":0,"11":0,"12":0,"13":0,"14":0,"15":0,"16":45,"17":45,"18":45,"19":45,"20":45,"21":45,"22":43,"23":43,"24":43,"25":5,"26":5,"27":5,"28":5,"29":5,"30":5,"31":4,"32":4,"33":4,"34":1,"35":3,"36":3,"37":4,"38":1,"39":1,"40":1,"41":1,"42":1,"43":1,"44":1,"45":3,"46":3,"47":3,"48":3,"49":2,"50":2,"51":2,"52":1,"53":1,"54":1,"55":1,"56":1,"57":2,"58":0,"59":0,"60":0,"61":0,"62":0,"63":0,"64":2,"65":2,"66":2,"67":2,"68":2,"69":2,"70":2,"71":2,"72":2,"73":2,"74":1,"75":2,"76":3,"77":3,"78":3,"79":3,"80":3,"81":3,"82":3,"83":3,"84":3,"85":3,"86":3,"87":2,"88":2,"89":2,"90":2,"91":1,"92":1,"93":1,"94":1,"95":2,"96":2,"97":2,"98":2,"99":2,"100":2,"101":2,"102":2,"103":2,"104":60,"105":60},"b":{"1":[44,0],"2":[43,1],"3":[43,0],"4":[43,0],"5":[0,0],"6":[0,0],"7":[45,1],"8":[45,0],"9":[43,2],"10":[43,0],"11":[5,0],"12":[5,0],"13":[5,0],"14":[5,0],"15":[4,1],"16":[3,1],"17":[1,3],"18":[1,0],"19":[1,0],"20":[1,0],"21":[3,1],"22":[3,0],"23":[2,1],"24":[1,1],"25":[1,0],"26":[0,0],"27":[0,0],"28":[2,0],"29":[2,0],"30":[2,0],"31":[1,1],"32":[3,0],"33":[3,0],"34":[2,1],"35":[1,1],"36":[2,0],"37":[2,0],"38":[58,2]},"f":{"1":20,"2":44,"3":0,"4":45,"5":5,"6":1,"7":3,"8":0,"9":2,"10":3,"11":2,"12":60},"fnMap":{"1":{"name":"constructor","line":13,"loc":{"start":{"line":13,"column":4},"end":{"line":13,"column":32}}},"2":{"name":"openSafe","line":23,"loc":{"start":{"line":23,"column":4},"end":{"line":45,"column":4}}},"3":{"name":"closeSafe","line":53,"loc":{"start":{"line":53,"column":4},"end":{"line":65,"column":4}}},"4":{"name":"borrow","line":77,"loc":{"start":{"line":71,"column":4},"end":{"line":111,"column":4}}},"5":{"name":"repay","line":118,"loc":{"start":{"line":114,"column":4},"end":{"line":148,"column":4}}},"6":{"name":"addCollateral","line":154,"loc":{"start":{"line":150,"column":4},"end":{"line":171,"column":4}}},"7":{"name":"withdrawCollateral","line":178,"loc":{"start":{"line":174,"column":4},"end":{"line":212,"column":4}}},"8":{"name":"redeem","line":219,"loc":{"start":{"line":216,"column":4},"end":{"line":241,"column":4}}},"9":{"name":"feeTopup","line":247,"loc":{"start":{"line":243,"column":4},"end":{"line":270,"column":4}}},"10":{"name":"liquidate","line":272,"loc":{"start":{"line":272,"column":4},"end":{"line":326,"column":4}}},"11":{"name":"adjustPosition","line":328,"loc":{"start":{"line":328,"column":4},"end":{"line":334,"column":4}}},"12":{"name":"_onlyOwner","line":336,"loc":{"start":{"line":336,"column":4},"end":{"line":340,"column":4}}}},"statementMap":{"1":{"start":{"line":24,"column":8},"end":{"line":24,"column":60}},"2":{"start":{"line":25,"column":8},"end":{"line":25,"column":63}},"3":{"start":{"line":26,"column":8},"end":{"line":26,"column":46}},"4":{"start":{"line":27,"column":8},"end":{"line":27,"column":75}},"5":{"start":{"line":29,"column":8},"end":{"line":29,"column":1065}},"6":{"start":{"line":35,"column":8},"end":{"line":35,"column":1252}},"7":{"start":{"line":43,"column":8},"end":{"line":43,"column":33}},"8":{"start":{"line":44,"column":8},"end":{"line":44,"column":51}},"9":{"start":{"line":54,"column":8},"end":{"line":54,"column":51}},"10":{"start":{"line":55,"column":8},"end":{"line":55,"column":32}},"11":{"start":{"line":56,"column":8},"end":{"line":56,"column":2177}},"12":{"start":{"line":60,"column":8},"end":{"line":60,"column":56}},"13":{"start":{"line":62,"column":8},"end":{"line":62,"column":26}},"14":{"start":{"line":63,"column":8},"end":{"line":63,"column":30}},"15":{"start":{"line":64,"column":8},"end":{"line":64,"column":53}},"16":{"start":{"line":78,"column":8},"end":{"line":78,"column":51}},"17":{"start":{"line":79,"column":8},"end":{"line":79,"column":32}},"18":{"start":{"line":80,"column":8},"end":{"line":80,"column":64}},"19":{"start":{"line":83,"column":8},"end":{"line":83,"column":46}},"20":{"start":{"line":86,"column":8},"end":{"line":86,"column":3178}},"21":{"start":{"line":91,"column":8},"end":{"line":91,"column":3349}},"22":{"start":{"line":95,"column":8},"end":{"line":95,"column":3484}},"23":{"start":{"line":100,"column":8},"end":{"line":100,"column":3607}},"24":{"start":{"line":110,"column":8},"end":{"line":110,"column":48}},"25":{"start":{"line":119,"column":8},"end":{"line":119,"column":52}},"26":{"start":{"line":120,"column":8},"end":{"line":120,"column":33}},"27":{"start":{"line":121,"column":8},"end":{"line":121,"column":71}},"28":{"start":{"line":122,"column":8},"end":{"line":122,"column":76}},"29":{"start":{"line":125,"column":8},"end":{"line":125,"column":4366}},"30":{"start":{"line":129,"column":8},"end":{"line":129,"column":4493}},"31":{"start":{"line":134,"column":8},"end":{"line":134,"column":40}},"32":{"start":{"line":136,"column":8},"end":{"line":136,"column":73}},"33":{"start":{"line":137,"column":8},"end":{"line":137,"column":4831}},"34":{"start":{"line":138,"column":12},"end":{"line":138,"column":4869}},"35":{"start":{"line":144,"column":12},"end":{"line":144,"column":52}},"36":{"start":{"line":145,"column":12},"end":{"line":145,"column":51}},"37":{"start":{"line":147,"column":8},"end":{"line":147,"column":49}},"38":{"start":{"line":155,"column":8},"end":{"line":155,"column":51}},"39":{"start":{"line":156,"column":8},"end":{"line":156,"column":32}},"40":{"start":{"line":157,"column":8},"end":{"line":157,"column":64}},"41":{"start":{"line":158,"column":8},"end":{"line":158,"column":53}},"42":{"start":{"line":163,"column":8},"end":{"line":163,"column":71}},"43":{"start":{"line":164,"column":8},"end":{"line":164,"column":5743}},"44":{"start":{"line":170,"column":8},"end":{"line":170,"column":44}},"45":{"start":{"line":179,"column":8},"end":{"line":179,"column":51}},"46":{"start":{"line":180,"column":8},"end":{"line":180,"column":32}},"47":{"start":{"line":181,"column":8},"end":{"line":181,"column":70}},"48":{"start":{"line":183,"column":8},"end":{"line":183,"column":6297}},"49":{"start":{"line":185,"column":12},"end":{"line":185,"column":50}},"50":{"start":{"line":188,"column":12},"end":{"line":188,"column":6576}},"51":{"start":{"line":191,"column":12},"end":{"line":191,"column":70}},"52":{"start":{"line":192,"column":12},"end":{"line":192,"column":6818}},"53":{"start":{"line":194,"column":12},"end":{"line":194,"column":6886}},"54":{"start":{"line":201,"column":12},"end":{"line":201,"column":78}},"55":{"start":{"line":202,"column":12},"end":{"line":202,"column":52}},"56":{"start":{"line":203,"column":12},"end":{"line":203,"column":51}},"57":{"start":{"line":211,"column":8},"end":{"line":211,"column":43}},"58":{"start":{"line":220,"column":8},"end":{"line":220,"column":59}},"59":{"start":{"line":221,"column":8},"end":{"line":221,"column":40}},"60":{"start":{"line":222,"column":8},"end":{"line":222,"column":7891}},"61":{"start":{"line":235,"column":8},"end":{"line":235,"column":33}},"62":{"start":{"line":238,"column":8},"end":{"line":238,"column":69}},"63":{"start":{"line":240,"column":8},"end":{"line":240,"column":14}},"64":{"start":{"line":248,"column":8},"end":{"line":248,"column":51}},"65":{"start":{"line":249,"column":8},"end":{"line":249,"column":32}},"66":{"start":{"line":251,"column":8},"end":{"line":251,"column":64}},"67":{"start":{"line":252,"column":8},"end":{"line":252,"column":56}},"68":{"start":{"line":253,"column":8},"end":{"line":253,"column":78}},"69":{"start":{"line":254,"column":8},"end":{"line":254,"column":65}},"70":{"start":{"line":257,"column":8},"end":{"line":257,"column":60}},"71":{"start":{"line":259,"column":8},"end":{"line":259,"column":9341}},"72":{"start":{"line":264,"column":8},"end":{"line":264,"column":58}},"73":{"start":{"line":265,"column":8},"end":{"line":265,"column":9540}},"74":{"start":{"line":267,"column":12},"end":{"line":267,"column":51}},"75":{"start":{"line":269,"column":8},"end":{"line":269,"column":58}},"76":{"start":{"line":273,"column":8},"end":{"line":273,"column":62}},"77":{"start":{"line":274,"column":8},"end":{"line":274,"column":52}},"78":{"start":{"line":275,"column":8},"end":{"line":275,"column":33}},"79":{"start":{"line":276,"column":8},"end":{"line":276,"column":52}},"80":{"start":{"line":277,"column":8},"end":{"line":277,"column":56}},"81":{"start":{"line":279,"column":8},"end":{"line":279,"column":59}},"82":{"start":{"line":280,"column":8},"end":{"line":280,"column":10197}},"83":{"start":{"line":285,"column":8},"end":{"line":285,"column":56}},"84":{"start":{"line":286,"column":8},"end":{"line":286,"column":68}},"85":{"start":{"line":287,"column":8},"end":{"line":287,"column":10466}},"86":{"start":{"line":290,"column":8},"end":{"line":290,"column":74}},"87":{"start":{"line":291,"column":8},"end":{"line":291,"column":75}},"88":{"start":{"line":294,"column":8},"end":{"line":294,"column":10858}},"89":{"start":{"line":298,"column":8},"end":{"line":298,"column":57}},"90":{"start":{"line":300,"column":8},"end":{"line":300,"column":11028}},"91":{"start":{"line":301,"column":12},"end":{"line":301,"column":11060}},"92":{"start":{"line":306,"column":12},"end":{"line":306,"column":64}},"93":{"start":{"line":308,"column":12},"end":{"line":308,"column":11378}},"94":{"start":{"line":313,"column":12},"end":{"line":313,"column":11606}},"95":{"start":{"line":319,"column":8},"end":{"line":319,"column":49}},"96":{"start":{"line":320,"column":8},"end":{"line":320,"column":48}},"97":{"start":{"line":323,"column":8},"end":{"line":323,"column":27}},"98":{"start":{"line":325,"column":8},"end":{"line":325,"column":51}},"99":{"start":{"line":329,"column":8},"end":{"line":329,"column":51}},"100":{"start":{"line":330,"column":8},"end":{"line":330,"column":32}},"101":{"start":{"line":331,"column":8},"end":{"line":331,"column":64}},"102":{"start":{"line":332,"column":8},"end":{"line":332,"column":71}},"103":{"start":{"line":333,"column":8},"end":{"line":333,"column":62}},"104":{"start":{"line":337,"column":8},"end":{"line":337,"column":41}},"105":{"start":{"line":338,"column":8},"end":{"line":338,"column":52}}},"branchMap":{"1":{"line":24,"type":"if","locations":[{"start":{"line":24,"column":8},"end":{"line":24,"column":8}},{"start":{"line":24,"column":8},"end":{"line":24,"column":8}}]},"2":{"line":25,"type":"if","locations":[{"start":{"line":25,"column":8},"end":{"line":25,"column":8}},{"start":{"line":25,"column":8},"end":{"line":25,"column":8}}]},"3":{"line":26,"type":"if","locations":[{"start":{"line":26,"column":8},"end":{"line":26,"column":8}},{"start":{"line":26,"column":8},"end":{"line":26,"column":8}}]},"4":{"line":27,"type":"if","locations":[{"start":{"line":27,"column":8},"end":{"line":27,"column":8}},{"start":{"line":27,"column":8},"end":{"line":27,"column":8}}]},"5":{"line":53,"type":"if","locations":[{"start":{"line":53,"column":48},"end":{"line":53,"column":48}},{"start":{"line":53,"column":48},"end":{"line":53,"column":48}}]},"6":{"line":56,"type":"if","locations":[{"start":{"line":56,"column":8},"end":{"line":56,"column":8}},{"start":{"line":56,"column":8},"end":{"line":56,"column":8}}]},"7":{"line":77,"type":"if","locations":[{"start":{"line":77,"column":15},"end":{"line":77,"column":15}},{"start":{"line":77,"column":15},"end":{"line":77,"column":15}}]},"8":{"line":80,"type":"if","locations":[{"start":{"line":80,"column":8},"end":{"line":80,"column":8}},{"start":{"line":80,"column":8},"end":{"line":80,"column":8}}]},"9":{"line":91,"type":"if","locations":[{"start":{"line":91,"column":8},"end":{"line":91,"column":8}},{"start":{"line":91,"column":8},"end":{"line":91,"column":8}}]},"10":{"line":95,"type":"if","locations":[{"start":{"line":95,"column":8},"end":{"line":95,"column":8}},{"start":{"line":95,"column":8},"end":{"line":95,"column":8}}]},"11":{"line":118,"type":"if","locations":[{"start":{"line":118,"column":15},"end":{"line":118,"column":15}},{"start":{"line":118,"column":15},"end":{"line":118,"column":15}}]},"12":{"line":121,"type":"if","locations":[{"start":{"line":121,"column":8},"end":{"line":121,"column":8}},{"start":{"line":121,"column":8},"end":{"line":121,"column":8}}]},"13":{"line":122,"type":"if","locations":[{"start":{"line":122,"column":8},"end":{"line":122,"column":8}},{"start":{"line":122,"column":8},"end":{"line":122,"column":8}}]},"14":{"line":125,"type":"if","locations":[{"start":{"line":125,"column":8},"end":{"line":125,"column":8}},{"start":{"line":125,"column":8},"end":{"line":125,"column":8}}]},"15":{"line":129,"type":"if","locations":[{"start":{"line":129,"column":8},"end":{"line":129,"column":8}},{"start":{"line":129,"column":8},"end":{"line":129,"column":8}}]},"16":{"line":130,"type":"cond-expr","locations":[{"start":{"line":130,"column":12},"end":{"line":130,"column":45}},{"start":{"line":131,"column":16},"end":{"line":131,"column":60}}]},"17":{"line":137,"type":"if","locations":[{"start":{"line":137,"column":8},"end":{"line":137,"column":8}},{"start":{"line":137,"column":8},"end":{"line":137,"column":8}}]},"18":{"line":154,"type":"if","locations":[{"start":{"line":154,"column":23},"end":{"line":154,"column":23}},{"start":{"line":154,"column":23},"end":{"line":154,"column":23}}]},"19":{"line":157,"type":"if","locations":[{"start":{"line":157,"column":8},"end":{"line":157,"column":8}},{"start":{"line":157,"column":8},"end":{"line":157,"column":8}}]},"20":{"line":158,"type":"if","locations":[{"start":{"line":158,"column":8},"end":{"line":158,"column":8}},{"start":{"line":158,"column":8},"end":{"line":158,"column":8}}]},"21":{"line":178,"type":"if","locations":[{"start":{"line":178,"column":15},"end":{"line":178,"column":15}},{"start":{"line":178,"column":15},"end":{"line":178,"column":15}}]},"22":{"line":181,"type":"if","locations":[{"start":{"line":181,"column":8},"end":{"line":181,"column":8}},{"start":{"line":181,"column":8},"end":{"line":181,"column":8}}]},"23":{"line":183,"type":"if","locations":[{"start":{"line":183,"column":8},"end":{"line":183,"column":8}},{"start":{"line":183,"column":8},"end":{"line":183,"column":8}}]},"24":{"line":191,"type":"if","locations":[{"start":{"line":191,"column":12},"end":{"line":191,"column":12}},{"start":{"line":191,"column":12},"end":{"line":191,"column":12}}]},"25":{"line":201,"type":"if","locations":[{"start":{"line":201,"column":12},"end":{"line":201,"column":12}},{"start":{"line":201,"column":12},"end":{"line":201,"column":12}}]},"26":{"line":219,"type":"if","locations":[{"start":{"line":219,"column":15},"end":{"line":219,"column":15}},{"start":{"line":219,"column":15},"end":{"line":219,"column":15}}]},"27":{"line":220,"type":"if","locations":[{"start":{"line":220,"column":8},"end":{"line":220,"column":8}},{"start":{"line":220,"column":8},"end":{"line":220,"column":8}}]},"28":{"line":247,"type":"if","locations":[{"start":{"line":247,"column":15},"end":{"line":247,"column":15}},{"start":{"line":247,"column":15},"end":{"line":247,"column":15}}]},"29":{"line":251,"type":"if","locations":[{"start":{"line":251,"column":8},"end":{"line":251,"column":8}},{"start":{"line":251,"column":8},"end":{"line":251,"column":8}}]},"30":{"line":254,"type":"if","locations":[{"start":{"line":254,"column":8},"end":{"line":254,"column":8}},{"start":{"line":254,"column":8},"end":{"line":254,"column":8}}]},"31":{"line":265,"type":"if","locations":[{"start":{"line":265,"column":8},"end":{"line":265,"column":8}},{"start":{"line":265,"column":8},"end":{"line":265,"column":8}}]},"32":{"line":279,"type":"if","locations":[{"start":{"line":279,"column":8},"end":{"line":279,"column":8}},{"start":{"line":279,"column":8},"end":{"line":279,"column":8}}]},"33":{"line":280,"type":"if","locations":[{"start":{"line":280,"column":8},"end":{"line":280,"column":8}},{"start":{"line":280,"column":8},"end":{"line":280,"column":8}}]},"34":{"line":290,"type":"if","locations":[{"start":{"line":290,"column":8},"end":{"line":290,"column":8}},{"start":{"line":290,"column":8},"end":{"line":290,"column":8}}]},"35":{"line":300,"type":"if","locations":[{"start":{"line":300,"column":8},"end":{"line":300,"column":8}},{"start":{"line":300,"column":8},"end":{"line":300,"column":8}}]},"36":{"line":328,"type":"if","locations":[{"start":{"line":328,"column":53},"end":{"line":328,"column":53}},{"start":{"line":328,"column":53},"end":{"line":328,"column":53}}]},"37":{"line":331,"type":"if","locations":[{"start":{"line":331,"column":8},"end":{"line":331,"column":8}},{"start":{"line":331,"column":8},"end":{"line":331,"column":8}}]},"38":{"line":338,"type":"if","locations":[{"start":{"line":338,"column":8},"end":{"line":338,"column":8}},{"start":{"line":338,"column":8},"end":{"line":338,"column":8}}]}}},"contracts/Structures.sol":{"l":{},"path":"/Users/sg/Documents/workspace/svylabs/stablebase/contracts/Structures.sol","s":{},"b":{},"f":{},"fnMap":{},"statementMap":{},"branchMap":{}},"contracts/test/MockV3Aggregator.sol":{"l":{},"path":"/Users/sg/Documents/workspace/svylabs/stablebase/contracts/test/MockV3Aggregator.sol","s":{},"b":{},"f":{},"fnMap":{},"statementMap":{},"branchMap":{}},"contracts/tests/TestMath.sol":{"l":{"11":5,"15":1,"19":1},"path":"/Users/sg/Documents/workspace/svylabs/stablebase/contracts/tests/TestMath.sol","s":{"1":1},"b":{},"f":{"1":5,"2":1,"3":1},"fnMap":{"1":{"name":"addValue","line":10,"loc":{"start":{"line":10,"column":4},"end":{"line":12,"column":4}}},"2":{"name":"subtractValue","line":14,"loc":{"start":{"line":14,"column":4},"end":{"line":16,"column":4}}},"3":{"name":"calculateRate","line":18,"loc":{"start":{"line":18,"column":4},"end":{"line":20,"column":4}}}},"statementMap":{"1":{"start":{"line":19,"column":8},"end":{"line":19,"column":39}}},"branchMap":{}},"contracts/Utilities.sol":{"l":{"12":0,"20":0,"22":0,"25":0,"37":0,"39":0,"42":0,"58":0,"59":0,"61":0,"63":0},"path":"/Users/sg/Documents/workspace/svylabs/stablebase/contracts/Utilities.sol","s":{"1":0,"2":0,"3":0,"4":0,"5":0,"6":0,"7":0,"8":0,"9":0,"10":0,"11":0,"12":0},"b":{"1":[0,0],"2":[0,0],"3":[0,0],"4":[0,0],"5":[0,0],"6":[0,0],"7":[0,0]},"f":{"1":0,"2":0,"3":0,"4":0},"fnMap":{"1":{"name":"getSafeId","line":8,"loc":{"start":{"line":8,"column":4},"end":{"line":13,"column":4}}},"2":{"name":"depositEthOrToken","line":15,"loc":{"start":{"line":15,"column":4},"end":{"line":30,"column":4}}},"3":{"name":"withdrawEthOrToken","line":32,"loc":{"start":{"line":32,"column":4},"end":{"line":47,"column":4}}},"4":{"name":"getRateAtPosition","line":54,"loc":{"start":{"line":54,"column":4},"end":{"line":65,"column":4}}}},"statementMap":{"1":{"start":{"line":12,"column":8},"end":{"line":12,"column":61}},"2":{"start":{"line":20,"column":8},"end":{"line":20,"column":480}},"3":{"start":{"line":22,"column":12},"end":{"line":22,"column":66}},"4":{"start":{"line":25,"column":12},"end":{"line":25,"column":655}},"5":{"start":{"line":37,"column":8},"end":{"line":37,"column":930}},"6":{"start":{"line":39,"column":12},"end":{"line":39,"column":41}},"7":{"start":{"line":42,"column":12},"end":{"line":42,"column":1080}},"8":{"start":{"line":58,"column":8},"end":{"line":58,"column":1583}},"9":{"start":{"line":59,"column":12},"end":{"line":59,"column":50}},"10":{"start":{"line":60,"column":15},"end":{"line":60,"column":1672}},"11":{"start":{"line":61,"column":12},"end":{"line":61,"column":62}},"12":{"start":{"line":63,"column":12},"end":{"line":63,"column":37}}},"branchMap":{"1":{"line":20,"type":"if","locations":[{"start":{"line":20,"column":8},"end":{"line":20,"column":8}},{"start":{"line":20,"column":8},"end":{"line":20,"column":8}}]},"2":{"line":22,"type":"if","locations":[{"start":{"line":22,"column":12},"end":{"line":22,"column":12}},{"start":{"line":22,"column":12},"end":{"line":22,"column":12}}]},"3":{"line":25,"type":"if","locations":[{"start":{"line":25,"column":12},"end":{"line":25,"column":12}},{"start":{"line":25,"column":12},"end":{"line":25,"column":12}}]},"4":{"line":37,"type":"if","locations":[{"start":{"line":37,"column":8},"end":{"line":37,"column":8}},{"start":{"line":37,"column":8},"end":{"line":37,"column":8}}]},"5":{"line":42,"type":"if","locations":[{"start":{"line":42,"column":12},"end":{"line":42,"column":12}},{"start":{"line":42,"column":12},"end":{"line":42,"column":12}}]},"6":{"line":58,"type":"if","locations":[{"start":{"line":58,"column":8},"end":{"line":58,"column":8}},{"start":{"line":58,"column":8},"end":{"line":58,"column":8}}]},"7":{"line":60,"type":"if","locations":[{"start":{"line":60,"column":15},"end":{"line":60,"column":15}},{"start":{"line":60,"column":15},"end":{"line":60,"column":15}}]}}}}