{"contracts/Constants.sol":{"l":{},"path":"/Users/sg/Documents/workspace/svylabs/stablebase/contracts/Constants.sol","s":{},"b":{},"f":{},"fnMap":{},"statementMap":{},"branchMap":{}},"contracts/dependencies/price-oracle/ChainlinkPriceOracle.sol":{"l":{"15":0,"23":0,"31":0,"32":0},"path":"/Users/sg/Documents/workspace/svylabs/stablebase/contracts/dependencies/price-oracle/ChainlinkPriceOracle.sol","s":{"1":0,"2":0,"3":0},"b":{"1":[0,0]},"f":{"1":0,"2":0},"fnMap":{"1":{"name":"constructor","line":14,"loc":{"start":{"line":14,"column":4},"end":{"line":16,"column":4}}},"2":{"name":"getPrice","line":22,"loc":{"start":{"line":22,"column":4},"end":{"line":33,"column":4}}}},"statementMap":{"1":{"start":{"line":23,"column":8},"end":{"line":23,"column":795}},"2":{"start":{"line":31,"column":8},"end":{"line":31,"column":42}},"3":{"start":{"line":32,"column":8},"end":{"line":32,"column":29}}},"branchMap":{"1":{"line":31,"type":"if","locations":[{"start":{"line":31,"column":8},"end":{"line":31,"column":8}},{"start":{"line":31,"column":8},"end":{"line":31,"column":8}}]}}},"contracts/dependencies/price-oracle/MockPriceOracle.sol":{"l":{"11":9,"15":18},"path":"/Users/sg/Documents/workspace/svylabs/stablebase/contracts/dependencies/price-oracle/MockPriceOracle.sol","s":{"1":18},"b":{},"f":{"1":11,"2":9,"3":18},"fnMap":{"1":{"name":"constructor","line":8,"loc":{"start":{"line":8,"column":4},"end":{"line":8,"column":19}}},"2":{"name":"setPrice","line":10,"loc":{"start":{"line":10,"column":4},"end":{"line":12,"column":4}}},"3":{"name":"getPrice","line":14,"loc":{"start":{"line":14,"column":4},"end":{"line":16,"column":4}}}},"statementMap":{"1":{"start":{"line":15,"column":8},"end":{"line":15,"column":20}}},"branchMap":{}},"contracts/interfaces/IDoublyLinkedList.sol":{"l":{},"path":"/Users/sg/Documents/workspace/svylabs/stablebase/contracts/interfaces/IDoublyLinkedList.sol","s":{},"b":{},"f":{},"fnMap":{},"statementMap":{},"branchMap":{}},"contracts/interfaces/IPriceOracle.sol":{"l":{},"path":"/Users/sg/Documents/workspace/svylabs/stablebase/contracts/interfaces/IPriceOracle.sol","s":{},"b":{},"f":{},"fnMap":{},"statementMap":{},"branchMap":{}},"contracts/interfaces/IRateGovernors.sol":{"l":{},"path":"/Users/sg/Documents/workspace/svylabs/stablebase/contracts/interfaces/IRateGovernors.sol","s":{},"b":{},"f":{},"fnMap":{},"statementMap":{},"branchMap":{}},"contracts/interfaces/IReservePool.sol":{"l":{},"path":"/Users/sg/Documents/workspace/svylabs/stablebase/contracts/interfaces/IReservePool.sol","s":{},"b":{},"f":{},"fnMap":{},"statementMap":{},"branchMap":{}},"contracts/interfaces/ISBRStaking.sol":{"l":{},"path":"/Users/sg/Documents/workspace/svylabs/stablebase/contracts/interfaces/ISBRStaking.sol","s":{},"b":{},"f":{},"fnMap":{},"statementMap":{},"branchMap":{}},"contracts/interfaces/IStabilityPool.sol":{"l":{},"path":"/Users/sg/Documents/workspace/svylabs/stablebase/contracts/interfaces/IStabilityPool.sol","s":{},"b":{},"f":{},"fnMap":{},"statementMap":{},"branchMap":{}},"contracts/interfaces/IStableBase.sol":{"l":{},"path":"/Users/sg/Documents/workspace/svylabs/stablebase/contracts/interfaces/IStableBase.sol","s":{},"b":{},"f":{},"fnMap":{},"statementMap":{},"branchMap":{}},"contracts/interfaces/IStableBaseCDP.sol":{"l":{},"path":"/Users/sg/Documents/workspace/svylabs/stablebase/contracts/interfaces/IStableBaseCDP.sol","s":{},"b":{},"f":{},"fnMap":{},"statementMap":{},"branchMap":{}},"contracts/library/Math.sol":{"l":{"17":1,"18":0,"20":1,"28":5,"29":5,"30":5,"38":1,"39":1,"40":1,"44":0,"51":0,"52":0,"57":0,"64":0},"path":"/Users/sg/Documents/workspace/svylabs/stablebase/contracts/library/Math.sol","s":{"1":1,"2":0,"3":1,"4":5,"5":1,"6":0,"7":0,"8":0,"9":0,"10":0},"b":{"1":[0,1],"2":[0,0],"3":[0,0],"4":[0,0]},"f":{"1":1,"2":5,"3":1,"4":0,"5":0,"6":0},"fnMap":{"1":{"name":"calculateRate","line":16,"loc":{"start":{"line":16,"column":4},"end":{"line":21,"column":4}}},"2":{"name":"add","line":23,"loc":{"start":{"line":23,"column":4},"end":{"line":31,"column":4}}},"3":{"name":"subtract","line":33,"loc":{"start":{"line":33,"column":4},"end":{"line":41,"column":4}}},"4":{"name":"isZero","line":43,"loc":{"start":{"line":43,"column":4},"end":{"line":45,"column":4}}},"5":{"name":"getShieldingHours","line":47,"loc":{"start":{"line":47,"column":4},"end":{"line":61,"column":4}}},"6":{"name":"toSeconds","line":63,"loc":{"start":{"line":63,"column":4},"end":{"line":65,"column":4}}}},"statementMap":{"1":{"start":{"line":17,"column":8},"end":{"line":17,"column":425}},"2":{"start":{"line":18,"column":12},"end":{"line":18,"column":20}},"3":{"start":{"line":20,"column":8},"end":{"line":20,"column":70}},"4":{"start":{"line":30,"column":8},"end":{"line":30,"column":19}},"5":{"start":{"line":40,"column":8},"end":{"line":40,"column":19}},"6":{"start":{"line":44,"column":8},"end":{"line":44,"column":61}},"7":{"start":{"line":51,"column":8},"end":{"line":51,"column":1336}},"8":{"start":{"line":52,"column":12},"end":{"line":52,"column":20}},"9":{"start":{"line":57,"column":8},"end":{"line":57,"column":1735}},"10":{"start":{"line":64,"column":8},"end":{"line":64,"column":28}}},"branchMap":{"1":{"line":17,"type":"if","locations":[{"start":{"line":17,"column":8},"end":{"line":17,"column":8}},{"start":{"line":17,"column":8},"end":{"line":17,"column":8}}]},"2":{"line":44,"type":"cond-expr","locations":[{"start":{"line":44,"column":15},"end":{"line":44,"column":35}},{"start":{"line":44,"column":40},"end":{"line":44,"column":60}}]},"3":{"line":51,"type":"if","locations":[{"start":{"line":51,"column":8},"end":{"line":51,"column":8}},{"start":{"line":51,"column":8},"end":{"line":51,"column":8}}]},"4":{"line":51,"type":"cond-expr","locations":[{"start":{"line":51,"column":12},"end":{"line":51,"column":41}},{"start":{"line":51,"column":46},"end":{"line":51,"column":75}}]}}},"contracts/library/OrderedDoublyLinkedList.sol":{"l":{"14":29,"15":29,"19":23,"27":62,"28":62,"29":24,"30":24,"32":38,"33":38,"34":25,"37":38,"42":7,"49":38,"52":14,"59":38,"62":12,"67":38,"68":26,"69":11,"70":11,"71":11,"73":15,"74":15,"75":15,"76":15,"77":6,"79":9,"84":9,"85":9,"86":9,"87":9,"89":0,"90":0,"91":0,"92":0,"93":0,"95":0,"100":3,"101":3,"102":3,"103":3,"106":62,"110":55,"111":55,"115":12,"116":12,"117":7,"119":5,"121":12,"122":5,"124":7,"126":12,"127":12,"131":7,"132":7,"133":7,"134":7,"135":7,"143":62,"146":55,"148":7,"155":5,"159":9,"163":64,"167":48,"171":142},"path":"/Users/sg/Documents/workspace/svylabs/stablebase/contracts/library/OrderedDoublyLinkedList.sol","s":{"1":23,"2":62,"3":62,"4":38,"5":38,"6":38,"7":38,"8":38,"9":38,"10":26,"11":15,"12":12,"13":9,"14":0,"15":55,"16":55,"17":12,"18":12,"19":12,"20":12,"21":7,"22":7,"23":62,"24":55,"25":7,"26":5,"27":9,"28":64,"29":48,"30":142},"b":{"1":[23,0],"2":[24,38],"3":[25,13],"4":[7,31],"5":[26,12],"6":[11,15],"7":[6,9],"8":[9,3],"9":[9,0],"10":[0,0],"11":[7,5],"12":[5,7],"13":[62,2],"14":[55,7],"15":[5,0]},"f":{"1":29,"2":23,"3":62,"4":55,"5":12,"6":7,"7":62,"8":5,"9":9,"10":64,"11":48,"12":142},"fnMap":{"1":{"name":"constructor","line":13,"loc":{"start":{"line":13,"column":4},"end":{"line":16,"column":4}}},"2":{"name":"setAddresses","line":18,"loc":{"start":{"line":18,"column":4},"end":{"line":20,"column":4}}},"3":{"name":"_insert","line":22,"loc":{"start":{"line":22,"column":4},"end":{"line":107,"column":4}}},"4":{"name":"_insert","line":109,"loc":{"start":{"line":109,"column":4},"end":{"line":112,"column":4}}},"5":{"name":"_remove","line":114,"loc":{"start":{"line":114,"column":4},"end":{"line":128,"column":4}}},"6":{"name":"_update","line":130,"loc":{"start":{"line":130,"column":4},"end":{"line":136,"column":4}}},"7":{"name":"upsert","line":142,"loc":{"start":{"line":138,"column":4},"end":{"line":150,"column":4}}},"8":{"name":"remove","line":154,"loc":{"start":{"line":152,"column":4},"end":{"line":156,"column":4}}},"9":{"name":"get","line":158,"loc":{"start":{"line":158,"column":4},"end":{"line":160,"column":4}}},"10":{"name":"getHead","line":162,"loc":{"start":{"line":162,"column":4},"end":{"line":164,"column":4}}},"11":{"name":"getTail","line":166,"loc":{"start":{"line":166,"column":4},"end":{"line":168,"column":4}}},"12":{"name":"getNode","line":170,"loc":{"start":{"line":170,"column":4},"end":{"line":172,"column":4}}}},"statementMap":{"1":{"start":{"line":19,"column":8},"end":{"line":19,"column":40}},"2":{"start":{"line":27,"column":8},"end":{"line":27,"column":28}},"3":{"start":{"line":28,"column":8},"end":{"line":28,"column":683}},"4":{"start":{"line":32,"column":12},"end":{"line":32,"column":32}},"5":{"start":{"line":33,"column":12},"end":{"line":33,"column":814}},"6":{"start":{"line":37,"column":12},"end":{"line":37,"column":904}},"7":{"start":{"line":49,"column":12},"end":{"line":49,"column":1340}},"8":{"start":{"line":59,"column":12},"end":{"line":59,"column":1741}},"9":{"start":{"line":67,"column":12},"end":{"line":67,"column":2031}},"10":{"start":{"line":68,"column":16},"end":{"line":68,"column":2080}},"11":{"start":{"line":76,"column":20},"end":{"line":76,"column":2459}},"12":{"start":{"line":82,"column":19},"end":{"line":82,"column":2648}},"13":{"start":{"line":84,"column":16},"end":{"line":84,"column":2761}},"14":{"start":{"line":92,"column":20},"end":{"line":92,"column":3139}},"15":{"start":{"line":110,"column":8},"end":{"line":110,"column":44}},"16":{"start":{"line":111,"column":8},"end":{"line":111,"column":38}},"17":{"start":{"line":115,"column":8},"end":{"line":115,"column":36}},"18":{"start":{"line":116,"column":8},"end":{"line":116,"column":3914}},"19":{"start":{"line":121,"column":8},"end":{"line":121,"column":4048}},"20":{"start":{"line":127,"column":8},"end":{"line":127,"column":19}},"21":{"start":{"line":131,"column":8},"end":{"line":131,"column":38}},"22":{"start":{"line":135,"column":8},"end":{"line":135,"column":38}},"23":{"start":{"line":143,"column":8},"end":{"line":143,"column":4608}},"24":{"start":{"line":146,"column":12},"end":{"line":146,"column":43}},"25":{"start":{"line":148,"column":12},"end":{"line":148,"column":43}},"26":{"start":{"line":155,"column":8},"end":{"line":155,"column":26}},"27":{"start":{"line":159,"column":8},"end":{"line":159,"column":24}},"28":{"start":{"line":163,"column":8},"end":{"line":163,"column":19}},"29":{"start":{"line":167,"column":8},"end":{"line":167,"column":19}},"30":{"start":{"line":171,"column":8},"end":{"line":171,"column":24}}},"branchMap":{"1":{"line":18,"type":"if","locations":[{"start":{"line":18,"column":59},"end":{"line":18,"column":59}},{"start":{"line":18,"column":59},"end":{"line":18,"column":59}}]},"2":{"line":28,"type":"if","locations":[{"start":{"line":28,"column":8},"end":{"line":28,"column":8}},{"start":{"line":28,"column":8},"end":{"line":28,"column":8}}]},"3":{"line":33,"type":"if","locations":[{"start":{"line":33,"column":12},"end":{"line":33,"column":12}},{"start":{"line":33,"column":12},"end":{"line":33,"column":12}}]},"4":{"line":37,"type":"if","locations":[{"start":{"line":37,"column":12},"end":{"line":37,"column":12}},{"start":{"line":37,"column":12},"end":{"line":37,"column":12}}]},"5":{"line":67,"type":"if","locations":[{"start":{"line":67,"column":12},"end":{"line":67,"column":12}},{"start":{"line":67,"column":12},"end":{"line":67,"column":12}}]},"6":{"line":68,"type":"if","locations":[{"start":{"line":68,"column":16},"end":{"line":68,"column":16}},{"start":{"line":68,"column":16},"end":{"line":68,"column":16}}]},"7":{"line":76,"type":"if","locations":[{"start":{"line":76,"column":20},"end":{"line":76,"column":20}},{"start":{"line":76,"column":20},"end":{"line":76,"column":20}}]},"8":{"line":82,"type":"if","locations":[{"start":{"line":82,"column":19},"end":{"line":82,"column":19}},{"start":{"line":82,"column":19},"end":{"line":82,"column":19}}]},"9":{"line":84,"type":"if","locations":[{"start":{"line":84,"column":16},"end":{"line":84,"column":16}},{"start":{"line":84,"column":16},"end":{"line":84,"column":16}}]},"10":{"line":92,"type":"if","locations":[{"start":{"line":92,"column":20},"end":{"line":92,"column":20}},{"start":{"line":92,"column":20},"end":{"line":92,"column":20}}]},"11":{"line":116,"type":"if","locations":[{"start":{"line":116,"column":8},"end":{"line":116,"column":8}},{"start":{"line":116,"column":8},"end":{"line":116,"column":8}}]},"12":{"line":121,"type":"if","locations":[{"start":{"line":121,"column":8},"end":{"line":121,"column":8}},{"start":{"line":121,"column":8},"end":{"line":121,"column":8}}]},"13":{"line":142,"type":"if","locations":[{"start":{"line":142,"column":24},"end":{"line":142,"column":24}},{"start":{"line":142,"column":24},"end":{"line":142,"column":24}}]},"14":{"line":143,"type":"if","locations":[{"start":{"line":143,"column":8},"end":{"line":143,"column":8}},{"start":{"line":143,"column":8},"end":{"line":143,"column":8}}]},"15":{"line":154,"type":"if","locations":[{"start":{"line":154,"column":24},"end":{"line":154,"column":24}},{"start":{"line":154,"column":24},"end":{"line":154,"column":24}}]}}},"contracts/library/Rate.sol":{"l":{"10":0,"11":0,"13":0,"21":0,"22":0,"23":0,"31":0,"32":0,"33":0,"37":0},"path":"/Users/sg/Documents/workspace/svylabs/stablebase/contracts/library/Rate.sol","s":{"1":0,"2":0,"3":0,"4":0,"5":0,"6":0},"b":{"1":[0,0],"2":[0,0]},"f":{"1":0,"2":0,"3":0,"4":0},"fnMap":{"1":{"name":"calculateRate","line":7,"loc":{"start":{"line":7,"column":4},"end":{"line":14,"column":4}}},"2":{"name":"add","line":16,"loc":{"start":{"line":16,"column":4},"end":{"line":24,"column":4}}},"3":{"name":"subtract","line":26,"loc":{"start":{"line":26,"column":4},"end":{"line":34,"column":4}}},"4":{"name":"isZero","line":36,"loc":{"start":{"line":36,"column":4},"end":{"line":38,"column":4}}}},"statementMap":{"1":{"start":{"line":10,"column":8},"end":{"line":10,"column":225}},"2":{"start":{"line":11,"column":12},"end":{"line":11,"column":20}},"3":{"start":{"line":13,"column":8},"end":{"line":13,"column":70}},"4":{"start":{"line":23,"column":8},"end":{"line":23,"column":19}},"5":{"start":{"line":33,"column":8},"end":{"line":33,"column":19}},"6":{"start":{"line":37,"column":8},"end":{"line":37,"column":61}}},"branchMap":{"1":{"line":10,"type":"if","locations":[{"start":{"line":10,"column":8},"end":{"line":10,"column":8}},{"start":{"line":10,"column":8},"end":{"line":10,"column":8}}]},"2":{"line":37,"type":"cond-expr","locations":[{"start":{"line":37,"column":15},"end":{"line":37,"column":35}},{"start":{"line":37,"column":40},"end":{"line":37,"column":60}}]}}},"contracts/MockDebtContract.sol":{"l":{"16":11,"20":11,"24":0,"25":0,"26":0,"33":0,"34":0,"36":0,"37":0,"38":0},"path":"/Users/sg/Documents/workspace/svylabs/stablebase/contracts/MockDebtContract.sol","s":{"1":0,"2":0,"3":0,"4":0,"5":0,"6":0,"7":0,"8":0},"b":{"1":[0,0]},"f":{"1":11,"2":11,"3":0,"4":0},"fnMap":{"1":{"name":"constructor","line":15,"loc":{"start":{"line":15,"column":4},"end":{"line":17,"column":4}}},"2":{"name":"setPool","line":19,"loc":{"start":{"line":19,"column":4},"end":{"line":21,"column":4}}},"3":{"name":"addReward","line":23,"loc":{"start":{"line":23,"column":4},"end":{"line":27,"column":4}}},"4":{"name":"liquidate","line":29,"loc":{"start":{"line":29,"column":4},"end":{"line":39,"column":4}}}},"statementMap":{"1":{"start":{"line":24,"column":8},"end":{"line":24,"column":68}},"2":{"start":{"line":25,"column":8},"end":{"line":25,"column":51}},"3":{"start":{"line":26,"column":8},"end":{"line":26,"column":30}},"4":{"start":{"line":33,"column":8},"end":{"line":33,"column":46}},"5":{"start":{"line":34,"column":8},"end":{"line":34,"column":52}},"6":{"start":{"line":36,"column":8},"end":{"line":36,"column":44}},"7":{"start":{"line":37,"column":8},"end":{"line":37,"column":50}},"8":{"start":{"line":38,"column":8},"end":{"line":38,"column":22}}},"branchMap":{"1":{"line":34,"type":"if","locations":[{"start":{"line":34,"column":8},"end":{"line":34,"column":8}},{"start":{"line":34,"column":8},"end":{"line":34,"column":8}}]}}},"contracts/SBDToken.sol":{"l":{"17":22,"21":113,"25":6,"26":6,"27":6,"29":6,"31":6,"33":6},"path":"/Users/sg/Documents/workspace/svylabs/stablebase/contracts/SBDToken.sol","s":{"1":22,"2":113,"3":6,"4":6,"5":6,"6":6,"7":6},"b":{"1":[22,0],"2":[113,0],"3":[6,0],"4":[6,0],"5":[6,0],"6":[6,0]},"f":{"1":33,"2":22,"3":113,"4":6},"fnMap":{"1":{"name":"constructor","line":14,"loc":{"start":{"line":14,"column":4},"end":{"line":14,"column":70}}},"2":{"name":"setAddresses","line":16,"loc":{"start":{"line":16,"column":4},"end":{"line":18,"column":4}}},"3":{"name":"mint","line":20,"loc":{"start":{"line":20,"column":4},"end":{"line":22,"column":4}}},"4":{"name":"burn","line":24,"loc":{"start":{"line":24,"column":4},"end":{"line":34,"column":4}}}},"statementMap":{"1":{"start":{"line":17,"column":8},"end":{"line":17,"column":40}},"2":{"start":{"line":21,"column":8},"end":{"line":21,"column":24}},"3":{"start":{"line":25,"column":8},"end":{"line":25,"column":53}},"4":{"start":{"line":26,"column":8},"end":{"line":26,"column":59}},"5":{"start":{"line":27,"column":8},"end":{"line":27,"column":65}},"6":{"start":{"line":29,"column":8},"end":{"line":29,"column":26}},"7":{"start":{"line":33,"column":8},"end":{"line":33,"column":31}}},"branchMap":{"1":{"line":16,"type":"if","locations":[{"start":{"line":16,"column":59},"end":{"line":16,"column":59}},{"start":{"line":16,"column":59},"end":{"line":16,"column":59}}]},"2":{"line":20,"type":"if","locations":[{"start":{"line":20,"column":55},"end":{"line":20,"column":55}},{"start":{"line":20,"column":55},"end":{"line":20,"column":55}}]},"3":{"line":24,"type":"if","locations":[{"start":{"line":24,"column":57},"end":{"line":24,"column":57}},{"start":{"line":24,"column":57},"end":{"line":24,"column":57}}]},"4":{"line":25,"type":"if","locations":[{"start":{"line":25,"column":8},"end":{"line":25,"column":8}},{"start":{"line":25,"column":8},"end":{"line":25,"column":8}}]},"5":{"line":26,"type":"if","locations":[{"start":{"line":26,"column":8},"end":{"line":26,"column":8}},{"start":{"line":26,"column":8},"end":{"line":26,"column":8}}]},"6":{"line":27,"type":"if","locations":[{"start":{"line":27,"column":8},"end":{"line":27,"column":8}},{"start":{"line":27,"column":8},"end":{"line":27,"column":8}}]}}},"contracts/SBRStaking.sol":{"l":{"27":11,"28":11,"29":11,"31":11,"35":0,"36":0,"37":0,"39":0,"41":0,"42":0,"44":0,"48":0,"49":0,"50":0,"52":0,"54":0,"55":0,"56":0,"58":0,"62":8,"66":8,"67":8,"68":8,"70":0,"71":0,"72":0,"73":0,"79":0,"83":0,"84":0,"85":0,"89":0,"91":0,"92":0,"94":0,"95":0,"96":0,"98":0,"99":0,"102":0,"106":0,"107":0,"113":0,"119":0,"120":0},"path":"/Users/sg/Documents/workspace/svylabs/stablebase/contracts/SBRStaking.sol","s":{"1":11,"2":0,"3":0,"4":0,"5":0,"6":0,"7":0,"8":0,"9":0,"10":0,"11":0,"12":0,"13":8,"14":8,"15":8,"16":8,"17":0,"18":0,"19":0,"20":0,"21":0,"22":0,"23":0,"24":0,"25":0,"26":0,"27":0,"28":0,"29":0,"30":0,"31":0,"32":0,"33":0,"34":0},"b":{"1":[11,0],"2":[0,0],"3":[0,0],"4":[0,0],"5":[8,0],"6":[8,0],"7":[0,0],"8":[0,0],"9":[0,0],"10":[0,0]},"f":{"1":11,"2":11,"3":0,"4":0,"5":8,"6":0,"7":0,"8":0,"9":0,"10":0},"fnMap":{"1":{"name":"constructor","line":20,"loc":{"start":{"line":20,"column":4},"end":{"line":20,"column":39}}},"2":{"name":"setAddresses","line":26,"loc":{"start":{"line":22,"column":4},"end":{"line":32,"column":4}}},"3":{"name":"stake","line":34,"loc":{"start":{"line":34,"column":4},"end":{"line":45,"column":4}}},"4":{"name":"unstake","line":47,"loc":{"start":{"line":47,"column":4},"end":{"line":59,"column":4}}},"5":{"name":"addReward","line":61,"loc":{"start":{"line":61,"column":4},"end":{"line":75,"column":4}}},"6":{"name":"addCollateralReward","line":77,"loc":{"start":{"line":77,"column":4},"end":{"line":86,"column":4}}},"7":{"name":"_claim","line":88,"loc":{"start":{"line":88,"column":4},"end":{"line":103,"column":4}}},"8":{"name":"claim","line":105,"loc":{"start":{"line":105,"column":4},"end":{"line":108,"column":4}}},"9":{"name":"getStake","line":110,"loc":{"start":{"line":110,"column":4},"end":{"line":114,"column":4}}},"10":{"name":"userPendingReward","line":116,"loc":{"start":{"line":116,"column":4},"end":{"line":123,"column":4}}}},"statementMap":{"1":{"start":{"line":31,"column":8},"end":{"line":31,"column":26}},"2":{"start":{"line":35,"column":8},"end":{"line":35,"column":55}},"3":{"start":{"line":36,"column":8},"end":{"line":36,"column":47}},"4":{"start":{"line":37,"column":8},"end":{"line":37,"column":19}},"5":{"start":{"line":39,"column":8},"end":{"line":39,"column":68}},"6":{"start":{"line":44,"column":8},"end":{"line":44,"column":40}},"7":{"start":{"line":48,"column":8},"end":{"line":48,"column":57}},"8":{"start":{"line":49,"column":8},"end":{"line":49,"column":47}},"9":{"start":{"line":50,"column":8},"end":{"line":50,"column":19}},"10":{"start":{"line":52,"column":8},"end":{"line":52,"column":63}},"11":{"start":{"line":56,"column":8},"end":{"line":56,"column":49}},"12":{"start":{"line":58,"column":8},"end":{"line":58,"column":42}},"13":{"start":{"line":62,"column":8},"end":{"line":62,"column":1753}},"14":{"start":{"line":66,"column":8},"end":{"line":66,"column":37}},"15":{"start":{"line":67,"column":8},"end":{"line":67,"column":1921}},"16":{"start":{"line":68,"column":12},"end":{"line":68,"column":24}},"17":{"start":{"line":70,"column":12},"end":{"line":70,"column":71}},"18":{"start":{"line":72,"column":12},"end":{"line":72,"column":37}},"19":{"start":{"line":73,"column":12},"end":{"line":73,"column":23}},"20":{"start":{"line":79,"column":8},"end":{"line":79,"column":2368}},"21":{"start":{"line":83,"column":8},"end":{"line":83,"column":72}},"22":{"start":{"line":85,"column":8},"end":{"line":85,"column":43}},"23":{"start":{"line":89,"column":8},"end":{"line":89,"column":2784}},"24":{"start":{"line":92,"column":8},"end":{"line":92,"column":2971}},"25":{"start":{"line":95,"column":8},"end":{"line":95,"column":3103}},"26":{"start":{"line":96,"column":12},"end":{"line":96,"column":51}},"27":{"start":{"line":98,"column":8},"end":{"line":98,"column":3193}},"28":{"start":{"line":99,"column":12},"end":{"line":99,"column":57}},"29":{"start":{"line":102,"column":8},"end":{"line":102,"column":58}},"30":{"start":{"line":106,"column":8},"end":{"line":106,"column":47}},"31":{"start":{"line":107,"column":8},"end":{"line":107,"column":19}},"32":{"start":{"line":113,"column":8},"end":{"line":113,"column":27}},"33":{"start":{"line":119,"column":8},"end":{"line":119,"column":42}},"34":{"start":{"line":120,"column":8},"end":{"line":120,"column":3770}}},"branchMap":{"1":{"line":26,"type":"if","locations":[{"start":{"line":26,"column":15},"end":{"line":26,"column":15}},{"start":{"line":26,"column":15},"end":{"line":26,"column":15}}]},"2":{"line":35,"type":"if","locations":[{"start":{"line":35,"column":8},"end":{"line":35,"column":8}},{"start":{"line":35,"column":8},"end":{"line":35,"column":8}}]},"3":{"line":48,"type":"if","locations":[{"start":{"line":48,"column":8},"end":{"line":48,"column":8}},{"start":{"line":48,"column":8},"end":{"line":48,"column":8}}]},"4":{"line":52,"type":"if","locations":[{"start":{"line":52,"column":8},"end":{"line":52,"column":8}},{"start":{"line":52,"column":8},"end":{"line":52,"column":8}}]},"5":{"line":62,"type":"if","locations":[{"start":{"line":62,"column":8},"end":{"line":62,"column":8}},{"start":{"line":62,"column":8},"end":{"line":62,"column":8}}]},"6":{"line":67,"type":"if","locations":[{"start":{"line":67,"column":8},"end":{"line":67,"column":8}},{"start":{"line":67,"column":8},"end":{"line":67,"column":8}}]},"7":{"line":79,"type":"if","locations":[{"start":{"line":79,"column":8},"end":{"line":79,"column":8}},{"start":{"line":79,"column":8},"end":{"line":79,"column":8}}]},"8":{"line":83,"type":"if","locations":[{"start":{"line":83,"column":8},"end":{"line":83,"column":8}},{"start":{"line":83,"column":8},"end":{"line":83,"column":8}}]},"9":{"line":95,"type":"if","locations":[{"start":{"line":95,"column":8},"end":{"line":95,"column":8}},{"start":{"line":95,"column":8},"end":{"line":95,"column":8}}]},"10":{"line":98,"type":"if","locations":[{"start":{"line":98,"column":8},"end":{"line":98,"column":8}},{"start":{"line":98,"column":8},"end":{"line":98,"column":8}}]}}},"contracts/SBRToken.sol":{"l":{"17":11,"21":1,"25":0,"26":0,"27":0,"29":0,"31":0,"33":0},"path":"/Users/sg/Documents/workspace/svylabs/stablebase/contracts/SBRToken.sol","s":{"1":11,"2":1,"3":0,"4":0,"5":0,"6":0,"7":0},"b":{"1":[11,0],"2":[1,0],"3":[0,0],"4":[0,0],"5":[0,0]},"f":{"1":11,"2":11,"3":1,"4":0},"fnMap":{"1":{"name":"constructor","line":14,"loc":{"start":{"line":14,"column":4},"end":{"line":14,"column":74}}},"2":{"name":"setAddresses","line":16,"loc":{"start":{"line":16,"column":4},"end":{"line":18,"column":4}}},"3":{"name":"mint","line":20,"loc":{"start":{"line":20,"column":4},"end":{"line":22,"column":4}}},"4":{"name":"burn","line":24,"loc":{"start":{"line":24,"column":4},"end":{"line":34,"column":4}}}},"statementMap":{"1":{"start":{"line":17,"column":8},"end":{"line":17,"column":40}},"2":{"start":{"line":21,"column":8},"end":{"line":21,"column":24}},"3":{"start":{"line":25,"column":8},"end":{"line":25,"column":53}},"4":{"start":{"line":26,"column":8},"end":{"line":26,"column":59}},"5":{"start":{"line":27,"column":8},"end":{"line":27,"column":65}},"6":{"start":{"line":29,"column":8},"end":{"line":29,"column":26}},"7":{"start":{"line":33,"column":8},"end":{"line":33,"column":31}}},"branchMap":{"1":{"line":16,"type":"if","locations":[{"start":{"line":16,"column":59},"end":{"line":16,"column":59}},{"start":{"line":16,"column":59},"end":{"line":16,"column":59}}]},"2":{"line":20,"type":"if","locations":[{"start":{"line":20,"column":55},"end":{"line":20,"column":55}},{"start":{"line":20,"column":55},"end":{"line":20,"column":55}}]},"3":{"line":25,"type":"if","locations":[{"start":{"line":25,"column":8},"end":{"line":25,"column":8}},{"start":{"line":25,"column":8},"end":{"line":25,"column":8}}]},"4":{"line":26,"type":"if","locations":[{"start":{"line":26,"column":8},"end":{"line":26,"column":8}},{"start":{"line":26,"column":8},"end":{"line":26,"column":8}}]},"5":{"line":27,"type":"if","locations":[{"start":{"line":27,"column":8},"end":{"line":27,"column":8}},{"start":{"line":27,"column":8},"end":{"line":27,"column":8}}]}}},"contracts/StabilityPool.sol":{"l":{"61":27,"62":27,"72":22,"73":22,"74":22,"76":22,"80":8,"85":26,"86":25,"87":25,"89":25,"91":25,"92":25,"94":25,"99":7,"100":6,"101":6,"103":6,"105":5,"106":5,"108":5,"110":5,"114":58,"115":34,"117":58,"118":58,"119":58,"123":43,"124":32,"126":32,"127":1,"128":1,"133":32,"134":32,"135":32,"139":32,"141":32,"145":11,"146":11,"147":11,"152":0,"153":0,"156":0,"157":0,"158":0,"161":0,"166":27,"167":27,"174":17,"177":16,"178":16,"179":5,"181":11,"183":11,"187":11,"188":9,"191":11,"192":11,"198":0,"217":10,"219":9,"222":9,"224":9,"227":9,"230":9,"235":9,"237":9,"238":2,"239":2,"245":2,"246":2,"247":2,"248":2,"249":2,"250":2,"251":2,"254":9,"255":9,"261":58,"262":39,"266":58,"267":58,"281":58,"282":39,"289":58,"290":58,"291":58,"293":58,"294":17,"296":58,"297":13,"299":58,"300":15,"315":194,"316":150,"320":150,"325":150,"331":44,"334":44,"340":44,"346":44,"353":44,"357":44,"358":13,"359":13,"362":13,"365":13,"369":31,"370":31,"373":31,"383":83,"384":83,"390":72,"391":72,"395":83,"396":83,"402":72,"403":72,"409":24,"410":24,"411":0,"413":24,"420":119,"421":94,"426":25,"429":25,"434":25,"435":9,"436":9,"438":16,"449":104,"450":104,"451":80,"452":80},"path":"/Users/sg/Documents/workspace/svylabs/stablebase/contracts/StabilityPool.sol","s":{"1":27,"2":22,"3":26,"4":25,"5":25,"6":25,"7":25,"8":7,"9":6,"10":6,"11":6,"12":5,"13":5,"14":58,"15":34,"16":58,"17":58,"18":58,"19":43,"20":32,"21":32,"22":32,"23":32,"24":32,"25":11,"26":0,"27":0,"28":0,"29":0,"30":0,"31":27,"32":27,"33":17,"34":16,"35":16,"36":5,"37":11,"38":11,"39":9,"40":11,"41":11,"42":0,"43":10,"44":9,"45":9,"46":9,"47":9,"48":2,"49":2,"50":2,"51":9,"52":9,"53":58,"54":58,"55":58,"56":17,"57":58,"58":13,"59":58,"60":15,"61":194,"62":44,"63":44,"64":44,"65":83,"66":83,"67":72,"68":72,"69":83,"70":83,"71":72,"72":72,"73":24,"74":24,"75":0,"76":24,"77":119,"78":25,"79":25,"80":104,"81":80},"b":{"1":[27,0],"2":[22,0],"3":[25,1],"4":[6,1],"5":[5,1],"6":[34,24],"7":[32,11],"8":[1,31],"9":[32,0],"10":[11,0],"11":[0,0],"12":[0,0],"13":[17,0],"14":[16,1],"15":[5,11],"16":[9,2],"17":[10,0],"18":[9,1],"19":[2,7],"20":[39,19],"21":[39,19],"22":[17,41],"23":[13,45],"24":[15,43],"25":[150,44],"26":[13,31],"27":[0,24],"28":[94,25],"29":[9,16],"30":[80,24]},"f":{"1":27,"2":22,"3":22,"4":26,"5":7,"6":58,"7":43,"8":0,"9":27,"10":17,"11":0,"12":10,"13":58,"14":58,"15":194,"16":83,"17":72,"18":83,"19":72,"20":24,"21":119,"22":104},"fnMap":{"1":{"name":"onlyDebtContract","line":60,"loc":{"start":{"line":60,"column":4},"end":{"line":63,"column":4}}},"2":{"name":"constructor","line":65,"loc":{"start":{"line":65,"column":4},"end":{"line":65,"column":39}}},"3":{"name":"setAddresses","line":71,"loc":{"start":{"line":67,"column":4},"end":{"line":77,"column":4}}},"4":{"name":"stake","line":84,"loc":{"start":{"line":84,"column":4},"end":{"line":95,"column":4}}},"5":{"name":"unstake","line":98,"loc":{"start":{"line":98,"column":4},"end":{"line":111,"column":4}}},"6":{"name":"_claim","line":113,"loc":{"start":{"line":113,"column":4},"end":{"line":120,"column":4}}},"7":{"name":"_addSBRRewards","line":122,"loc":{"start":{"line":122,"column":4},"end":{"line":149,"column":4}}},"8":{"name":"_claimSBRTokens","line":151,"loc":{"start":{"line":151,"column":4},"end":{"line":162,"column":4}}},"9":{"name":"claim","line":165,"loc":{"start":{"line":165,"column":4},"end":{"line":168,"column":4}}},"10":{"name":"addReward","line":173,"loc":{"start":{"line":171,"column":4},"end":{"line":193,"column":4}}},"11":{"name":"isLiquidationPossible","line":195,"loc":{"start":{"line":195,"column":4},"end":{"line":199,"column":4}}},"12":{"name":"performLiquidation","line":214,"loc":{"start":{"line":211,"column":4},"end":{"line":256,"column":4}}},"13":{"name":"_updateUserStake","line":258,"loc":{"start":{"line":258,"column":4},"end":{"line":268,"column":4}}},"14":{"name":"_updateRewards","line":271,"loc":{"start":{"line":271,"column":4},"end":{"line":302,"column":4}}},"15":{"name":"userPendingRewardAndCollateral","line":304,"loc":{"start":{"line":304,"column":4},"end":{"line":378,"column":4}}},"16":{"name":"userPendingReward","line":380,"loc":{"start":{"line":380,"column":4},"end":{"line":385,"column":4}}},"17":{"name":"userPendingCollateral","line":387,"loc":{"start":{"line":387,"column":4},"end":{"line":392,"column":4}}},"18":{"name":"userPendingReward","line":394,"loc":{"start":{"line":394,"column":4},"end":{"line":397,"column":4}}},"19":{"name":"userPendingCollateral","line":399,"loc":{"start":{"line":399,"column":4},"end":{"line":404,"column":4}}},"20":{"name":"userPendingRewardAndCollateral","line":406,"loc":{"start":{"line":406,"column":4},"end":{"line":415,"column":4}}},"21":{"name":"_getUserEffectiveStake","line":417,"loc":{"start":{"line":417,"column":4},"end":{"line":446,"column":4}}},"22":{"name":"getUser","line":448,"loc":{"start":{"line":448,"column":4},"end":{"line":454,"column":4}}}},"statementMap":{"1":{"start":{"line":61,"column":8},"end":{"line":61,"column":78}},"2":{"start":{"line":76,"column":8},"end":{"line":76,"column":26}},"3":{"start":{"line":85,"column":8},"end":{"line":85,"column":55}},"4":{"start":{"line":86,"column":8},"end":{"line":86,"column":49}},"5":{"start":{"line":87,"column":8},"end":{"line":87,"column":19}},"6":{"start":{"line":89,"column":8},"end":{"line":89,"column":68}},"7":{"start":{"line":94,"column":8},"end":{"line":94,"column":40}},"8":{"start":{"line":99,"column":8},"end":{"line":99,"column":57}},"9":{"start":{"line":100,"column":8},"end":{"line":100,"column":49}},"10":{"start":{"line":101,"column":8},"end":{"line":101,"column":19}},"11":{"start":{"line":103,"column":8},"end":{"line":103,"column":63}},"12":{"start":{"line":108,"column":8},"end":{"line":108,"column":49}},"13":{"start":{"line":110,"column":8},"end":{"line":110,"column":42}},"14":{"start":{"line":114,"column":8},"end":{"line":114,"column":3937}},"15":{"start":{"line":115,"column":12},"end":{"line":115,"column":27}},"16":{"start":{"line":117,"column":8},"end":{"line":117,"column":69}},"17":{"start":{"line":118,"column":8},"end":{"line":118,"column":29}},"18":{"start":{"line":119,"column":8},"end":{"line":119,"column":58}},"19":{"start":{"line":123,"column":8},"end":{"line":123,"column":4262}},"20":{"start":{"line":124,"column":12},"end":{"line":124,"column":4378}},"21":{"start":{"line":126,"column":12},"end":{"line":126,"column":4444}},"22":{"start":{"line":133,"column":12},"end":{"line":133,"column":65}},"23":{"start":{"line":134,"column":12},"end":{"line":134,"column":4821}},"24":{"start":{"line":139,"column":16},"end":{"line":139,"column":71}},"25":{"start":{"line":142,"column":15},"end":{"line":142,"column":5188}},"26":{"start":{"line":152,"column":8},"end":{"line":152,"column":5574}},"27":{"start":{"line":153,"column":12},"end":{"line":153,"column":5690}},"28":{"start":{"line":156,"column":12},"end":{"line":156,"column":5848}},"29":{"start":{"line":157,"column":16},"end":{"line":157,"column":57}},"30":{"start":{"line":158,"column":16},"end":{"line":158,"column":66}},"31":{"start":{"line":166,"column":8},"end":{"line":166,"column":49}},"32":{"start":{"line":167,"column":8},"end":{"line":167,"column":19}},"33":{"start":{"line":174,"column":8},"end":{"line":174,"column":63}},"34":{"start":{"line":177,"column":8},"end":{"line":177,"column":48}},"35":{"start":{"line":178,"column":8},"end":{"line":178,"column":6622}},"36":{"start":{"line":179,"column":12},"end":{"line":179,"column":24}},"37":{"start":{"line":181,"column":8},"end":{"line":181,"column":68}},"38":{"start":{"line":187,"column":8},"end":{"line":187,"column":6898}},"39":{"start":{"line":188,"column":12},"end":{"line":188,"column":27}},"40":{"start":{"line":191,"column":8},"end":{"line":191,"column":33}},"41":{"start":{"line":192,"column":8},"end":{"line":192,"column":19}},"42":{"start":{"line":198,"column":8},"end":{"line":198,"column":39}},"43":{"start":{"line":217,"column":8},"end":{"line":217,"column":70}},"44":{"start":{"line":219,"column":8},"end":{"line":219,"column":58}},"45":{"start":{"line":222,"column":8},"end":{"line":222,"column":8259}},"46":{"start":{"line":224,"column":8},"end":{"line":224,"column":8379}},"47":{"start":{"line":237,"column":8},"end":{"line":237,"column":8760}},"48":{"start":{"line":238,"column":12},"end":{"line":238,"column":66}},"49":{"start":{"line":239,"column":12},"end":{"line":239,"column":8907}},"50":{"start":{"line":251,"column":12},"end":{"line":251,"column":71}},"51":{"start":{"line":254,"column":8},"end":{"line":254,"column":53}},"52":{"start":{"line":255,"column":8},"end":{"line":255,"column":19}},"53":{"start":{"line":261,"column":8},"end":{"line":261,"column":9790}},"54":{"start":{"line":281,"column":8},"end":{"line":281,"column":10365}},"55":{"start":{"line":293,"column":8},"end":{"line":293,"column":10776}},"56":{"start":{"line":294,"column":12},"end":{"line":294,"column":59}},"57":{"start":{"line":296,"column":8},"end":{"line":296,"column":10882}},"58":{"start":{"line":297,"column":12},"end":{"line":297,"column":58}},"59":{"start":{"line":299,"column":8},"end":{"line":299,"column":10991}},"60":{"start":{"line":300,"column":12},"end":{"line":300,"column":55}},"61":{"start":{"line":315,"column":8},"end":{"line":315,"column":11361}},"62":{"start":{"line":331,"column":12},"end":{"line":331,"column":12130}},"63":{"start":{"line":353,"column":12},"end":{"line":353,"column":13112}},"64":{"start":{"line":357,"column":12},"end":{"line":357,"column":13215}},"65":{"start":{"line":383,"column":8},"end":{"line":383,"column":74}},"66":{"start":{"line":384,"column":8},"end":{"line":384,"column":28}},"67":{"start":{"line":390,"column":8},"end":{"line":390,"column":78}},"68":{"start":{"line":391,"column":8},"end":{"line":391,"column":32}},"69":{"start":{"line":395,"column":8},"end":{"line":395,"column":44}},"70":{"start":{"line":396,"column":8},"end":{"line":396,"column":38}},"71":{"start":{"line":402,"column":8},"end":{"line":402,"column":44}},"72":{"start":{"line":403,"column":8},"end":{"line":403,"column":42}},"73":{"start":{"line":409,"column":8},"end":{"line":409,"column":44}},"74":{"start":{"line":410,"column":8},"end":{"line":410,"column":15108}},"75":{"start":{"line":411,"column":12},"end":{"line":411,"column":55}},"76":{"start":{"line":413,"column":12},"end":{"line":413,"column":28}},"77":{"start":{"line":420,"column":8},"end":{"line":420,"column":15397}},"78":{"start":{"line":426,"column":12},"end":{"line":426,"column":15651}},"79":{"start":{"line":434,"column":12},"end":{"line":434,"column":15948}},"80":{"start":{"line":450,"column":8},"end":{"line":450,"column":16549}},"81":{"start":{"line":451,"column":12},"end":{"line":451,"column":69}}},"branchMap":{"1":{"line":61,"type":"if","locations":[{"start":{"line":61,"column":8},"end":{"line":61,"column":8}},{"start":{"line":61,"column":8},"end":{"line":61,"column":8}}]},"2":{"line":71,"type":"if","locations":[{"start":{"line":71,"column":15},"end":{"line":71,"column":15}},{"start":{"line":71,"column":15},"end":{"line":71,"column":15}}]},"3":{"line":85,"type":"if","locations":[{"start":{"line":85,"column":8},"end":{"line":85,"column":8}},{"start":{"line":85,"column":8},"end":{"line":85,"column":8}}]},"4":{"line":99,"type":"if","locations":[{"start":{"line":99,"column":8},"end":{"line":99,"column":8}},{"start":{"line":99,"column":8},"end":{"line":99,"column":8}}]},"5":{"line":103,"type":"if","locations":[{"start":{"line":103,"column":8},"end":{"line":103,"column":8}},{"start":{"line":103,"column":8},"end":{"line":103,"column":8}}]},"6":{"line":114,"type":"if","locations":[{"start":{"line":114,"column":8},"end":{"line":114,"column":8}},{"start":{"line":114,"column":8},"end":{"line":114,"column":8}}]},"7":{"line":123,"type":"if","locations":[{"start":{"line":123,"column":8},"end":{"line":123,"column":8}},{"start":{"line":123,"column":8},"end":{"line":123,"column":8}}]},"8":{"line":126,"type":"if","locations":[{"start":{"line":126,"column":12},"end":{"line":126,"column":12}},{"start":{"line":126,"column":12},"end":{"line":126,"column":12}}]},"9":{"line":134,"type":"if","locations":[{"start":{"line":134,"column":12},"end":{"line":134,"column":12}},{"start":{"line":134,"column":12},"end":{"line":134,"column":12}}]},"10":{"line":142,"type":"if","locations":[{"start":{"line":142,"column":15},"end":{"line":142,"column":15}},{"start":{"line":142,"column":15},"end":{"line":142,"column":15}}]},"11":{"line":152,"type":"if","locations":[{"start":{"line":152,"column":8},"end":{"line":152,"column":8}},{"start":{"line":152,"column":8},"end":{"line":152,"column":8}}]},"12":{"line":156,"type":"if","locations":[{"start":{"line":156,"column":12},"end":{"line":156,"column":12}},{"start":{"line":156,"column":12},"end":{"line":156,"column":12}}]},"13":{"line":173,"type":"if","locations":[{"start":{"line":173,"column":15},"end":{"line":173,"column":15}},{"start":{"line":173,"column":15},"end":{"line":173,"column":15}}]},"14":{"line":174,"type":"if","locations":[{"start":{"line":174,"column":8},"end":{"line":174,"column":8}},{"start":{"line":174,"column":8},"end":{"line":174,"column":8}}]},"15":{"line":178,"type":"if","locations":[{"start":{"line":178,"column":8},"end":{"line":178,"column":8}},{"start":{"line":178,"column":8},"end":{"line":178,"column":8}}]},"16":{"line":187,"type":"if","locations":[{"start":{"line":187,"column":8},"end":{"line":187,"column":8}},{"start":{"line":187,"column":8},"end":{"line":187,"column":8}}]},"17":{"line":214,"type":"if","locations":[{"start":{"line":214,"column":15},"end":{"line":214,"column":15}},{"start":{"line":214,"column":15},"end":{"line":214,"column":15}}]},"18":{"line":217,"type":"if","locations":[{"start":{"line":217,"column":8},"end":{"line":217,"column":8}},{"start":{"line":217,"column":8},"end":{"line":217,"column":8}}]},"19":{"line":237,"type":"if","locations":[{"start":{"line":237,"column":8},"end":{"line":237,"column":8}},{"start":{"line":237,"column":8},"end":{"line":237,"column":8}}]},"20":{"line":261,"type":"if","locations":[{"start":{"line":261,"column":8},"end":{"line":261,"column":8}},{"start":{"line":261,"column":8},"end":{"line":261,"column":8}}]},"21":{"line":281,"type":"if","locations":[{"start":{"line":281,"column":8},"end":{"line":281,"column":8}},{"start":{"line":281,"column":8},"end":{"line":281,"column":8}}]},"22":{"line":293,"type":"if","locations":[{"start":{"line":293,"column":8},"end":{"line":293,"column":8}},{"start":{"line":293,"column":8},"end":{"line":293,"column":8}}]},"23":{"line":296,"type":"if","locations":[{"start":{"line":296,"column":8},"end":{"line":296,"column":8}},{"start":{"line":296,"column":8},"end":{"line":296,"column":8}}]},"24":{"line":299,"type":"if","locations":[{"start":{"line":299,"column":8},"end":{"line":299,"column":8}},{"start":{"line":299,"column":8},"end":{"line":299,"column":8}}]},"25":{"line":315,"type":"if","locations":[{"start":{"line":315,"column":8},"end":{"line":315,"column":8}},{"start":{"line":315,"column":8},"end":{"line":315,"column":8}}]},"26":{"line":357,"type":"if","locations":[{"start":{"line":357,"column":12},"end":{"line":357,"column":12}},{"start":{"line":357,"column":12},"end":{"line":357,"column":12}}]},"27":{"line":410,"type":"if","locations":[{"start":{"line":410,"column":8},"end":{"line":410,"column":8}},{"start":{"line":410,"column":8},"end":{"line":410,"column":8}}]},"28":{"line":420,"type":"if","locations":[{"start":{"line":420,"column":8},"end":{"line":420,"column":8}},{"start":{"line":420,"column":8},"end":{"line":420,"column":8}}]},"29":{"line":434,"type":"if","locations":[{"start":{"line":434,"column":12},"end":{"line":434,"column":12}},{"start":{"line":434,"column":12},"end":{"line":434,"column":12}}]},"30":{"line":450,"type":"if","locations":[{"start":{"line":450,"column":8},"end":{"line":450,"column":8}},{"start":{"line":450,"column":8},"end":{"line":450,"column":8}}]}}},"contracts/StableBase.sol":{"l":{"73":11,"74":11,"75":11,"76":11,"78":11,"81":11,"84":11,"85":11,"86":11,"98":16,"102":16,"103":16,"105":16,"106":13,"108":7,"110":6,"116":6,"119":3,"123":3,"124":3,"127":3,"131":3,"132":2,"135":16,"136":0,"138":16,"139":16,"142":16,"144":16,"150":16,"156":16,"157":16,"158":16,"159":6,"161":16,"162":4,"163":4,"166":16,"167":16,"178":0,"179":0,"180":0,"182":0,"183":0,"185":0,"187":0,"188":0,"191":0,"193":0,"200":0,"209":0,"211":0,"212":0,"220":0,"221":0,"228":0,"230":0,"231":0,"236":0,"238":0,"239":0,"240":0,"250":0,"251":0,"252":0,"253":0,"254":0,"255":0,"257":0,"259":0,"260":0,"267":8,"268":6,"270":8,"271":8,"272":8,"273":8,"274":8,"275":0,"276":0,"277":0,"279":8,"280":8,"281":3,"282":3,"284":8,"285":8,"286":4,"294":0,"295":0,"298":0,"309":22,"312":22,"315":22,"316":22,"320":22,"324":22,"325":22,"328":22,"329":22,"331":22},"path":"/Users/sg/Documents/workspace/svylabs/stablebase/contracts/StableBase.sol","s":{"1":11,"2":11,"3":11,"4":16,"5":16,"6":16,"7":16,"8":13,"9":6,"10":3,"11":3,"12":3,"13":3,"14":3,"15":16,"16":0,"17":16,"18":16,"19":16,"20":16,"21":16,"22":16,"23":16,"24":16,"25":4,"26":16,"27":0,"28":0,"29":0,"30":0,"31":0,"32":0,"33":0,"34":0,"35":0,"36":0,"37":0,"38":0,"39":0,"40":0,"41":0,"42":0,"43":0,"44":0,"45":0,"46":0,"47":0,"48":0,"49":0,"50":8,"51":6,"52":8,"53":8,"54":8,"55":8,"56":8,"57":8,"58":8,"59":8,"60":4,"61":22,"62":22,"63":22,"64":22},"b":{"1":[11,0],"2":[16,0],"3":[13,3],"4":[7,6],"5":[2,1],"6":[0,16],"7":[6,10],"8":[4,12],"9":[0,0],"10":[0,0],"11":[0,0],"12":[6,2],"13":[0,8],"14":[3,5],"15":[8,0],"16":[4,4]},"f":{"1":11,"2":11,"3":16,"4":0,"5":0,"6":0,"7":0,"8":8,"9":0,"10":22},"fnMap":{"1":{"name":"constructor","line":63,"loc":{"start":{"line":63,"column":4},"end":{"line":63,"column":75}}},"2":{"name":"setAddresses","line":72,"loc":{"start":{"line":65,"column":4},"end":{"line":87,"column":4}}},"3":{"name":"handleBorrow","line":89,"loc":{"start":{"line":89,"column":4},"end":{"line":168,"column":4}}},"4":{"name":"_redeemNode","line":170,"loc":{"start":{"line":170,"column":4},"end":{"line":201,"column":4}}},"5":{"name":"_redeemSafes","line":203,"loc":{"start":{"line":203,"column":4},"end":{"line":232,"column":4}}},"6":{"name":"_redeemToUser","line":234,"loc":{"start":{"line":234,"column":4},"end":{"line":241,"column":4}}},"7":{"name":"redeemSafe","line":243,"loc":{"start":{"line":243,"column":4},"end":{"line":261,"column":4}}},"8":{"name":"distributeFees","line":263,"loc":{"start":{"line":263,"column":4},"end":{"line":288,"column":4}}},"9":{"name":"distributeDebtAndCollateral","line":290,"loc":{"start":{"line":290,"column":4},"end":{"line":301,"column":4}}},"10":{"name":"_updateSafe","line":304,"loc":{"start":{"line":304,"column":4},"end":{"line":332,"column":4}}}},"statementMap":{"1":{"start":{"line":84,"column":8},"end":{"line":84,"column":68}},"2":{"start":{"line":85,"column":8},"end":{"line":85,"column":66}},"3":{"start":{"line":86,"column":8},"end":{"line":86,"column":26}},"4":{"start":{"line":98,"column":8},"end":{"line":98,"column":3244}},"5":{"start":{"line":102,"column":8},"end":{"line":102,"column":79}},"6":{"start":{"line":103,"column":8},"end":{"line":103,"column":71}},"7":{"start":{"line":105,"column":8},"end":{"line":105,"column":3549}},"8":{"start":{"line":106,"column":12},"end":{"line":106,"column":3597}},"9":{"start":{"line":110,"column":16},"end":{"line":110,"column":3807}},"10":{"start":{"line":119,"column":12},"end":{"line":119,"column":4357}},"11":{"start":{"line":123,"column":12},"end":{"line":123,"column":54}},"12":{"start":{"line":124,"column":12},"end":{"line":124,"column":4655}},"13":{"start":{"line":127,"column":12},"end":{"line":127,"column":4794}},"14":{"start":{"line":131,"column":12},"end":{"line":131,"column":5002}},"15":{"start":{"line":135,"column":8},"end":{"line":135,"column":5115}},"16":{"start":{"line":136,"column":12},"end":{"line":136,"column":69}},"17":{"start":{"line":138,"column":8},"end":{"line":138,"column":53}},"18":{"start":{"line":142,"column":8},"end":{"line":142,"column":69}},"19":{"start":{"line":144,"column":8},"end":{"line":144,"column":5468}},"20":{"start":{"line":150,"column":8},"end":{"line":150,"column":5608}},"21":{"start":{"line":156,"column":8},"end":{"line":156,"column":23}},"22":{"start":{"line":157,"column":8},"end":{"line":157,"column":25}},"23":{"start":{"line":158,"column":8},"end":{"line":158,"column":5796}},"24":{"start":{"line":161,"column":8},"end":{"line":161,"column":5911}},"25":{"start":{"line":163,"column":12},"end":{"line":163,"column":51}},"26":{"start":{"line":166,"column":8},"end":{"line":166,"column":49}},"27":{"start":{"line":178,"column":8},"end":{"line":178,"column":52}},"28":{"start":{"line":179,"column":8},"end":{"line":179,"column":33}},"29":{"start":{"line":180,"column":8},"end":{"line":180,"column":6658}},"30":{"start":{"line":182,"column":8},"end":{"line":182,"column":6730}},"31":{"start":{"line":185,"column":8},"end":{"line":185,"column":6842}},"32":{"start":{"line":187,"column":12},"end":{"line":187,"column":53}},"33":{"start":{"line":188,"column":12},"end":{"line":188,"column":54}},"34":{"start":{"line":191,"column":12},"end":{"line":191,"column":7183}},"35":{"start":{"line":193,"column":12},"end":{"line":193,"column":7272}},"36":{"start":{"line":200,"column":8},"end":{"line":200,"column":68}},"37":{"start":{"line":209,"column":8},"end":{"line":209,"column":58}},"38":{"start":{"line":211,"column":8},"end":{"line":211,"column":7936}},"39":{"start":{"line":212,"column":12},"end":{"line":212,"column":8018}},"40":{"start":{"line":220,"column":12},"end":{"line":220,"column":63}},"41":{"start":{"line":231,"column":8},"end":{"line":231,"column":25}},"42":{"start":{"line":236,"column":8},"end":{"line":236,"column":8881}},"43":{"start":{"line":238,"column":8},"end":{"line":238,"column":54}},"44":{"start":{"line":239,"column":8},"end":{"line":239,"column":47}},"45":{"start":{"line":240,"column":8},"end":{"line":240,"column":64}},"46":{"start":{"line":250,"column":8},"end":{"line":250,"column":76}},"47":{"start":{"line":255,"column":8},"end":{"line":255,"column":9714}},"48":{"start":{"line":257,"column":12},"end":{"line":257,"column":52}},"49":{"start":{"line":260,"column":8},"end":{"line":260,"column":33}},"50":{"start":{"line":267,"column":8},"end":{"line":267,"column":10069}},"51":{"start":{"line":268,"column":12},"end":{"line":268,"column":44}},"52":{"start":{"line":270,"column":8},"end":{"line":270,"column":62}},"53":{"start":{"line":271,"column":8},"end":{"line":271,"column":38}},"54":{"start":{"line":273,"column":8},"end":{"line":273,"column":65}},"55":{"start":{"line":274,"column":8},"end":{"line":274,"column":10342}},"56":{"start":{"line":279,"column":8},"end":{"line":279,"column":66}},"57":{"start":{"line":280,"column":8},"end":{"line":280,"column":10564}},"58":{"start":{"line":284,"column":8},"end":{"line":284,"column":57}},"59":{"start":{"line":285,"column":8},"end":{"line":285,"column":10743}},"60":{"start":{"line":286,"column":12},"end":{"line":286,"column":50}},"61":{"start":{"line":309,"column":8},"end":{"line":309,"column":11506}},"62":{"start":{"line":312,"column":8},"end":{"line":312,"column":11683}},"63":{"start":{"line":320,"column":8},"end":{"line":320,"column":11991}},"64":{"start":{"line":331,"column":8},"end":{"line":331,"column":20}}},"branchMap":{"1":{"line":72,"type":"if","locations":[{"start":{"line":72,"column":15},"end":{"line":72,"column":15}},{"start":{"line":72,"column":15},"end":{"line":72,"column":15}}]},"2":{"line":98,"type":"if","locations":[{"start":{"line":98,"column":8},"end":{"line":98,"column":8}},{"start":{"line":98,"column":8},"end":{"line":98,"column":8}}]},"3":{"line":105,"type":"if","locations":[{"start":{"line":105,"column":8},"end":{"line":105,"column":8}},{"start":{"line":105,"column":8},"end":{"line":105,"column":8}}]},"4":{"line":106,"type":"if","locations":[{"start":{"line":106,"column":12},"end":{"line":106,"column":12}},{"start":{"line":106,"column":12},"end":{"line":106,"column":12}}]},"5":{"line":131,"type":"if","locations":[{"start":{"line":131,"column":12},"end":{"line":131,"column":12}},{"start":{"line":131,"column":12},"end":{"line":131,"column":12}}]},"6":{"line":135,"type":"if","locations":[{"start":{"line":135,"column":8},"end":{"line":135,"column":8}},{"start":{"line":135,"column":8},"end":{"line":135,"column":8}}]},"7":{"line":158,"type":"if","locations":[{"start":{"line":158,"column":8},"end":{"line":158,"column":8}},{"start":{"line":158,"column":8},"end":{"line":158,"column":8}}]},"8":{"line":161,"type":"if","locations":[{"start":{"line":161,"column":8},"end":{"line":161,"column":8}},{"start":{"line":161,"column":8},"end":{"line":161,"column":8}}]},"9":{"line":182,"type":"if","locations":[{"start":{"line":182,"column":8},"end":{"line":182,"column":8}},{"start":{"line":182,"column":8},"end":{"line":182,"column":8}}]},"10":{"line":185,"type":"if","locations":[{"start":{"line":185,"column":8},"end":{"line":185,"column":8}},{"start":{"line":185,"column":8},"end":{"line":185,"column":8}}]},"11":{"line":255,"type":"if","locations":[{"start":{"line":255,"column":8},"end":{"line":255,"column":8}},{"start":{"line":255,"column":8},"end":{"line":255,"column":8}}]},"12":{"line":267,"type":"if","locations":[{"start":{"line":267,"column":8},"end":{"line":267,"column":8}},{"start":{"line":267,"column":8},"end":{"line":267,"column":8}}]},"13":{"line":274,"type":"if","locations":[{"start":{"line":274,"column":8},"end":{"line":274,"column":8}},{"start":{"line":274,"column":8},"end":{"line":274,"column":8}}]},"14":{"line":280,"type":"if","locations":[{"start":{"line":280,"column":8},"end":{"line":280,"column":8}},{"start":{"line":280,"column":8},"end":{"line":280,"column":8}}]},"15":{"line":284,"type":"if","locations":[{"start":{"line":284,"column":8},"end":{"line":284,"column":8}},{"start":{"line":284,"column":8},"end":{"line":284,"column":8}}]},"16":{"line":285,"type":"if","locations":[{"start":{"line":285,"column":8},"end":{"line":285,"column":8}},{"start":{"line":285,"column":8},"end":{"line":285,"column":8}}]}}},"contracts/StableBaseCDP.sol":{"l":{"24":17,"25":17,"27":16,"33":16,"37":16,"38":16,"39":16,"41":16,"42":16,"52":0,"53":0,"54":0,"58":0,"60":0,"62":0,"63":0,"64":0,"78":18,"79":18,"80":18,"83":18,"86":18,"91":18,"96":16,"106":16,"115":2,"116":2,"117":2,"118":2,"121":2,"125":2,"126":2,"127":2,"128":2,"129":1,"135":1,"136":1,"138":2,"145":0,"146":0,"147":0,"148":0,"150":0,"151":0,"160":0,"161":0,"162":0,"164":0,"166":0,"169":0,"172":0,"175":0,"183":0,"187":0,"188":0,"190":0,"196":0,"197":0,"198":0,"205":0,"211":0,"212":0,"213":0,"215":0,"223":2,"224":2,"226":2,"227":2,"228":2,"229":2,"231":2,"232":2,"234":2,"239":2,"240":2,"242":1,"244":2,"248":0,"249":0,"250":0,"252":0,"253":0,"258":0,"259":0,"260":0,"263":0,"267":0,"272":0,"275":0,"276":0,"281":0,"283":0,"288":0,"293":0,"294":0,"297":0,"299":0,"300":0,"301":0,"305":23,"306":23,"307":22},"path":"/Users/sg/Documents/workspace/svylabs/stablebase/contracts/StableBaseCDP.sol","s":{"1":17,"2":17,"3":16,"4":16,"5":16,"6":16,"7":0,"8":0,"9":0,"10":0,"11":0,"12":0,"13":0,"14":18,"15":18,"16":18,"17":18,"18":18,"19":18,"20":16,"21":16,"22":2,"23":2,"24":2,"25":2,"26":2,"27":2,"28":2,"29":2,"30":1,"31":1,"32":1,"33":0,"34":0,"35":0,"36":0,"37":0,"38":0,"39":0,"40":0,"41":0,"42":0,"43":0,"44":0,"45":0,"46":0,"47":0,"48":0,"49":0,"50":0,"51":0,"52":2,"53":2,"54":2,"55":2,"56":2,"57":2,"58":2,"59":2,"60":2,"61":2,"62":1,"63":2,"64":0,"65":0,"66":0,"67":0,"68":0,"69":0,"70":0,"71":0,"72":0,"73":0,"74":0,"75":0,"76":0,"77":0,"78":0,"79":0,"80":0,"81":0,"82":0,"83":23,"84":23},"b":{"1":[17,0],"2":[16,1],"3":[0,0],"4":[0,0],"5":[18,1],"6":[18,0],"7":[16,2],"8":[2,0],"9":[2,0],"10":[2,0],"11":[2,0],"12":[1,1],"13":[0,0],"14":[0,0],"15":[0,0],"16":[0,0],"17":[0,0],"18":[0,0],"19":[0,0],"20":[0,0],"21":[0,0],"22":[0,0],"23":[2,0],"24":[2,0],"25":[2,0],"26":[1,1],"27":[0,0],"28":[0,0],"29":[0,0],"30":[0,0],"31":[22,1]},"f":{"1":11,"2":17,"3":0,"4":18,"5":2,"6":0,"7":0,"8":0,"9":2,"10":0,"11":23},"fnMap":{"1":{"name":"constructor","line":13,"loc":{"start":{"line":13,"column":4},"end":{"line":13,"column":32}}},"2":{"name":"openSafe","line":23,"loc":{"start":{"line":23,"column":4},"end":{"line":43,"column":4}}},"3":{"name":"closeSafe","line":51,"loc":{"start":{"line":51,"column":4},"end":{"line":65,"column":4}}},"4":{"name":"borrow","line":77,"loc":{"start":{"line":71,"column":4},"end":{"line":107,"column":4}}},"5":{"name":"repay","line":114,"loc":{"start":{"line":110,"column":4},"end":{"line":139,"column":4}}},"6":{"name":"depositCollateral","line":144,"loc":{"start":{"line":141,"column":4},"end":{"line":152,"column":4}}},"7":{"name":"withdrawCollateral","line":159,"loc":{"start":{"line":155,"column":4},"end":{"line":191,"column":4}}},"8":{"name":"redeem","line":195,"loc":{"start":{"line":195,"column":4},"end":{"line":216,"column":4}}},"9":{"name":"feeTopup","line":222,"loc":{"start":{"line":218,"column":4},"end":{"line":245,"column":4}}},"10":{"name":"liquidate","line":247,"loc":{"start":{"line":247,"column":4},"end":{"line":302,"column":4}}},"11":{"name":"_onlyOwner","line":304,"loc":{"start":{"line":304,"column":4},"end":{"line":308,"column":4}}}},"statementMap":{"1":{"start":{"line":24,"column":8},"end":{"line":24,"column":60}},"2":{"start":{"line":25,"column":8},"end":{"line":25,"column":63}},"3":{"start":{"line":27,"column":8},"end":{"line":27,"column":888}},"4":{"start":{"line":33,"column":8},"end":{"line":33,"column":1075}},"5":{"start":{"line":41,"column":8},"end":{"line":41,"column":33}},"6":{"start":{"line":42,"column":8},"end":{"line":42,"column":51}},"7":{"start":{"line":52,"column":8},"end":{"line":52,"column":51}},"8":{"start":{"line":53,"column":8},"end":{"line":53,"column":32}},"9":{"start":{"line":54,"column":8},"end":{"line":54,"column":2000}},"10":{"start":{"line":58,"column":8},"end":{"line":58,"column":56}},"11":{"start":{"line":62,"column":8},"end":{"line":62,"column":20}},"12":{"start":{"line":63,"column":8},"end":{"line":63,"column":30}},"13":{"start":{"line":64,"column":8},"end":{"line":64,"column":53}},"14":{"start":{"line":78,"column":8},"end":{"line":78,"column":51}},"15":{"start":{"line":79,"column":8},"end":{"line":79,"column":32}},"16":{"start":{"line":80,"column":8},"end":{"line":80,"column":64}},"17":{"start":{"line":83,"column":8},"end":{"line":83,"column":46}},"18":{"start":{"line":86,"column":8},"end":{"line":86,"column":3047}},"19":{"start":{"line":91,"column":8},"end":{"line":91,"column":3218}},"20":{"start":{"line":96,"column":8},"end":{"line":96,"column":3354}},"21":{"start":{"line":106,"column":8},"end":{"line":106,"column":48}},"22":{"start":{"line":115,"column":8},"end":{"line":115,"column":52}},"23":{"start":{"line":116,"column":8},"end":{"line":116,"column":33}},"24":{"start":{"line":117,"column":8},"end":{"line":117,"column":71}},"25":{"start":{"line":118,"column":8},"end":{"line":118,"column":76}},"26":{"start":{"line":121,"column":8},"end":{"line":121,"column":4113}},"27":{"start":{"line":125,"column":8},"end":{"line":125,"column":40}},"28":{"start":{"line":127,"column":8},"end":{"line":127,"column":73}},"29":{"start":{"line":128,"column":8},"end":{"line":128,"column":4398}},"30":{"start":{"line":129,"column":12},"end":{"line":129,"column":4436}},"31":{"start":{"line":135,"column":12},"end":{"line":135,"column":52}},"32":{"start":{"line":136,"column":12},"end":{"line":136,"column":51}},"33":{"start":{"line":145,"column":8},"end":{"line":145,"column":51}},"34":{"start":{"line":146,"column":8},"end":{"line":146,"column":32}},"35":{"start":{"line":147,"column":8},"end":{"line":147,"column":64}},"36":{"start":{"line":148,"column":8},"end":{"line":148,"column":53}},"37":{"start":{"line":160,"column":8},"end":{"line":160,"column":51}},"38":{"start":{"line":161,"column":8},"end":{"line":161,"column":32}},"39":{"start":{"line":162,"column":8},"end":{"line":162,"column":70}},"40":{"start":{"line":164,"column":8},"end":{"line":164,"column":5538}},"41":{"start":{"line":166,"column":12},"end":{"line":166,"column":50}},"42":{"start":{"line":169,"column":12},"end":{"line":169,"column":5800}},"43":{"start":{"line":172,"column":12},"end":{"line":172,"column":70}},"44":{"start":{"line":175,"column":12},"end":{"line":175,"column":6116}},"45":{"start":{"line":183,"column":12},"end":{"line":183,"column":78}},"46":{"start":{"line":190,"column":8},"end":{"line":190,"column":43}},"47":{"start":{"line":196,"column":8},"end":{"line":196,"column":59}},"48":{"start":{"line":197,"column":8},"end":{"line":197,"column":40}},"49":{"start":{"line":198,"column":8},"end":{"line":198,"column":7056}},"50":{"start":{"line":211,"column":8},"end":{"line":211,"column":33}},"51":{"start":{"line":215,"column":8},"end":{"line":215,"column":14}},"52":{"start":{"line":223,"column":8},"end":{"line":223,"column":51}},"53":{"start":{"line":224,"column":8},"end":{"line":224,"column":32}},"54":{"start":{"line":226,"column":8},"end":{"line":226,"column":64}},"55":{"start":{"line":227,"column":8},"end":{"line":227,"column":56}},"56":{"start":{"line":228,"column":8},"end":{"line":228,"column":78}},"57":{"start":{"line":229,"column":8},"end":{"line":229,"column":65}},"58":{"start":{"line":232,"column":8},"end":{"line":232,"column":60}},"59":{"start":{"line":234,"column":8},"end":{"line":234,"column":8432}},"60":{"start":{"line":239,"column":8},"end":{"line":239,"column":58}},"61":{"start":{"line":240,"column":8},"end":{"line":240,"column":8631}},"62":{"start":{"line":242,"column":12},"end":{"line":242,"column":51}},"63":{"start":{"line":244,"column":8},"end":{"line":244,"column":58}},"64":{"start":{"line":248,"column":8},"end":{"line":248,"column":62}},"65":{"start":{"line":249,"column":8},"end":{"line":249,"column":52}},"66":{"start":{"line":250,"column":8},"end":{"line":250,"column":33}},"67":{"start":{"line":252,"column":8},"end":{"line":252,"column":64}},"68":{"start":{"line":253,"column":8},"end":{"line":253,"column":9181}},"69":{"start":{"line":258,"column":8},"end":{"line":258,"column":56}},"70":{"start":{"line":259,"column":8},"end":{"line":259,"column":73}},"71":{"start":{"line":260,"column":8},"end":{"line":260,"column":9465}},"72":{"start":{"line":263,"column":8},"end":{"line":263,"column":9602}},"73":{"start":{"line":267,"column":8},"end":{"line":267,"column":9719}},"74":{"start":{"line":272,"column":8},"end":{"line":272,"column":9908}},"75":{"start":{"line":275,"column":8},"end":{"line":275,"column":9977}},"76":{"start":{"line":276,"column":12},"end":{"line":276,"column":10009}},"77":{"start":{"line":281,"column":12},"end":{"line":281,"column":69}},"78":{"start":{"line":283,"column":12},"end":{"line":283,"column":10342}},"79":{"start":{"line":288,"column":12},"end":{"line":288,"column":10575}},"80":{"start":{"line":293,"column":8},"end":{"line":293,"column":49}},"81":{"start":{"line":294,"column":8},"end":{"line":294,"column":48}},"82":{"start":{"line":299,"column":8},"end":{"line":299,"column":51}},"83":{"start":{"line":305,"column":8},"end":{"line":305,"column":41}},"84":{"start":{"line":306,"column":8},"end":{"line":306,"column":52}}},"branchMap":{"1":{"line":24,"type":"if","locations":[{"start":{"line":24,"column":8},"end":{"line":24,"column":8}},{"start":{"line":24,"column":8},"end":{"line":24,"column":8}}]},"2":{"line":25,"type":"if","locations":[{"start":{"line":25,"column":8},"end":{"line":25,"column":8}},{"start":{"line":25,"column":8},"end":{"line":25,"column":8}}]},"3":{"line":51,"type":"if","locations":[{"start":{"line":51,"column":48},"end":{"line":51,"column":48}},{"start":{"line":51,"column":48},"end":{"line":51,"column":48}}]},"4":{"line":54,"type":"if","locations":[{"start":{"line":54,"column":8},"end":{"line":54,"column":8}},{"start":{"line":54,"column":8},"end":{"line":54,"column":8}}]},"5":{"line":77,"type":"if","locations":[{"start":{"line":77,"column":15},"end":{"line":77,"column":15}},{"start":{"line":77,"column":15},"end":{"line":77,"column":15}}]},"6":{"line":80,"type":"if","locations":[{"start":{"line":80,"column":8},"end":{"line":80,"column":8}},{"start":{"line":80,"column":8},"end":{"line":80,"column":8}}]},"7":{"line":91,"type":"if","locations":[{"start":{"line":91,"column":8},"end":{"line":91,"column":8}},{"start":{"line":91,"column":8},"end":{"line":91,"column":8}}]},"8":{"line":114,"type":"if","locations":[{"start":{"line":114,"column":15},"end":{"line":114,"column":15}},{"start":{"line":114,"column":15},"end":{"line":114,"column":15}}]},"9":{"line":117,"type":"if","locations":[{"start":{"line":117,"column":8},"end":{"line":117,"column":8}},{"start":{"line":117,"column":8},"end":{"line":117,"column":8}}]},"10":{"line":118,"type":"if","locations":[{"start":{"line":118,"column":8},"end":{"line":118,"column":8}},{"start":{"line":118,"column":8},"end":{"line":118,"column":8}}]},"11":{"line":121,"type":"if","locations":[{"start":{"line":121,"column":8},"end":{"line":121,"column":8}},{"start":{"line":121,"column":8},"end":{"line":121,"column":8}}]},"12":{"line":128,"type":"if","locations":[{"start":{"line":128,"column":8},"end":{"line":128,"column":8}},{"start":{"line":128,"column":8},"end":{"line":128,"column":8}}]},"13":{"line":144,"type":"if","locations":[{"start":{"line":144,"column":23},"end":{"line":144,"column":23}},{"start":{"line":144,"column":23},"end":{"line":144,"column":23}}]},"14":{"line":147,"type":"if","locations":[{"start":{"line":147,"column":8},"end":{"line":147,"column":8}},{"start":{"line":147,"column":8},"end":{"line":147,"column":8}}]},"15":{"line":148,"type":"if","locations":[{"start":{"line":148,"column":8},"end":{"line":148,"column":8}},{"start":{"line":148,"column":8},"end":{"line":148,"column":8}}]},"16":{"line":159,"type":"if","locations":[{"start":{"line":159,"column":15},"end":{"line":159,"column":15}},{"start":{"line":159,"column":15},"end":{"line":159,"column":15}}]},"17":{"line":162,"type":"if","locations":[{"start":{"line":162,"column":8},"end":{"line":162,"column":8}},{"start":{"line":162,"column":8},"end":{"line":162,"column":8}}]},"18":{"line":164,"type":"if","locations":[{"start":{"line":164,"column":8},"end":{"line":164,"column":8}},{"start":{"line":164,"column":8},"end":{"line":164,"column":8}}]},"19":{"line":172,"type":"if","locations":[{"start":{"line":172,"column":12},"end":{"line":172,"column":12}},{"start":{"line":172,"column":12},"end":{"line":172,"column":12}}]},"20":{"line":175,"type":"if","locations":[{"start":{"line":175,"column":12},"end":{"line":175,"column":12}},{"start":{"line":175,"column":12},"end":{"line":175,"column":12}}]},"21":{"line":183,"type":"if","locations":[{"start":{"line":183,"column":12},"end":{"line":183,"column":12}},{"start":{"line":183,"column":12},"end":{"line":183,"column":12}}]},"22":{"line":196,"type":"if","locations":[{"start":{"line":196,"column":8},"end":{"line":196,"column":8}},{"start":{"line":196,"column":8},"end":{"line":196,"column":8}}]},"23":{"line":222,"type":"if","locations":[{"start":{"line":222,"column":15},"end":{"line":222,"column":15}},{"start":{"line":222,"column":15},"end":{"line":222,"column":15}}]},"24":{"line":226,"type":"if","locations":[{"start":{"line":226,"column":8},"end":{"line":226,"column":8}},{"start":{"line":226,"column":8},"end":{"line":226,"column":8}}]},"25":{"line":229,"type":"if","locations":[{"start":{"line":229,"column":8},"end":{"line":229,"column":8}},{"start":{"line":229,"column":8},"end":{"line":229,"column":8}}]},"26":{"line":240,"type":"if","locations":[{"start":{"line":240,"column":8},"end":{"line":240,"column":8}},{"start":{"line":240,"column":8},"end":{"line":240,"column":8}}]},"27":{"line":252,"type":"if","locations":[{"start":{"line":252,"column":8},"end":{"line":252,"column":8}},{"start":{"line":252,"column":8},"end":{"line":252,"column":8}}]},"28":{"line":253,"type":"if","locations":[{"start":{"line":253,"column":8},"end":{"line":253,"column":8}},{"start":{"line":253,"column":8},"end":{"line":253,"column":8}}]},"29":{"line":263,"type":"if","locations":[{"start":{"line":263,"column":8},"end":{"line":263,"column":8}},{"start":{"line":263,"column":8},"end":{"line":263,"column":8}}]},"30":{"line":275,"type":"if","locations":[{"start":{"line":275,"column":8},"end":{"line":275,"column":8}},{"start":{"line":275,"column":8},"end":{"line":275,"column":8}}]},"31":{"line":306,"type":"if","locations":[{"start":{"line":306,"column":8},"end":{"line":306,"column":8}},{"start":{"line":306,"column":8},"end":{"line":306,"column":8}}]}}},"contracts/Structures.sol":{"l":{},"path":"/Users/sg/Documents/workspace/svylabs/stablebase/contracts/Structures.sol","s":{},"b":{},"f":{},"fnMap":{},"statementMap":{},"branchMap":{}},"contracts/test/MockV3Aggregator.sol":{"l":{},"path":"/Users/sg/Documents/workspace/svylabs/stablebase/contracts/test/MockV3Aggregator.sol","s":{},"b":{},"f":{},"fnMap":{},"statementMap":{},"branchMap":{}},"contracts/tests/TestMath.sol":{"l":{"11":5,"15":1,"19":1},"path":"/Users/sg/Documents/workspace/svylabs/stablebase/contracts/tests/TestMath.sol","s":{"1":1},"b":{},"f":{"1":5,"2":1,"3":1},"fnMap":{"1":{"name":"addValue","line":10,"loc":{"start":{"line":10,"column":4},"end":{"line":12,"column":4}}},"2":{"name":"subtractValue","line":14,"loc":{"start":{"line":14,"column":4},"end":{"line":16,"column":4}}},"3":{"name":"calculateRate","line":18,"loc":{"start":{"line":18,"column":4},"end":{"line":20,"column":4}}}},"statementMap":{"1":{"start":{"line":19,"column":8},"end":{"line":19,"column":39}}},"branchMap":{}},"contracts/Utilities.sol":{"l":{"12":0,"20":0,"22":0,"25":0,"37":0,"39":0,"42":0,"58":0,"59":0,"61":0,"63":0},"path":"/Users/sg/Documents/workspace/svylabs/stablebase/contracts/Utilities.sol","s":{"1":0,"2":0,"3":0,"4":0,"5":0,"6":0,"7":0,"8":0,"9":0,"10":0,"11":0,"12":0},"b":{"1":[0,0],"2":[0,0],"3":[0,0],"4":[0,0],"5":[0,0],"6":[0,0],"7":[0,0]},"f":{"1":0,"2":0,"3":0,"4":0},"fnMap":{"1":{"name":"getSafeId","line":8,"loc":{"start":{"line":8,"column":4},"end":{"line":13,"column":4}}},"2":{"name":"depositEthOrToken","line":15,"loc":{"start":{"line":15,"column":4},"end":{"line":30,"column":4}}},"3":{"name":"withdrawEthOrToken","line":32,"loc":{"start":{"line":32,"column":4},"end":{"line":47,"column":4}}},"4":{"name":"getRateAtPosition","line":54,"loc":{"start":{"line":54,"column":4},"end":{"line":65,"column":4}}}},"statementMap":{"1":{"start":{"line":12,"column":8},"end":{"line":12,"column":61}},"2":{"start":{"line":20,"column":8},"end":{"line":20,"column":480}},"3":{"start":{"line":22,"column":12},"end":{"line":22,"column":66}},"4":{"start":{"line":25,"column":12},"end":{"line":25,"column":655}},"5":{"start":{"line":37,"column":8},"end":{"line":37,"column":930}},"6":{"start":{"line":39,"column":12},"end":{"line":39,"column":41}},"7":{"start":{"line":42,"column":12},"end":{"line":42,"column":1080}},"8":{"start":{"line":58,"column":8},"end":{"line":58,"column":1583}},"9":{"start":{"line":59,"column":12},"end":{"line":59,"column":50}},"10":{"start":{"line":60,"column":15},"end":{"line":60,"column":1672}},"11":{"start":{"line":61,"column":12},"end":{"line":61,"column":62}},"12":{"start":{"line":63,"column":12},"end":{"line":63,"column":37}}},"branchMap":{"1":{"line":20,"type":"if","locations":[{"start":{"line":20,"column":8},"end":{"line":20,"column":8}},{"start":{"line":20,"column":8},"end":{"line":20,"column":8}}]},"2":{"line":22,"type":"if","locations":[{"start":{"line":22,"column":12},"end":{"line":22,"column":12}},{"start":{"line":22,"column":12},"end":{"line":22,"column":12}}]},"3":{"line":25,"type":"if","locations":[{"start":{"line":25,"column":12},"end":{"line":25,"column":12}},{"start":{"line":25,"column":12},"end":{"line":25,"column":12}}]},"4":{"line":37,"type":"if","locations":[{"start":{"line":37,"column":8},"end":{"line":37,"column":8}},{"start":{"line":37,"column":8},"end":{"line":37,"column":8}}]},"5":{"line":42,"type":"if","locations":[{"start":{"line":42,"column":12},"end":{"line":42,"column":12}},{"start":{"line":42,"column":12},"end":{"line":42,"column":12}}]},"6":{"line":58,"type":"if","locations":[{"start":{"line":58,"column":8},"end":{"line":58,"column":8}},{"start":{"line":58,"column":8},"end":{"line":58,"column":8}}]},"7":{"line":60,"type":"if","locations":[{"start":{"line":60,"column":15},"end":{"line":60,"column":15}},{"start":{"line":60,"column":15},"end":{"line":60,"column":15}}]}}}}