TN:
SF:/Users/sg/Documents/workspace/svylabs/stablebase/contracts/Constants.sol
FNF:0
FNH:0
LF:0
LH:0
BRF:0
BRH:0
end_of_record
TN:
SF:/Users/sg/Documents/workspace/svylabs/stablebase/contracts/dependencies/price-oracle/ChainlinkPriceOracle.sol
FN:14,constructor
FN:22,getPrice
FNF:2
FNH:0
FNDA:0,constructor
FNDA:0,getPrice
DA:15,0
DA:23,0
DA:31,0
DA:32,0
LF:4
LH:0
BRDA:31,1,0,0
BRDA:31,1,1,0
BRF:2
BRH:0
end_of_record
TN:
SF:/Users/sg/Documents/workspace/svylabs/stablebase/contracts/dependencies/price-oracle/MockPriceOracle.sol
FN:8,constructor
FN:10,setPrice
FN:14,getPrice
FNF:3
FNH:3
FNDA:9,constructor
FNDA:7,setPrice
FNDA:12,getPrice
DA:11,7
DA:15,12
LF:2
LH:2
BRF:0
BRH:0
end_of_record
TN:
SF:/Users/sg/Documents/workspace/svylabs/stablebase/contracts/interfaces/IDoublyLinkedList.sol
FNF:0
FNH:0
LF:0
LH:0
BRF:0
BRH:0
end_of_record
TN:
SF:/Users/sg/Documents/workspace/svylabs/stablebase/contracts/interfaces/IPriceOracle.sol
FNF:0
FNH:0
LF:0
LH:0
BRF:0
BRH:0
end_of_record
TN:
SF:/Users/sg/Documents/workspace/svylabs/stablebase/contracts/interfaces/IRateGovernors.sol
FNF:0
FNH:0
LF:0
LH:0
BRF:0
BRH:0
end_of_record
TN:
SF:/Users/sg/Documents/workspace/svylabs/stablebase/contracts/interfaces/IReservePool.sol
FNF:0
FNH:0
LF:0
LH:0
BRF:0
BRH:0
end_of_record
TN:
SF:/Users/sg/Documents/workspace/svylabs/stablebase/contracts/interfaces/ISBRStaking.sol
FNF:0
FNH:0
LF:0
LH:0
BRF:0
BRH:0
end_of_record
TN:
SF:/Users/sg/Documents/workspace/svylabs/stablebase/contracts/interfaces/IStabilityPool.sol
FNF:0
FNH:0
LF:0
LH:0
BRF:0
BRH:0
end_of_record
TN:
SF:/Users/sg/Documents/workspace/svylabs/stablebase/contracts/interfaces/IStableBase.sol
FNF:0
FNH:0
LF:0
LH:0
BRF:0
BRH:0
end_of_record
TN:
SF:/Users/sg/Documents/workspace/svylabs/stablebase/contracts/interfaces/IStableBaseCDP.sol
FNF:0
FNH:0
LF:0
LH:0
BRF:0
BRH:0
end_of_record
TN:
SF:/Users/sg/Documents/workspace/svylabs/stablebase/contracts/library/Math.sol
FN:16,calculateRate
FN:23,add
FN:33,subtract
FN:43,isZero
FN:47,getShieldingHours
FN:63,toSeconds
FNF:6
FNH:3
FNDA:1,calculateRate
FNDA:5,add
FNDA:1,subtract
FNDA:0,isZero
FNDA:0,getShieldingHours
FNDA:0,toSeconds
DA:17,1
DA:18,0
DA:20,1
DA:28,5
DA:29,5
DA:30,5
DA:38,1
DA:39,1
DA:40,1
DA:44,0
DA:51,0
DA:52,0
DA:57,0
DA:64,0
LF:14
LH:8
BRDA:17,1,0,0
BRDA:17,1,1,1
BRDA:44,2,0,0
BRDA:44,2,1,0
BRDA:51,3,0,0
BRDA:51,3,1,0
BRDA:51,4,0,0
BRDA:51,4,1,0
BRF:8
BRH:1
end_of_record
TN:
SF:/Users/sg/Documents/workspace/svylabs/stablebase/contracts/library/OrderedDoublyLinkedList.sol
FN:13,constructor
FN:18,setAddresses
FN:22,_insert
FN:109,_insert
FN:114,_remove
FN:130,_update
FN:142,upsert
FN:154,remove
FN:158,get
FN:162,getHead
FN:166,getTail
FN:170,getNode
FNF:12
FNH:12
FNDA:25,constructor
FNDA:19,setAddresses
FNDA:49,_insert
FNDA:43,_insert
FNDA:9,_remove
FNDA:6,_update
FNDA:49,upsert
FNDA:3,remove
FNDA:5,get
FNDA:26,getHead
FNDA:16,getTail
FNDA:48,getNode
DA:14,25
DA:15,25
DA:19,19
DA:27,49
DA:28,49
DA:29,20
DA:30,20
DA:32,29
DA:33,29
DA:34,16
DA:37,29
DA:42,5
DA:49,29
DA:52,10
DA:59,29
DA:62,11
DA:67,29
DA:68,20
DA:69,7
DA:70,7
DA:71,7
DA:73,13
DA:74,13
DA:75,13
DA:76,13
DA:77,5
DA:79,8
DA:84,6
DA:85,6
DA:86,6
DA:87,6
DA:89,0
DA:90,0
DA:91,0
DA:92,0
DA:93,0
DA:95,0
DA:100,3
DA:101,3
DA:102,3
DA:103,3
DA:106,49
DA:110,43
DA:111,43
DA:115,9
DA:116,9
DA:117,6
DA:119,3
DA:121,9
DA:122,5
DA:124,4
DA:126,9
DA:127,9
DA:131,6
DA:132,6
DA:133,6
DA:134,6
DA:135,6
DA:143,49
DA:146,43
DA:148,6
DA:155,3
DA:159,5
DA:163,26
DA:167,16
DA:171,48
LF:66
LH:60
BRDA:18,1,0,19
BRDA:18,1,1,0
BRDA:28,2,0,20
BRDA:28,2,1,29
BRDA:33,3,0,16
BRDA:33,3,1,13
BRDA:37,4,0,5
BRDA:37,4,1,24
BRDA:67,5,0,20
BRDA:67,5,1,9
BRDA:68,6,0,7
BRDA:68,6,1,13
BRDA:76,7,0,5
BRDA:76,7,1,8
BRDA:82,8,0,6
BRDA:82,8,1,3
BRDA:84,9,0,6
BRDA:84,9,1,0
BRDA:92,10,0,0
BRDA:92,10,1,0
BRDA:116,11,0,6
BRDA:116,11,1,3
BRDA:121,12,0,5
BRDA:121,12,1,4
BRDA:142,13,0,49
BRDA:142,13,1,2
BRDA:143,14,0,43
BRDA:143,14,1,6
BRDA:154,15,0,3
BRDA:154,15,1,0
BRF:30
BRH:25
end_of_record
TN:
SF:/Users/sg/Documents/workspace/svylabs/stablebase/contracts/library/Rate.sol
FN:7,calculateRate
FN:16,add
FN:26,subtract
FN:36,isZero
FNF:4
FNH:0
FNDA:0,calculateRate
FNDA:0,add
FNDA:0,subtract
FNDA:0,isZero
DA:10,0
DA:11,0
DA:13,0
DA:21,0
DA:22,0
DA:23,0
DA:31,0
DA:32,0
DA:33,0
DA:37,0
LF:10
LH:0
BRDA:10,1,0,0
BRDA:10,1,1,0
BRDA:37,2,0,0
BRDA:37,2,1,0
BRF:4
BRH:0
end_of_record
TN:
SF:/Users/sg/Documents/workspace/svylabs/stablebase/contracts/MockDebtContract.sol
FN:15,constructor
FN:19,setPool
FN:23,addReward
FN:29,liquidate
FNF:4
FNH:2
FNDA:11,constructor
FNDA:11,setPool
FNDA:0,addReward
FNDA:0,liquidate
DA:16,11
DA:20,11
DA:24,0
DA:25,0
DA:26,0
DA:33,0
DA:34,0
DA:36,0
DA:37,0
DA:38,0
LF:10
LH:2
BRDA:34,1,0,0
BRDA:34,1,1,0
BRF:2
BRH:0
end_of_record
TN:
SF:/Users/sg/Documents/workspace/svylabs/stablebase/contracts/SBDToken.sol
FN:14,constructor
FN:16,setAddresses
FN:20,mint
FN:24,burn
FNF:4
FNH:4
FNDA:31,constructor
FNDA:20,setAddresses
FNDA:105,mint
FNDA:2,burn
DA:17,20
DA:21,105
DA:25,2
DA:26,2
DA:27,2
DA:29,2
DA:31,2
DA:33,2
LF:8
LH:8
BRDA:16,1,0,20
BRDA:16,1,1,0
BRDA:20,2,0,105
BRDA:20,2,1,0
BRDA:25,3,0,2
BRDA:25,3,1,0
BRDA:26,4,0,2
BRDA:26,4,1,0
BRDA:27,5,0,2
BRDA:27,5,1,0
BRF:10
BRH:5
end_of_record
TN:
SF:/Users/sg/Documents/workspace/svylabs/stablebase/contracts/SBRStaking.sol
FN:20,constructor
FN:26,setAddresses
FN:34,stake
FN:47,unstake
FN:61,addReward
FN:77,addCollateralReward
FN:88,_claim
FN:105,claim
FN:110,getStake
FN:116,userPendingReward
FNF:10
FNH:3
FNDA:9,constructor
FNDA:9,setAddresses
FNDA:0,stake
FNDA:0,unstake
FNDA:6,addReward
FNDA:0,addCollateralReward
FNDA:0,_claim
FNDA:0,claim
FNDA:0,getStake
FNDA:0,userPendingReward
DA:27,9
DA:28,9
DA:29,9
DA:31,9
DA:35,0
DA:36,0
DA:37,0
DA:39,0
DA:41,0
DA:42,0
DA:44,0
DA:48,0
DA:49,0
DA:50,0
DA:52,0
DA:54,0
DA:55,0
DA:56,0
DA:58,0
DA:62,6
DA:66,6
DA:67,6
DA:68,6
DA:70,0
DA:71,0
DA:72,0
DA:73,0
DA:79,0
DA:83,0
DA:84,0
DA:85,0
DA:89,0
DA:91,0
DA:92,0
DA:94,0
DA:95,0
DA:96,0
DA:98,0
DA:99,0
DA:102,0
DA:106,0
DA:107,0
DA:113,0
DA:119,0
DA:120,0
LF:45
LH:8
BRDA:26,1,0,9
BRDA:26,1,1,0
BRDA:35,2,0,0
BRDA:35,2,1,0
BRDA:48,3,0,0
BRDA:48,3,1,0
BRDA:52,4,0,0
BRDA:52,4,1,0
BRDA:62,5,0,6
BRDA:62,5,1,0
BRDA:67,6,0,6
BRDA:67,6,1,0
BRDA:79,7,0,0
BRDA:79,7,1,0
BRDA:83,8,0,0
BRDA:83,8,1,0
BRDA:95,9,0,0
BRDA:95,9,1,0
BRDA:98,10,0,0
BRDA:98,10,1,0
BRF:20
BRH:3
end_of_record
TN:
SF:/Users/sg/Documents/workspace/svylabs/stablebase/contracts/SBRToken.sol
FN:14,constructor
FN:16,setAddresses
FN:20,mint
FN:24,burn
FNF:4
FNH:3
FNDA:9,constructor
FNDA:9,setAddresses
FNDA:1,mint
FNDA:0,burn
DA:17,9
DA:21,1
DA:25,0
DA:26,0
DA:27,0
DA:29,0
DA:31,0
DA:33,0
LF:8
LH:2
BRDA:16,1,0,9
BRDA:16,1,1,0
BRDA:20,2,0,1
BRDA:20,2,1,0
BRDA:25,3,0,0
BRDA:25,3,1,0
BRDA:26,4,0,0
BRDA:26,4,1,0
BRDA:27,5,0,0
BRDA:27,5,1,0
BRF:10
BRH:2
end_of_record
TN:
SF:/Users/sg/Documents/workspace/svylabs/stablebase/contracts/StabilityPool.sol
FN:60,onlyDebtContract
FN:65,constructor
FN:71,setAddresses
FN:84,stake
FN:98,unstake
FN:113,_claim
FN:122,_addSBRRewards
FN:151,_claimSBRTokens
FN:165,claim
FN:173,addReward
FN:195,isLiquidationPossible
FN:214,performLiquidation
FN:258,_updateUserStake
FN:271,_updateRewards
FN:304,userPendingRewardAndCollateral
FN:380,userPendingReward
FN:387,userPendingCollateral
FN:394,userPendingReward
FN:399,userPendingCollateral
FN:406,_getUserEffectiveStake
FN:437,getUser
FNF:21
FNH:19
FNDA:25,onlyDebtContract
FNDA:20,constructor
FNDA:20,setAddresses
FNDA:26,stake
FNDA:7,unstake
FNDA:58,_claim
FNDA:43,_addSBRRewards
FNDA:0,_claimSBRTokens
FNDA:27,claim
FNDA:15,addReward
FNDA:0,isLiquidationPossible
FNDA:10,performLiquidation
FNDA:58,_updateUserStake
FNDA:58,_updateRewards
FNDA:194,userPendingRewardAndCollateral
FNDA:83,userPendingReward
FNDA:72,userPendingCollateral
FNDA:83,userPendingReward
FNDA:72,userPendingCollateral
FNDA:119,_getUserEffectiveStake
FNDA:80,getUser
DA:61,25
DA:62,25
DA:72,20
DA:73,20
DA:74,20
DA:76,20
DA:80,8
DA:85,26
DA:86,25
DA:87,25
DA:89,25
DA:91,25
DA:92,25
DA:94,25
DA:99,7
DA:100,6
DA:101,6
DA:103,6
DA:105,5
DA:106,5
DA:108,5
DA:110,5
DA:114,58
DA:115,34
DA:117,58
DA:118,58
DA:119,58
DA:123,43
DA:124,32
DA:126,32
DA:127,1
DA:128,1
DA:133,32
DA:134,32
DA:135,32
DA:139,32
DA:141,32
DA:145,11
DA:146,11
DA:147,11
DA:152,0
DA:153,0
DA:156,0
DA:157,0
DA:158,0
DA:161,0
DA:166,27
DA:167,27
DA:174,15
DA:177,14
DA:178,14
DA:179,3
DA:181,11
DA:183,11
DA:187,11
DA:188,9
DA:191,11
DA:192,11
DA:198,0
DA:217,10
DA:219,9
DA:222,9
DA:224,9
DA:227,9
DA:230,9
DA:235,9
DA:237,9
DA:238,2
DA:239,2
DA:245,2
DA:246,2
DA:247,2
DA:248,2
DA:249,2
DA:250,2
DA:251,2
DA:254,9
DA:255,9
DA:261,58
DA:262,39
DA:266,58
DA:267,58
DA:281,58
DA:282,39
DA:289,58
DA:290,58
DA:291,58
DA:293,58
DA:294,17
DA:296,58
DA:297,13
DA:299,58
DA:300,15
DA:315,194
DA:316,150
DA:320,150
DA:325,150
DA:331,44
DA:334,44
DA:340,44
DA:346,44
DA:353,44
DA:357,44
DA:358,13
DA:359,13
DA:362,13
DA:365,13
DA:369,31
DA:370,31
DA:373,31
DA:383,83
DA:384,83
DA:390,72
DA:391,72
DA:395,83
DA:396,83
DA:402,72
DA:403,72
DA:409,119
DA:410,94
DA:415,25
DA:418,25
DA:423,25
DA:424,9
DA:425,9
DA:427,16
DA:438,80
DA:439,80
DA:440,80
DA:441,80
LF:130
LH:123
BRDA:61,1,0,25
BRDA:61,1,1,0
BRDA:71,2,0,20
BRDA:71,2,1,0
BRDA:85,3,0,25
BRDA:85,3,1,1
BRDA:99,4,0,6
BRDA:99,4,1,1
BRDA:103,5,0,5
BRDA:103,5,1,1
BRDA:114,6,0,34
BRDA:114,6,1,24
BRDA:123,7,0,32
BRDA:123,7,1,11
BRDA:126,8,0,1
BRDA:126,8,1,31
BRDA:134,9,0,32
BRDA:134,9,1,0
BRDA:142,10,0,11
BRDA:142,10,1,0
BRDA:152,11,0,0
BRDA:152,11,1,0
BRDA:156,12,0,0
BRDA:156,12,1,0
BRDA:173,13,0,15
BRDA:173,13,1,0
BRDA:174,14,0,14
BRDA:174,14,1,1
BRDA:178,15,0,3
BRDA:178,15,1,11
BRDA:187,16,0,9
BRDA:187,16,1,2
BRDA:214,17,0,10
BRDA:214,17,1,0
BRDA:217,18,0,9
BRDA:217,18,1,1
BRDA:237,19,0,2
BRDA:237,19,1,7
BRDA:261,20,0,39
BRDA:261,20,1,19
BRDA:281,21,0,39
BRDA:281,21,1,19
BRDA:293,22,0,17
BRDA:293,22,1,41
BRDA:296,23,0,13
BRDA:296,23,1,45
BRDA:299,24,0,15
BRDA:299,24,1,43
BRDA:315,25,0,150
BRDA:315,25,1,44
BRDA:357,26,0,13
BRDA:357,26,1,31
BRDA:409,27,0,94
BRDA:409,27,1,25
BRDA:423,28,0,9
BRDA:423,28,1,16
BRDA:439,29,0,80
BRDA:439,29,1,0
BRF:58
BRH:47
end_of_record
TN:
SF:/Users/sg/Documents/workspace/svylabs/stablebase/contracts/StableBase.sol
FN:63,constructor
FN:72,setAddresses
FN:89,handleBorrow
FN:170,_redeemNode
FN:203,_redeemSafes
FN:234,_redeemToUser
FN:243,redeemSafe
FN:263,distributeFees
FN:290,distributeDebtAndCollateral
FN:304,_updateSafe
FNF:10
FNH:5
FNDA:9,constructor
FNDA:9,setAddresses
FNDA:10,handleBorrow
FNDA:0,_redeemNode
FNDA:0,_redeemSafes
FNDA:0,_redeemToUser
FNDA:0,redeemSafe
FNDA:6,distributeFees
FNDA:0,distributeDebtAndCollateral
FNDA:14,_updateSafe
DA:73,9
DA:74,9
DA:75,9
DA:76,9
DA:78,9
DA:81,9
DA:84,9
DA:85,9
DA:86,9
DA:98,10
DA:102,10
DA:103,10
DA:105,10
DA:106,7
DA:108,5
DA:110,2
DA:116,2
DA:119,3
DA:123,3
DA:124,3
DA:127,3
DA:131,3
DA:132,2
DA:135,10
DA:136,0
DA:138,10
DA:139,10
DA:142,10
DA:144,10
DA:150,10
DA:156,10
DA:157,10
DA:158,10
DA:159,4
DA:161,10
DA:162,2
DA:163,2
DA:166,10
DA:167,10
DA:178,0
DA:179,0
DA:180,0
DA:182,0
DA:183,0
DA:185,0
DA:187,0
DA:188,0
DA:191,0
DA:193,0
DA:200,0
DA:209,0
DA:211,0
DA:212,0
DA:220,0
DA:221,0
DA:228,0
DA:230,0
DA:231,0
DA:236,0
DA:238,0
DA:239,0
DA:240,0
DA:250,0
DA:251,0
DA:252,0
DA:253,0
DA:254,0
DA:255,0
DA:257,0
DA:259,0
DA:260,0
DA:267,6
DA:268,4
DA:270,6
DA:271,6
DA:272,6
DA:273,6
DA:274,6
DA:275,0
DA:276,0
DA:277,0
DA:279,6
DA:280,6
DA:281,3
DA:282,3
DA:284,6
DA:285,6
DA:286,2
DA:294,0
DA:295,0
DA:298,0
DA:309,14
DA:312,14
DA:315,14
DA:316,14
DA:320,14
DA:324,14
DA:325,14
DA:328,14
DA:329,14
DA:331,14
LF:101
LH:62
BRDA:72,1,0,9
BRDA:72,1,1,0
BRDA:98,2,0,10
BRDA:98,2,1,0
BRDA:105,3,0,7
BRDA:105,3,1,3
BRDA:106,4,0,5
BRDA:106,4,1,2
BRDA:131,5,0,2
BRDA:131,5,1,1
BRDA:135,6,0,0
BRDA:135,6,1,10
BRDA:158,7,0,4
BRDA:158,7,1,6
BRDA:161,8,0,2
BRDA:161,8,1,8
BRDA:182,9,0,0
BRDA:182,9,1,0
BRDA:185,10,0,0
BRDA:185,10,1,0
BRDA:255,11,0,0
BRDA:255,11,1,0
BRDA:267,12,0,4
BRDA:267,12,1,2
BRDA:274,13,0,0
BRDA:274,13,1,6
BRDA:280,14,0,3
BRDA:280,14,1,3
BRDA:284,15,0,6
BRDA:284,15,1,0
BRDA:285,16,0,2
BRDA:285,16,1,4
BRF:32
BRH:21
end_of_record
TN:
SF:/Users/sg/Documents/workspace/svylabs/stablebase/contracts/StableBaseCDP.sol
FN:13,constructor
FN:23,openSafe
FN:51,closeSafe
FN:77,borrow
FN:114,repay
FN:140,depositCollateral
FN:155,withdrawCollateral
FN:191,redeem
FN:218,feeTopup
FN:243,liquidate
FN:300,_onlyOwner
FNF:11
FNH:5
FNDA:9,constructor
FNDA:11,openSafe
FNDA:0,closeSafe
FNDA:12,borrow
FNDA:0,repay
FNDA:0,depositCollateral
FNDA:0,withdrawCollateral
FNDA:0,redeem
FNDA:2,feeTopup
FNDA:0,liquidate
FNDA:15,_onlyOwner
DA:24,11
DA:25,11
DA:27,10
DA:33,10
DA:37,10
DA:38,10
DA:39,10
DA:41,10
DA:42,10
DA:52,0
DA:53,0
DA:54,0
DA:58,0
DA:60,0
DA:62,0
DA:63,0
DA:64,0
DA:78,12
DA:79,12
DA:80,12
DA:83,12
DA:86,12
DA:91,12
DA:96,10
DA:106,10
DA:115,0
DA:116,0
DA:117,0
DA:118,0
DA:121,0
DA:125,0
DA:126,0
DA:127,0
DA:129,0
DA:134,0
DA:141,0
DA:142,0
DA:143,0
DA:144,0
DA:146,0
DA:147,0
DA:156,0
DA:157,0
DA:158,0
DA:160,0
DA:162,0
DA:165,0
DA:168,0
DA:171,0
DA:179,0
DA:183,0
DA:184,0
DA:186,0
DA:192,0
DA:193,0
DA:194,0
DA:201,0
DA:207,0
DA:208,0
DA:209,0
DA:211,0
DA:219,2
DA:220,2
DA:222,2
DA:223,2
DA:224,2
DA:225,2
DA:227,2
DA:228,2
DA:230,2
DA:235,2
DA:236,2
DA:238,1
DA:240,2
DA:244,0
DA:245,0
DA:246,0
DA:248,0
DA:249,0
DA:254,0
DA:255,0
DA:256,0
DA:259,0
DA:263,0
DA:268,0
DA:271,0
DA:272,0
DA:277,0
DA:279,0
DA:284,0
DA:289,0
DA:290,0
DA:293,0
DA:295,0
DA:296,0
DA:297,0
DA:301,15
DA:302,15
DA:303,14
LF:99
LH:33
BRDA:24,1,0,11
BRDA:24,1,1,0
BRDA:25,2,0,10
BRDA:25,2,1,1
BRDA:51,3,0,0
BRDA:51,3,1,0
BRDA:54,4,0,0
BRDA:54,4,1,0
BRDA:77,5,0,12
BRDA:77,5,1,1
BRDA:80,6,0,12
BRDA:80,6,1,0
BRDA:91,7,0,10
BRDA:91,7,1,2
BRDA:114,8,0,0
BRDA:114,8,1,0
BRDA:117,9,0,0
BRDA:117,9,1,0
BRDA:118,10,0,0
BRDA:118,10,1,0
BRDA:121,11,0,0
BRDA:121,11,1,0
BRDA:140,12,0,0
BRDA:140,12,1,0
BRDA:143,13,0,0
BRDA:143,13,1,0
BRDA:144,14,0,0
BRDA:144,14,1,0
BRDA:155,15,0,0
BRDA:155,15,1,0
BRDA:158,16,0,0
BRDA:158,16,1,0
BRDA:160,17,0,0
BRDA:160,17,1,0
BRDA:168,18,0,0
BRDA:168,18,1,0
BRDA:171,19,0,0
BRDA:171,19,1,0
BRDA:179,20,0,0
BRDA:179,20,1,0
BRDA:192,21,0,0
BRDA:192,21,1,0
BRDA:218,22,0,2
BRDA:218,22,1,0
BRDA:222,23,0,2
BRDA:222,23,1,0
BRDA:225,24,0,2
BRDA:225,24,1,0
BRDA:236,25,0,1
BRDA:236,25,1,1
BRDA:248,26,0,0
BRDA:248,26,1,0
BRDA:249,27,0,0
BRDA:249,27,1,0
BRDA:259,28,0,0
BRDA:259,28,1,0
BRDA:271,29,0,0
BRDA:271,29,1,0
BRDA:302,30,0,14
BRDA:302,30,1,1
BRF:60
BRH:15
end_of_record
TN:
SF:/Users/sg/Documents/workspace/svylabs/stablebase/contracts/Structures.sol
FNF:0
FNH:0
LF:0
LH:0
BRF:0
BRH:0
end_of_record
TN:
SF:/Users/sg/Documents/workspace/svylabs/stablebase/contracts/test/MockV3Aggregator.sol
FNF:0
FNH:0
LF:0
LH:0
BRF:0
BRH:0
end_of_record
TN:
SF:/Users/sg/Documents/workspace/svylabs/stablebase/contracts/tests/TestMath.sol
FN:10,addValue
FN:14,subtractValue
FN:18,calculateRate
FNF:3
FNH:3
FNDA:5,addValue
FNDA:1,subtractValue
FNDA:1,calculateRate
DA:11,5
DA:15,1
DA:19,1
LF:3
LH:3
BRF:0
BRH:0
end_of_record
TN:
SF:/Users/sg/Documents/workspace/svylabs/stablebase/contracts/Utilities.sol
FN:8,getSafeId
FN:15,depositEthOrToken
FN:32,withdrawEthOrToken
FN:54,getRateAtPosition
FNF:4
FNH:0
FNDA:0,getSafeId
FNDA:0,depositEthOrToken
FNDA:0,withdrawEthOrToken
FNDA:0,getRateAtPosition
DA:12,0
DA:20,0
DA:22,0
DA:25,0
DA:37,0
DA:39,0
DA:42,0
DA:58,0
DA:59,0
DA:61,0
DA:63,0
LF:11
LH:0
BRDA:20,1,0,0
BRDA:20,1,1,0
BRDA:22,2,0,0
BRDA:22,2,1,0
BRDA:25,3,0,0
BRDA:25,3,1,0
BRDA:37,4,0,0
BRDA:37,4,1,0
BRDA:42,5,0,0
BRDA:42,5,1,0
BRDA:58,6,0,0
BRDA:58,6,1,0
BRDA:60,7,0,0
BRDA:60,7,1,0
BRF:14
BRH:0
end_of_record
